#
# There is insufficient memory for the Java Runtime Environment to continue.
# Native memory allocation (malloc) failed to allocate 303792 bytes for Chunk::new
# Possible reasons:
#   The system is out of physical RAM or swap space
#   The process is running with CompressedOops enabled, and the Java Heap may be blocking the growth of the native heap
# Possible solutions:
#   Reduce memory load on the system
#   Increase physical memory or swap space
#   Check if swap backing store is full
#   Decrease Java heap size (-Xmx/-Xms)
#   Decrease number of Java threads
#   Decrease Java thread stack sizes (-Xss)
#   Set larger code cache with -XX:ReservedCodeCacheSize=
#   JVM is running with Unscaled Compressed Oops mode in which the Java heap is
#     placed in the first 4GB address space. The Java Heap base address is the
#     maximum limit for the native heap growth. Please use -XX:HeapBaseMinAddress
#     to set the Java Heap base and to place the Java Heap above 4GB virtual address.
# This output file may be truncated or incomplete.
#
#  Out of Memory Error (arena.cpp:184), pid=11480, tid=12604
#
# JRE version: Java(TM) SE Runtime Environment (19.0.2+7) (build 19.0.2+7-44)
# Java VM: Java HotSpot(TM) 64-Bit Server VM (19.0.2+7-44, mixed mode, sharing, tiered, compressed oops, compressed class ptrs, g1 gc, windows-amd64)
# No core dump will be written. Minidumps are not enabled by default on client versions of Windows
#

---------------  S U M M A R Y ------------

Command Line: -Xmx64m -Xms64m -Dorg.gradle.appname=gradlew org.gradle.wrapper.GradleWrapperMain app:installDebug -PreactNativeDevServerPort=8081

Host: Intel(R) Pentium(R) CPU G4400 @ 3.30GHz, 2 cores, 3G,  Windows 11 , 64 bit Build 22000 (10.0.22000.1516)
Time: Thu Mar  9 13:57:11 2023 FLE standartinis laik elapsed time: 48.515963 seconds (0d 0h 0m 48s)

---------------  T H R E A D  ---------------

Current thread (0x000002547f4f9870):  JavaThread "C2 CompilerThread0" daemon [_thread_in_native, id=12604, stack(0x0000007dc9c00000,0x0000007dc9d00000)]


Current CompileTask:
C2:  48516 1900       4       jdk.internal.org.objectweb.asm.Frame::execute (2305 bytes)

Stack: [0x0000007dc9c00000,0x0000007dc9d00000]
Native frames: (J=compiled Java code, j=interpreted, Vv=VM code, C=native code)
V  [jvm.dll+0x6ee21a]
V  [jvm.dll+0x85765e]
V  [jvm.dll+0x85904e]
V  [jvm.dll+0x859703]
V  [jvm.dll+0x28298f]
V  [jvm.dll+0xc9adf]
V  [jvm.dll+0xc9e65]
V  [jvm.dll+0x3bca4c]
V  [jvm.dll+0x3860e1]
V  [jvm.dll+0x38555a]
V  [jvm.dll+0x24c3d9]
V  [jvm.dll+0x24b781]
V  [jvm.dll+0x1d6ce1]
V  [jvm.dll+0x25b25a]
V  [jvm.dll+0x2596e8]
V  [jvm.dll+0x807588]
V  [jvm.dll+0x80125a]
V  [jvm.dll+0x6ecf0b]
C  [ucrtbase.dll+0x26c0c]
C  [KERNEL32.DLL+0x155a0]
C  [ntdll.dll+0x485b]


---------------  P R O C E S S  ---------------

Threads class SMR info:
_java_thread_list=0x00000254067b0de0, length=14, elements={
0x0000025468373860, 0x000002547f4f2ac0, 0x000002547f4f3590, 0x000002547f4f7080,
0x000002547f4f79b0, 0x000002547f4f82e0, 0x000002547f4f8c10, 0x000002547f4f9870,
0x000002547f4fe420, 0x000002547f56ea90, 0x000002547f730940, 0x000002547f733320,
0x00000254064b2df0, 0x00000254065b6eb0
}

Java Threads: ( => current thread )
  0x0000025468373860 JavaThread "main" [_thread_in_vm, id=10820, stack(0x0000007dc8f00000,0x0000007dc9000000)]
  0x000002547f4f2ac0 JavaThread "Reference Handler" daemon [_thread_blocked, id=2860, stack(0x0000007dc9600000,0x0000007dc9700000)]
  0x000002547f4f3590 JavaThread "Finalizer" daemon [_thread_blocked, id=9908, stack(0x0000007dc9700000,0x0000007dc9800000)]
  0x000002547f4f7080 JavaThread "Signal Dispatcher" daemon [_thread_blocked, id=12068, stack(0x0000007dc9800000,0x0000007dc9900000)]
  0x000002547f4f79b0 JavaThread "Attach Listener" daemon [_thread_blocked, id=13096, stack(0x0000007dc9900000,0x0000007dc9a00000)]
  0x000002547f4f82e0 JavaThread "Service Thread" daemon [_thread_blocked, id=5280, stack(0x0000007dc9a00000,0x0000007dc9b00000)]
  0x000002547f4f8c10 JavaThread "Monitor Deflation Thread" daemon [_thread_blocked, id=1708, stack(0x0000007dc9b00000,0x0000007dc9c00000)]
=>0x000002547f4f9870 JavaThread "C2 CompilerThread0" daemon [_thread_in_native, id=12604, stack(0x0000007dc9c00000,0x0000007dc9d00000)]
  0x000002547f4fe420 JavaThread "C1 CompilerThread0" daemon [_thread_in_native, id=6724, stack(0x0000007dc9d00000,0x0000007dc9e00000)]
  0x000002547f56ea90 JavaThread "Sweeper thread" daemon [_thread_blocked, id=10252, stack(0x0000007dc9e00000,0x0000007dc9f00000)]
  0x000002547f730940 JavaThread "Notification Thread" daemon [_thread_blocked, id=5428, stack(0x0000007dc9f00000,0x0000007dca000000)]
  0x000002547f733320 JavaThread "Common-Cleaner" daemon [_thread_blocked, id=12512, stack(0x0000007dca100000,0x0000007dca200000)]
  0x00000254064b2df0 JavaThread "pool-1-thread-1" [_thread_blocked, id=936, stack(0x0000007dca300000,0x0000007dca400000)]
  0x00000254065b6eb0 JavaThread "DisconnectableInputStream source reader" daemon [_thread_in_native, id=13252, stack(0x0000007dca500000,0x0000007dca600000)]

Other Threads:
  0x000002547f4d4350 VMThread "VM Thread" [stack: 0x0000007dc9500000,0x0000007dc9600000] [id=12416]
  0x000002547f732ec0 WatcherThread "VM Periodic Task Thread" [stack: 0x0000007dca000000,0x0000007dca100000] [id=7900]
  0x0000025468398100 WorkerThread "GC Thread#0" [stack: 0x0000007dc9000000,0x0000007dc9100000] [id=10344]
  0x000002547f882ea0 WorkerThread "GC Thread#1" [stack: 0x0000007dca200000,0x0000007dca300000] [id=9996]
  0x0000025468399860 ConcurrentGCThread "G1 Main Marker" [stack: 0x0000007dc9100000,0x0000007dc9200000] [id=9640]
  0x000002546839a290 WorkerThread "G1 Conc#0" [stack: 0x0000007dc9200000,0x0000007dc9300000] [id=2520]
  0x00000254683e5ad0 ConcurrentGCThread "G1 Refine#0" [stack: 0x0000007dc9300000,0x0000007dc9400000] [id=4204]
  0x00000254683e6610 ConcurrentGCThread "G1 Service" [stack: 0x0000007dc9400000,0x0000007dc9500000] [id=1828]

Threads with active compile tasks:
C2 CompilerThread0    48528 1900       4       jdk.internal.org.objectweb.asm.Frame::execute (2305 bytes)
C1 CompilerThread0    48528 1914       3       org.gradle.internal.logging.text.AbstractLineChoppingStyledTextOutput$1::execute (140 bytes)

VM state: not at safepoint (normal execution)

VM Mutex/Monitor currently owned by a thread:  ([mutex/lock_event])
[0x00000254683602c0] MethodCompileQueue_lock - owner thread: 0x0000000000000000

Heap address: 0x00000000fc000000, size: 64 MB, Compressed Oops mode: 32-bit

CDS archive(s) mapped at: [0x0000000800000000-0x0000000800c40000-0x0000000800c40000), size 12845056, SharedBaseAddress: 0x0000000800000000, ArchiveRelocationMode: 0.
Compressed class space mapped at: 0x0000000801000000-0x0000000841000000, reserved size: 1073741824
Narrow klass base: 0x0000000800000000, Narrow klass shift: 0, Narrow klass range: 0x100000000

GC Precious Log:
 CardTable entry size: 512
 Card Set container configuration: InlinePtr #cards 5 size 8 Array Of Cards #cards 12 size 40 Howl #buckets 4 coarsen threshold 1843 Howl Bitmap #cards 512 size 80 coarsen threshold 460 Card regions per heap region 1 cards per card region 2048
 CPUs: 2 total, 2 available
 Memory: 4010M
 Large Page Support: Disabled
 NUMA Support: Disabled
 Compressed Oops: Enabled (32-bit)
 Heap Region Size: 1M
 Heap Min Capacity: 64M
 Heap Initial Capacity: 64M
 Heap Max Capacity: 64M
 Pre-touch: Disabled
 Parallel Workers: 2
 Concurrent Workers: 1
 Concurrent Refinement Workers: 2
 Periodic GC: Disabled

Heap:
 garbage-first heap   total 65536K, used 17813K [0x00000000fc000000, 0x0000000100000000)
  region size 1024K, 9 young (9216K), 2 survivors (2048K)
 Metaspace       used 10391K, committed 10624K, reserved 1114112K
  class space    used 1296K, committed 1408K, reserved 1048576K

Heap Regions: E=young(eden), S=young(survivor), O=old, HS=humongous(starts), HC=humongous(continues), CS=collection set, F=free, OA=open archive, CA=closed archive, TAMS=top-at-mark-start (previous, next)
|   0|0x00000000fc000000, 0x00000000fc100000, 0x00000000fc100000|100%| O|  |TAMS 0x00000000fc000000, 0x00000000fc000000| Untracked 
|   1|0x00000000fc100000, 0x00000000fc200000, 0x00000000fc200000|100%| O|  |TAMS 0x00000000fc100000, 0x00000000fc100000| Untracked 
|   2|0x00000000fc200000, 0x00000000fc300000, 0x00000000fc300000|100%|HS|  |TAMS 0x00000000fc200000, 0x00000000fc200000| Complete 
|   3|0x00000000fc300000, 0x00000000fc400000, 0x00000000fc400000|100%|HC|  |TAMS 0x00000000fc300000, 0x00000000fc300000| Complete 
|   4|0x00000000fc400000, 0x00000000fc500000, 0x00000000fc500000|100%|HC|  |TAMS 0x00000000fc400000, 0x00000000fc400000| Complete 
|   5|0x00000000fc500000, 0x00000000fc600000, 0x00000000fc600000|100%| O|  |TAMS 0x00000000fc500000, 0x00000000fc500000| Untracked 
|   6|0x00000000fc600000, 0x00000000fc700000, 0x00000000fc700000|100%| O|  |TAMS 0x00000000fc600000, 0x00000000fc600000| Untracked 
|   7|0x00000000fc700000, 0x00000000fc800000, 0x00000000fc800000|100%| O|  |TAMS 0x00000000fc700000, 0x00000000fc700000| Untracked 
|   8|0x00000000fc800000, 0x00000000fc900000, 0x00000000fc900000|100%| O|  |TAMS 0x00000000fc800000, 0x00000000fc800000| Untracked 
|   9|0x00000000fc900000, 0x00000000fc985a00, 0x00000000fca00000| 52%| O|  |TAMS 0x00000000fc900000, 0x00000000fc900000| Untracked 
|  10|0x00000000fca00000, 0x00000000fca00000, 0x00000000fcb00000|  0%| F|  |TAMS 0x00000000fca00000, 0x00000000fca00000| Untracked 
|  11|0x00000000fcb00000, 0x00000000fcb00000, 0x00000000fcc00000|  0%| F|  |TAMS 0x00000000fcb00000, 0x00000000fcb00000| Untracked 
|  12|0x00000000fcc00000, 0x00000000fcc00000, 0x00000000fcd00000|  0%| F|  |TAMS 0x00000000fcc00000, 0x00000000fcc00000| Untracked 
|  13|0x00000000fcd00000, 0x00000000fcd00000, 0x00000000fce00000|  0%| F|  |TAMS 0x00000000fcd00000, 0x00000000fcd00000| Untracked 
|  14|0x00000000fce00000, 0x00000000fce00000, 0x00000000fcf00000|  0%| F|  |TAMS 0x00000000fce00000, 0x00000000fce00000| Untracked 
|  15|0x00000000fcf00000, 0x00000000fcf00000, 0x00000000fd000000|  0%| F|  |TAMS 0x00000000fcf00000, 0x00000000fcf00000| Untracked 
|  16|0x00000000fd000000, 0x00000000fd000000, 0x00000000fd100000|  0%| F|  |TAMS 0x00000000fd000000, 0x00000000fd000000| Untracked 
|  17|0x00000000fd100000, 0x00000000fd100000, 0x00000000fd200000|  0%| F|  |TAMS 0x00000000fd100000, 0x00000000fd100000| Untracked 
|  18|0x00000000fd200000, 0x00000000fd200000, 0x00000000fd300000|  0%| F|  |TAMS 0x00000000fd200000, 0x00000000fd200000| Untracked 
|  19|0x00000000fd300000, 0x00000000fd300000, 0x00000000fd400000|  0%| F|  |TAMS 0x00000000fd300000, 0x00000000fd300000| Untracked 
|  20|0x00000000fd400000, 0x00000000fd400000, 0x00000000fd500000|  0%| F|  |TAMS 0x00000000fd400000, 0x00000000fd400000| Untracked 
|  21|0x00000000fd500000, 0x00000000fd500000, 0x00000000fd600000|  0%| F|  |TAMS 0x00000000fd500000, 0x00000000fd500000| Untracked 
|  22|0x00000000fd600000, 0x00000000fd600000, 0x00000000fd700000|  0%| F|  |TAMS 0x00000000fd600000, 0x00000000fd600000| Untracked 
|  23|0x00000000fd700000, 0x00000000fd700000, 0x00000000fd800000|  0%| F|  |TAMS 0x00000000fd700000, 0x00000000fd700000| Untracked 
|  24|0x00000000fd800000, 0x00000000fd800000, 0x00000000fd900000|  0%| F|  |TAMS 0x00000000fd800000, 0x00000000fd800000| Untracked 
|  25|0x00000000fd900000, 0x00000000fd900000, 0x00000000fda00000|  0%| F|  |TAMS 0x00000000fd900000, 0x00000000fd900000| Untracked 
|  26|0x00000000fda00000, 0x00000000fda00000, 0x00000000fdb00000|  0%| F|  |TAMS 0x00000000fda00000, 0x00000000fda00000| Untracked 
|  27|0x00000000fdb00000, 0x00000000fdb00000, 0x00000000fdc00000|  0%| F|  |TAMS 0x00000000fdb00000, 0x00000000fdb00000| Untracked 
|  28|0x00000000fdc00000, 0x00000000fdc00000, 0x00000000fdd00000|  0%| F|  |TAMS 0x00000000fdc00000, 0x00000000fdc00000| Untracked 
|  29|0x00000000fdd00000, 0x00000000fdd00000, 0x00000000fde00000|  0%| F|  |TAMS 0x00000000fdd00000, 0x00000000fdd00000| Untracked 
|  30|0x00000000fde00000, 0x00000000fde00000, 0x00000000fdf00000|  0%| F|  |TAMS 0x00000000fde00000, 0x00000000fde00000| Untracked 
|  31|0x00000000fdf00000, 0x00000000fdf00000, 0x00000000fe000000|  0%| F|  |TAMS 0x00000000fdf00000, 0x00000000fdf00000| Untracked 
|  32|0x00000000fe000000, 0x00000000fe000000, 0x00000000fe100000|  0%| F|  |TAMS 0x00000000fe000000, 0x00000000fe000000| Untracked 
|  33|0x00000000fe100000, 0x00000000fe100000, 0x00000000fe200000|  0%| F|  |TAMS 0x00000000fe100000, 0x00000000fe100000| Untracked 
|  34|0x00000000fe200000, 0x00000000fe200000, 0x00000000fe300000|  0%| F|  |TAMS 0x00000000fe200000, 0x00000000fe200000| Untracked 
|  35|0x00000000fe300000, 0x00000000fe300000, 0x00000000fe400000|  0%| F|  |TAMS 0x00000000fe300000, 0x00000000fe300000| Untracked 
|  36|0x00000000fe400000, 0x00000000fe400000, 0x00000000fe500000|  0%| F|  |TAMS 0x00000000fe400000, 0x00000000fe400000| Untracked 
|  37|0x00000000fe500000, 0x00000000fe500000, 0x00000000fe600000|  0%| F|  |TAMS 0x00000000fe500000, 0x00000000fe500000| Untracked 
|  38|0x00000000fe600000, 0x00000000fe600000, 0x00000000fe700000|  0%| F|  |TAMS 0x00000000fe600000, 0x00000000fe600000| Untracked 
|  39|0x00000000fe700000, 0x00000000fe700000, 0x00000000fe800000|  0%| F|  |TAMS 0x00000000fe700000, 0x00000000fe700000| Untracked 
|  40|0x00000000fe800000, 0x00000000fe800000, 0x00000000fe900000|  0%| F|  |TAMS 0x00000000fe800000, 0x00000000fe800000| Untracked 
|  41|0x00000000fe900000, 0x00000000fe900000, 0x00000000fea00000|  0%| F|  |TAMS 0x00000000fe900000, 0x00000000fe900000| Untracked 
|  42|0x00000000fea00000, 0x00000000fea00000, 0x00000000feb00000|  0%| F|  |TAMS 0x00000000fea00000, 0x00000000fea00000| Untracked 
|  43|0x00000000feb00000, 0x00000000feb00000, 0x00000000fec00000|  0%| F|  |TAMS 0x00000000feb00000, 0x00000000feb00000| Untracked 
|  44|0x00000000fec00000, 0x00000000fec00000, 0x00000000fed00000|  0%| F|  |TAMS 0x00000000fec00000, 0x00000000fec00000| Untracked 
|  45|0x00000000fed00000, 0x00000000fed00000, 0x00000000fee00000|  0%| F|  |TAMS 0x00000000fed00000, 0x00000000fed00000| Untracked 
|  46|0x00000000fee00000, 0x00000000feedfa00, 0x00000000fef00000| 87%| S|CS|TAMS 0x00000000fee00000, 0x00000000fee00000| Complete 
|  47|0x00000000fef00000, 0x00000000ff000000, 0x00000000ff000000|100%| S|CS|TAMS 0x00000000fef00000, 0x00000000fef00000| Complete 
|  48|0x00000000ff000000, 0x00000000ff000000, 0x00000000ff100000|  0%| F|  |TAMS 0x00000000ff000000, 0x00000000ff000000| Untracked 
|  49|0x00000000ff100000, 0x00000000ff100000, 0x00000000ff200000|  0%| F|  |TAMS 0x00000000ff100000, 0x00000000ff100000| Untracked 
|  50|0x00000000ff200000, 0x00000000ff200000, 0x00000000ff300000|  0%| F|  |TAMS 0x00000000ff200000, 0x00000000ff200000| Untracked 
|  51|0x00000000ff300000, 0x00000000ff300000, 0x00000000ff400000|  0%| F|  |TAMS 0x00000000ff300000, 0x00000000ff300000| Untracked 
|  52|0x00000000ff400000, 0x00000000ff400000, 0x00000000ff500000|  0%| F|  |TAMS 0x00000000ff400000, 0x00000000ff400000| Untracked 
|  53|0x00000000ff500000, 0x00000000ff500000, 0x00000000ff600000|  0%| F|  |TAMS 0x00000000ff500000, 0x00000000ff500000| Untracked 
|  54|0x00000000ff600000, 0x00000000ff600000, 0x00000000ff700000|  0%| F|  |TAMS 0x00000000ff600000, 0x00000000ff600000| Untracked 
|  55|0x00000000ff700000, 0x00000000ff700000, 0x00000000ff800000|  0%| F|  |TAMS 0x00000000ff700000, 0x00000000ff700000| Untracked 
|  56|0x00000000ff800000, 0x00000000ff800000, 0x00000000ff900000|  0%| F|  |TAMS 0x00000000ff800000, 0x00000000ff800000| Untracked 
|  57|0x00000000ff900000, 0x00000000ff945050, 0x00000000ffa00000| 26%| E|  |TAMS 0x00000000ff900000, 0x00000000ff900000| Complete 
|  58|0x00000000ffa00000, 0x00000000ffb00000, 0x00000000ffb00000|100%| E|CS|TAMS 0x00000000ffa00000, 0x00000000ffa00000| Complete 
|  59|0x00000000ffb00000, 0x00000000ffc00000, 0x00000000ffc00000|100%| E|CS|TAMS 0x00000000ffb00000, 0x00000000ffb00000| Complete 
|  60|0x00000000ffc00000, 0x00000000ffd00000, 0x00000000ffd00000|100%| E|CS|TAMS 0x00000000ffc00000, 0x00000000ffc00000| Complete 
|  61|0x00000000ffd00000, 0x00000000ffe00000, 0x00000000ffe00000|100%| E|CS|TAMS 0x00000000ffd00000, 0x00000000ffd00000| Complete 
|  62|0x00000000ffe00000, 0x00000000fff00000, 0x00000000fff00000|100%| E|CS|TAMS 0x00000000ffe00000, 0x00000000ffe00000| Complete 
|  63|0x00000000fff00000, 0x0000000100000000, 0x0000000100000000|100%| E|CS|TAMS 0x00000000fff00000, 0x00000000fff00000| Complete 

Card table byte_map: [0x0000025467f70000,0x0000025467f90000] _byte_map_base: 0x0000025467790000

Marking Bits (Prev, Next): (CMBitMap*) 0x0000025468398730, (CMBitMap*) 0x0000025468398770
 Prev Bits: [0x0000025467fb0000, 0x00000254680b0000)
 Next Bits: [0x00000254680b0000, 0x00000254681b0000)

Polling page: 0x0000025466270000

Metaspace:

Usage:
  Non-class:      8.88 MB used.
      Class:      1.27 MB used.
       Both:     10.15 MB used.

Virtual space:
  Non-class space:       64.00 MB reserved,       9.00 MB ( 14%) committed,  1 nodes.
      Class space:        1.00 GB reserved,       1.38 MB ( <1%) committed,  1 nodes.
             Both:        1.06 GB reserved,      10.38 MB ( <1%) committed. 

Chunk freelists:
   Non-Class:  2.44 MB
       Class:  2.45 MB
        Both:  4.89 MB

MaxMetaspaceSize: unlimited
CompressedClassSpaceSize: 1.00 GB
Initial GC threshold: 21.00 MB
Current GC threshold: 21.00 MB
CDS: on
MetaspaceReclaimPolicy: balanced
 - commit_granule_bytes: 65536.
 - commit_granule_words: 8192.
 - virtual_space_node_default_size: 8388608.
 - enlarge_chunks_in_place: 1.
 - new_chunks_are_fully_committed: 0.
 - uncommit_free_chunks: 1.
 - use_allocation_guard: 0.


Internal statistics:

num_allocs_failed_limit: 0.
num_arena_births: 210.
num_arena_deaths: 0.
num_vsnodes_births: 2.
num_vsnodes_deaths: 0.
num_space_committed: 166.
num_space_uncommitted: 0.
num_chunks_returned_to_freelist: 0.
num_chunks_taken_from_freelist: 500.
num_chunk_merges: 0.
num_chunk_splits: 322.
num_chunks_enlarged: 232.
num_inconsistent_stats: 0.

CodeHeap 'non-profiled nmethods': size=120064Kb used=672Kb max_used=672Kb free=119391Kb
 bounds [0x0000025477da0000, 0x0000025478010000, 0x000002547f2e0000]
CodeHeap 'profiled nmethods': size=120000Kb used=3754Kb max_used=3754Kb free=116245Kb
 bounds [0x00000254702e0000, 0x0000025470690000, 0x0000025477810000]
CodeHeap 'non-nmethods': size=5696Kb used=1281Kb max_used=1303Kb free=4414Kb
 bounds [0x0000025477810000, 0x0000025477a80000, 0x0000025477da0000]
 total_blobs=2423 nmethods=1916 adapters=418
 compilation: enabled
              stopped_count=0, restarted_count=0
 full_count=0

Compilation events (20 events):
Event: 48.119 Thread 0x000002547f4fe420 nmethod 1891 0x0000025477e47310 code [0x0000025477e474a0, 0x0000025477e47578]
Event: 48.119 Thread 0x000002547f4fe420 1892       1       org.gradle.launcher.daemon.protocol.OutputMessage::getEvent (5 bytes)
Event: 48.119 Thread 0x000002547f4fe420 nmethod 1892 0x0000025477e47610 code [0x0000025477e477a0, 0x0000025477e47858]
Event: 48.272 Thread 0x000002547f4fe420 1893       3       java.util.HashSet::contains (9 bytes)
Event: 48.272 Thread 0x000002547f4fe420 nmethod 1893 0x0000025470680490 code [0x0000025470680640, 0x0000025470680808]
Event: 48.293 Thread 0x000002547f4fe420 1894       3       java.nio.MappedByteBuffer::position (6 bytes)
Event: 48.294 Thread 0x000002547f4fe420 nmethod 1894 0x0000025470680910 code [0x0000025470680ac0, 0x0000025470680cc8]
Event: 48.462 Thread 0x000002547f4fe420 1895       3       java.util.concurrent.locks.AbstractQueuedSynchronizer$ConditionObject::unlinkCancelledWaiters (91 bytes)
Event: 48.462 Thread 0x000002547f4fe420 nmethod 1895 0x0000025470680e10 code [0x0000025470680fe0, 0x0000025470681498]
Event: 48.504 Thread 0x000002547f4fe420 1896       1       java.util.LinkedList::size (5 bytes)
Event: 48.504 Thread 0x000002547f4fe420 nmethod 1896 0x0000025477e47910 code [0x0000025477e47aa0, 0x0000025477e47b58]
Event: 48.504 Thread 0x000002547f4fe420 1897       3       java.util.LinkedList$Node::<init> (20 bytes)
Event: 48.504 Thread 0x000002547f4fe420 nmethod 1897 0x0000025470681610 code [0x00000254706817c0, 0x0000025470681a38]
Event: 48.504 Thread 0x000002547f4fe420 1898       3       java.io.BufferedReader::implReadLine (302 bytes)
Event: 48.505 Thread 0x000002547f4fe420 nmethod 1898 0x0000025470681b10 code [0x0000025470681e00, 0x0000025470682e98]
Event: 48.507 Thread 0x000002547f4f9870 1900       4       jdk.internal.org.objectweb.asm.Frame::execute (2305 bytes)
Event: 48.510 Thread 0x000002547f4fe420 1901       3       java.lang.invoke.BoundMethodHandle$Species_L::<init> (12 bytes)
Event: 48.510 Thread 0x000002547f4fe420 nmethod 1901 0x0000025470683590 code [0x0000025470683740, 0x0000025470683968]
Event: 48.512 Thread 0x000002547f4fe420 1902       3       java.lang.reflect.Method::isCallerSensitive (27 bytes)
Event: 48.512 Thread 0x000002547f4fe420 nmethod 1902 0x0000025470683a90 code [0x0000025470683ce0, 0x0000025470684728]

GC Heap History (8 events):
Event: 0.781 GC heap before
{Heap before GC invocations=0 (full 0):
 garbage-first heap   total 65536K, used 5120K [0x00000000fc000000, 0x0000000100000000)
  region size 1024K, 6 young (6144K), 0 survivors (0K)
 Metaspace       used 1739K, committed 1920K, reserved 1114112K
  class space    used 161K, committed 256K, reserved 1048576K
}
Event: 0.817 GC heap after
{Heap after GC invocations=1 (full 0):
 garbage-first heap   total 65536K, used 1595K [0x00000000fc000000, 0x0000000100000000)
  region size 1024K, 1 young (1024K), 1 survivors (1024K)
 Metaspace       used 1739K, committed 1920K, reserved 1114112K
  class space    used 161K, committed 256K, reserved 1048576K
}
Event: 1.275 GC heap before
{Heap before GC invocations=1 (full 0):
 garbage-first heap   total 65536K, used 6715K [0x00000000fc000000, 0x0000000100000000)
  region size 1024K, 6 young (6144K), 1 survivors (1024K)
 Metaspace       used 1803K, committed 1984K, reserved 1114112K
  class space    used 162K, committed 256K, reserved 1048576K
}
Event: 1.276 GC heap after
{Heap after GC invocations=2 (full 0):
 garbage-first heap   total 65536K, used 2114K [0x00000000fc000000, 0x0000000100000000)
  region size 1024K, 1 young (1024K), 1 survivors (1024K)
 Metaspace       used 1803K, committed 1984K, reserved 1114112K
  class space    used 162K, committed 256K, reserved 1048576K
}
Event: 2.301 GC heap before
{Heap before GC invocations=2 (full 0):
 garbage-first heap   total 65536K, used 17474K [0x00000000fc000000, 0x0000000100000000)
  region size 1024K, 14 young (14336K), 1 survivors (1024K)
 Metaspace       used 4870K, committed 5056K, reserved 1114112K
  class space    used 621K, committed 704K, reserved 1048576K
}
Event: 2.305 GC heap after
{Heap after GC invocations=3 (full 0):
 garbage-first heap   total 65536K, used 9687K [0x00000000fc000000, 0x0000000100000000)
  region size 1024K, 2 young (2048K), 2 survivors (2048K)
 Metaspace       used 4870K, committed 5056K, reserved 1114112K
  class space    used 621K, committed 704K, reserved 1048576K
}
Event: 3.499 GC heap before
{Heap before GC invocations=3 (full 0):
 garbage-first heap   total 65536K, used 24023K [0x00000000fc000000, 0x0000000100000000)
  region size 1024K, 16 young (16384K), 2 survivors (2048K)
 Metaspace       used 8622K, committed 8896K, reserved 1114112K
  class space    used 1114K, committed 1216K, reserved 1048576K
}
Event: 3.504 GC heap after
{Heap after GC invocations=4 (full 0):
 garbage-first heap   total 65536K, used 11669K [0x00000000fc000000, 0x0000000100000000)
  region size 1024K, 2 young (2048K), 2 survivors (2048K)
 Metaspace       used 8622K, committed 8896K, reserved 1114112K
  class space    used 1114K, committed 1216K, reserved 1048576K
}

Dll operation events (13 events):
Event: 0.008 Loaded shared library C:\Program Files\Java\jdk-19\bin\java.dll
Event: 0.027 Loaded shared library C:\Program Files\Java\jdk-19\bin\jsvml.dll
Event: 0.090 Loaded shared library C:\Program Files\Java\jdk-19\bin\net.dll
Event: 0.092 Loaded shared library C:\Program Files\Java\jdk-19\bin\nio.dll
Event: 0.095 Loaded shared library C:\Program Files\Java\jdk-19\bin\zip.dll
Event: 1.261 Loaded shared library C:\Program Files\Java\jdk-19\bin\jimage.dll
Event: 1.468 Loaded shared library C:\Program Files\Java\jdk-19\bin\verify.dll
Event: 2.097 Loaded shared library C:\Users\Mokinys15\.gradle\native\68d5fa5c4cc2d200863cafc0d521ce42e7d3e7ee720ec0a83991735586a16f82\windows-amd64\native-platform.dll
Event: 2.140 Loaded shared library C:\Users\Mokinys15\.gradle\native\jansi\1.18\windows64\jansi.dll
Event: 2.424 Loaded shared library C:\Program Files\Java\jdk-19\bin\management.dll
Event: 2.428 Loaded shared library C:\Program Files\Java\jdk-19\bin\management_ext.dll
Event: 3.134 Loaded shared library C:\Program Files\Java\jdk-19\bin\extnet.dll
Event: 7.335 Loaded shared library C:\Program Files\Java\jdk-19\bin\sunmscapi.dll

Deoptimization events (20 events):
Event: 7.234 Thread 0x0000025468373860 Uncommon trap: trap_request=0xffffffc6 fr.pc=0x0000025477e18b24 relative=0x00000000000015e4
Event: 7.234 Thread 0x0000025468373860 Uncommon trap: reason=bimorphic_or_optimized_type_check action=maybe_recompile pc=0x0000025477e18b24 method=java.io.DataInputStream.readFully([BII)V @ 30 c2
Event: 7.234 Thread 0x0000025468373860 DEOPT PACKING pc=0x0000025477e18b24 sp=0x0000007dc8ffd920
Event: 7.234 Thread 0x0000025468373860 DEOPT UNPACKING pc=0x0000025477876d9d sp=0x0000007dc8ffd888 mode 2
Event: 7.234 Thread 0x0000025468373860 Uncommon trap: trap_request=0xffffffc6 fr.pc=0x0000025477e18b24 relative=0x00000000000015e4
Event: 7.234 Thread 0x0000025468373860 Uncommon trap: reason=bimorphic_or_optimized_type_check action=maybe_recompile pc=0x0000025477e18b24 method=java.io.DataInputStream.readFully([BII)V @ 30 c2
Event: 7.234 Thread 0x0000025468373860 DEOPT PACKING pc=0x0000025477e18b24 sp=0x0000007dc8ffd910
Event: 7.234 Thread 0x0000025468373860 DEOPT UNPACKING pc=0x0000025477876d9d sp=0x0000007dc8ffd878 mode 2
Event: 7.343 Thread 0x0000025468373860 Uncommon trap: trap_request=0xffffff45 fr.pc=0x0000025477e30c24 relative=0x00000000000001e4
Event: 7.343 Thread 0x0000025468373860 Uncommon trap: reason=unstable_if action=reinterpret pc=0x0000025477e30c24 method=java.util.HashMap.putVal(ILjava/lang/Object;Ljava/lang/Object;ZZ)Ljava/lang/Object; @ 162 c2
Event: 7.343 Thread 0x0000025468373860 DEOPT PACKING pc=0x0000025477e30c24 sp=0x0000007dc8ffb710
Event: 7.343 Thread 0x0000025468373860 DEOPT UNPACKING pc=0x0000025477876d9d sp=0x0000007dc8ffb6b0 mode 2
Event: 48.511 Thread 0x0000025468373860 Uncommon trap: trap_request=0xffffff45 fr.pc=0x0000025477e1c260 relative=0x00000000000001c0
Event: 48.511 Thread 0x0000025468373860 Uncommon trap: reason=unstable_if action=reinterpret pc=0x0000025477e1c260 method=java.net.URI$Parser.scan(IIJJ)I @ 28 c2
Event: 48.511 Thread 0x0000025468373860 DEOPT PACKING pc=0x0000025477e1c260 sp=0x0000007dc8ffd4c0
Event: 48.511 Thread 0x0000025468373860 DEOPT UNPACKING pc=0x0000025477876d9d sp=0x0000007dc8ffd440 mode 2
Event: 48.511 Thread 0x0000025468373860 Uncommon trap: trap_request=0xffffff45 fr.pc=0x0000025477e22d58 relative=0x00000000000001b8
Event: 48.511 Thread 0x0000025468373860 Uncommon trap: reason=unstable_if action=reinterpret pc=0x0000025477e22d58 method=java.net.URI$Parser.scan(IILjava/lang/String;)I @ 26 c2
Event: 48.511 Thread 0x0000025468373860 DEOPT PACKING pc=0x0000025477e22d58 sp=0x0000007dc8ffd770
Event: 48.511 Thread 0x0000025468373860 DEOPT UNPACKING pc=0x0000025477876d9d sp=0x0000007dc8ffd700 mode 2

Classes loaded (20 events):
Event: 7.422 Loading class sun/nio/ch/SelectionKeyImpl
Event: 7.422 Loading class java/nio/channels/spi/AbstractSelectionKey
Event: 7.422 Loading class java/nio/channels/SelectionKey
Event: 7.422 Loading class java/nio/channels/SelectionKey done
Event: 7.422 Loading class java/nio/channels/spi/AbstractSelectionKey done
Event: 7.422 Loading class sun/nio/ch/SelectionKeyImpl done
Event: 7.422 Loading class java/lang/invoke/ConstantBootstraps
Event: 7.423 Loading class java/lang/invoke/ConstantBootstraps done
Event: 7.463 Loading class java/nio/channels/spi/AbstractSelector$1
Event: 7.463 Loading class java/nio/channels/spi/AbstractSelector$1 done
Event: 7.499 Loading class java/nio/channels/AsynchronousCloseException
Event: 7.499 Loading class java/nio/channels/ClosedChannelException
Event: 7.499 Loading class java/nio/channels/ClosedChannelException done
Event: 7.499 Loading class java/nio/channels/AsynchronousCloseException done
Event: 47.930 Loading class java/lang/invoke/MethodHandle$1
Event: 47.930 Loading class java/lang/invoke/MethodHandle$1 done
Event: 48.498 Loading class sun/net/ConnectionResetException
Event: 48.498 Loading class sun/net/ConnectionResetException done
Event: 48.503 Loading class java/io/BufferedReader
Event: 48.503 Loading class java/io/BufferedReader done

Classes unloaded (0 events):
No events

Classes redefined (0 events):
No events

Internal exceptions (20 events):
Event: 2.080 Thread 0x0000025468373860 Exception <a 'java/lang/NoSuchMethodError'{0x00000000ff5b99b8}: 'int java.lang.invoke.DirectMethodHandle$Holder.invokeSpecial(java.lang.Object, java.lang.Object, java.lang.Object)'> (0x00000000ff5b99b8) 
thrown [s\open\src\hotspot\share\interpreter\linkResolver.cpp, line 774]
Event: 2.105 Thread 0x0000025468373860 Exception <a 'java/lang/NoSuchMethodError'{0x00000000ff4543e0}: 'java.lang.Object java.lang.invoke.DirectMethodHandle$Holder.invokeVirtual(java.lang.Object, java.lang.Object, java.lang.Object)'> (0x00000000ff4543e0) 
thrown [s\open\src\hotspot\share\interpreter\linkResolver.cpp, line 774]
Event: 2.334 Thread 0x0000025468373860 Exception <a 'java/lang/NoSuchMethodError'{0x00000000ffe2ae90}: 'java.lang.Object java.lang.invoke.DirectMethodHandle$Holder.invokeVirtual(java.lang.Object, java.lang.Object, java.lang.Object, java.lang.Object)'> (0x00000000ffe2ae90) 
thrown [s\open\src\hotspot\share\interpreter\linkResolver.cpp, line 774]
Event: 2.357 Thread 0x0000025468373860 Exception <a 'java/lang/NoSuchMethodError'{0x00000000ffee98f0}: 'java.lang.Object java.lang.invoke.DirectMethodHandle$Holder.invokeVirtual(java.lang.Object, java.lang.Object, java.lang.Object, java.lang.Object, java.lang.Object, java.lang.Object)'> (0x00000000ffee98f0) 
thrown [s\open\src\hotspot\share\interpreter\linkResolver.cpp, line 774]
Event: 2.422 Thread 0x0000025468373860 Exception <a 'java/lang/NoSuchMethodError'{0x00000000ffcf98c8}: 'java.lang.Object java.lang.invoke.DirectMethodHandle$Holder.invokeStaticInit(java.lang.Object)'> (0x00000000ffcf98c8) 
thrown [s\open\src\hotspot\share\interpreter\linkResolver.cpp, line 774]
Event: 2.475 Thread 0x0000025468373860 Exception <a 'java/lang/NoSuchMethodError'{0x00000000ffa1c798}: 'java.lang.Object java.lang.invoke.DirectMethodHandle$Holder.invokeVirtual(java.lang.Object, java.lang.Object, java.lang.Object, java.lang.Object, java.lang.Object)'> (0x00000000ffa1c798) 
thrown [s\open\src\hotspot\share\interpreter\linkResolver.cpp, line 774]
Event: 2.476 Thread 0x0000025468373860 Exception <a 'java/lang/NoSuchMethodError'{0x00000000ffa30728}: 'java.lang.Object java.lang.invoke.Invokers$Holder.invokeExact_MT(java.lang.Object, java.lang.Object, java.lang.Object, java.lang.Object, java.lang.Object, java.lang.Object)'> (0x00000000ffa30728) 
thrown [s\open\src\hotspot\share\interpreter\linkResolver.cpp, line 774]
Event: 2.514 Thread 0x0000025468373860 Exception <a 'java/lang/NoSuchMethodError'{0x00000000ff9bbb80}: 'java.lang.Object java.lang.invoke.DirectMethodHandle$Holder.invokeVirtual(java.lang.Object, java.lang.Object, java.lang.Object, java.lang.Object, java.lang.Object, java.lang.Object, java.lang.Object, java.lang.Object)'> (0x00000000ff9bbb80) 
thrown [s\open\src\hotspot\share\interpreter\linkResolver.cpp, line 774]
Event: 2.542 Thread 0x0000025468373860 Exception <a 'java/lang/NoSuchMethodError'{0x00000000ff8e42c0}: 'java.lang.Object java.lang.invoke.DirectMethodHandle$Holder.invokeStaticInit(java.lang.Object, int, int, int, int)'> (0x00000000ff8e42c0) 
thrown [s\open\src\hotspot\share\interpreter\linkResolver.cpp, line 774]
Event: 2.791 Thread 0x0000025468373860 Exception <a 'java/lang/NoSuchMethodError'{0x00000000ff7a6160}: 'java.lang.Object java.lang.invoke.DirectMethodHandle$Holder.invokeStaticInit(java.lang.Object, java.lang.Object, int, int, int, int)'> (0x00000000ff7a6160) 
thrown [s\open\src\hotspot\share\interpreter\linkResolver.cpp, line 774]
Event: 3.161 Thread 0x0000025468373860 Implicit null exception at 0x0000025477dd5a72 to 0x0000025477dd5eec
Event: 3.161 Thread 0x0000025468373860 Implicit null exception at 0x0000025477dd64f2 to 0x0000025477dd6960
Event: 3.164 Thread 0x0000025468373860 Exception <a 'java/lang/NoSuchMethodError'{0x00000000ff67bea0}: 'void java.lang.invoke.DirectMethodHandle$Holder.invokeInterface(java.lang.Object, java.lang.Object, java.lang.Object)'> (0x00000000ff67bea0) 
thrown [s\open\src\hotspot\share\interpreter\linkResolver.cpp, line 774]
Event: 3.169 Thread 0x0000025468373860 Exception <a 'java/net/ConnectException'{0x00000000ff683c28}: Connection refused: no further information> (0x00000000ff683c28) 
thrown [s\open\src\hotspot\share\prims\jni.cpp, line 536]
Event: 3.610 Thread 0x000002540685f6a0 Exception <a 'java/lang/NoSuchMethodError'{0x00000000ffda3600}: 'void java.lang.invoke.DirectMethodHandle$Holder.invokeStatic(java.lang.Object, long)'> (0x00000000ffda3600) 
thrown [s\open\src\hotspot\share\interpreter\linkResolver.cpp, line 774]
Event: 3.611 Thread 0x000002540685f6a0 Exception <a 'java/lang/NoSuchMethodError'{0x00000000ffda8cb8}: 'java.lang.Object java.lang.invoke.DirectMethodHandle$Holder.newInvokeSpecial(java.lang.Object, long)'> (0x00000000ffda8cb8) 
thrown [s\open\src\hotspot\share\interpreter\linkResolver.cpp, line 774]
Event: 3.613 Thread 0x000002540685f6a0 Exception <a 'java/lang/NoSuchMethodError'{0x00000000ffdb01f8}: 'java.lang.Object java.lang.invoke.DirectMethodHandle$Holder.invokeStatic(java.lang.Object, long, java.lang.Object)'> (0x00000000ffdb01f8) 
thrown [s\open\src\hotspot\share\interpreter\linkResolver.cpp, line 774]
Event: 3.613 Thread 0x000002540685f6a0 Exception <a 'java/lang/NoSuchMethodError'{0x00000000ffdb3c28}: 'java.lang.Object java.lang.invoke.DirectMethodHandle$Holder.invokeStaticInit(java.lang.Object, long, java.lang.Object)'> (0x00000000ffdb3c28) 
thrown [s\open\src\hotspot\share\interpreter\linkResolver.cpp, line 774]
Event: 48.498 Thread 0x0000025468373860 Exception <a 'sun/net/ConnectionResetException'{0x00000000ffac9eb8}: Connection reset> (0x00000000ffac9eb8) 
thrown [s\open\src\hotspot\share\prims\jni.cpp, line 536]
Event: 48.507 Thread 0x0000025468373860 Exception <a 'java/lang/NoSuchMethodError'{0x00000000ff9000f0}: 'int java.lang.invoke.DirectMethodHandle$Holder.invokeVirtual(java.lang.Object, java.lang.Object)'> (0x00000000ff9000f0) 
thrown [s\open\src\hotspot\share\interpreter\linkResolver.cpp, line 774]

VM Operations (20 events):
Event: 19.451 Executing VM operation: Cleanup
Event: 19.451 Executing VM operation: Cleanup done
Event: 20.463 Executing VM operation: Cleanup
Event: 20.463 Executing VM operation: Cleanup done
Event: 24.485 Executing VM operation: Cleanup
Event: 24.485 Executing VM operation: Cleanup done
Event: 25.494 Executing VM operation: Cleanup
Event: 25.494 Executing VM operation: Cleanup done
Event: 28.514 Executing VM operation: Cleanup
Event: 28.514 Executing VM operation: Cleanup done
Event: 29.514 Executing VM operation: Cleanup
Event: 29.514 Executing VM operation: Cleanup done
Event: 33.551 Executing VM operation: Cleanup
Event: 33.551 Executing VM operation: Cleanup done
Event: 38.597 Executing VM operation: Cleanup
Event: 38.597 Executing VM operation: Cleanup done
Event: 41.617 Executing VM operation: Cleanup
Event: 41.617 Executing VM operation: Cleanup done
Event: 44.636 Executing VM operation: Cleanup
Event: 44.636 Executing VM operation: Cleanup done

Events (20 events):
Event: 0.052 Thread 0x000002547f4f2ac0 Thread added: 0x000002547f4f2ac0
Event: 0.052 Thread 0x000002547f4f3590 Thread added: 0x000002547f4f3590
Event: 0.053 Thread 0x000002547f4f7080 Thread added: 0x000002547f4f7080
Event: 0.053 Thread 0x000002547f4f79b0 Thread added: 0x000002547f4f79b0
Event: 0.053 Thread 0x000002547f4f82e0 Thread added: 0x000002547f4f82e0
Event: 0.053 Thread 0x000002547f4f8c10 Thread added: 0x000002547f4f8c10
Event: 0.053 Thread 0x000002547f4f9870 Thread added: 0x000002547f4f9870
Event: 0.053 Thread 0x000002547f4fe420 Thread added: 0x000002547f4fe420
Event: 0.059 Thread 0x000002547f56ea90 Thread added: 0x000002547f56ea90
Event: 0.081 Thread 0x000002547f730940 Thread added: 0x000002547f730940
Event: 0.084 Thread 0x000002547f733320 Thread added: 0x000002547f733320
Event: 2.163 Thread 0x00000254064b2df0 Thread added: 0x00000254064b2df0
Event: 3.574 Thread 0x000002540685f6a0 Thread added: 0x000002540685f6a0
Event: 3.617 Thread 0x000002540685fbe0 Thread added: 0x000002540685fbe0
Event: 3.617 Thread 0x00000254069c9030 Thread added: 0x00000254069c9030
Event: 3.637 Thread 0x000002540685fbe0 Thread exited: 0x000002540685fbe0
Event: 7.233 Thread 0x000002540685f6a0 Thread exited: 0x000002540685f6a0
Event: 7.233 Thread 0x00000254069c9030 Thread exited: 0x00000254069c9030
Event: 7.499 Thread 0x00000254065b6eb0 Thread added: 0x00000254065b6eb0
Event: 7.499 Thread 0x0000025406901590 Thread added: 0x0000025406901590


Dynamic libraries:
0x00007ff71ea00000 - 0x00007ff71ea10000 	C:\Program Files\Java\jdk-19\bin\java.exe
0x00007ffe97400000 - 0x00007ffe97609000 	C:\Windows\SYSTEM32\ntdll.dll
0x00007ffe96ae0000 - 0x00007ffe96b9e000 	C:\Windows\System32\KERNEL32.DLL
0x00007ffe94c00000 - 0x00007ffe94f7c000 	C:\Windows\System32\KERNELBASE.dll
0x00007ffe95160000 - 0x00007ffe95271000 	C:\Windows\System32\ucrtbase.dll
0x00007ffe842a0000 - 0x00007ffe842b8000 	C:\Program Files\Java\jdk-19\bin\jli.dll
0x00007ffe95310000 - 0x00007ffe953be000 	C:\Windows\System32\ADVAPI32.dll
0x00007ffe96730000 - 0x00007ffe967d3000 	C:\Windows\System32\msvcrt.dll
0x00007ffe96050000 - 0x00007ffe960ee000 	C:\Windows\System32\sechost.dll
0x00007ffe953c0000 - 0x00007ffe954e0000 	C:\Windows\System32\RPCRT4.dll
0x00007ffe96930000 - 0x00007ffe96add000 	C:\Windows\System32\USER32.dll
0x00007ffe94b30000 - 0x00007ffe94b56000 	C:\Windows\System32\win32u.dll
0x00007ffe95fa0000 - 0x00007ffe95fc9000 	C:\Windows\System32\GDI32.dll
0x00007ffe95040000 - 0x00007ffe95158000 	C:\Windows\System32\gdi32full.dll
0x00007ffe94b60000 - 0x00007ffe94bfd000 	C:\Windows\System32\msvcp_win.dll
0x00007ffe80cd0000 - 0x00007ffe80ceb000 	C:\Program Files\Java\jdk-19\bin\VCRUNTIME140.dll
0x00007ffe74a00000 - 0x00007ffe74ca5000 	C:\Windows\WinSxS\amd64_microsoft.windows.common-controls_6595b64144ccf1df_6.0.22000.120_none_9d947278b86cc467\COMCTL32.dll
0x00007ffe8e2f0000 - 0x00007ffe8e2fa000 	C:\Windows\SYSTEM32\VERSION.dll
0x00007ffe96ed0000 - 0x00007ffe96f02000 	C:\Windows\System32\IMM32.DLL
0x00007ffe85460000 - 0x00007ffe8546c000 	C:\Program Files\Java\jdk-19\bin\vcruntime140_1.dll
0x00007ffe64230000 - 0x00007ffe642be000 	C:\Program Files\Java\jdk-19\bin\msvcp140.dll
0x00007ffe5ecd0000 - 0x00007ffe5f990000 	C:\Program Files\Java\jdk-19\bin\server\jvm.dll
0x00007ffe84ba0000 - 0x00007ffe84ba9000 	C:\Windows\SYSTEM32\WSOCK32.dll
0x00007ffe95de0000 - 0x00007ffe95e4f000 	C:\Windows\System32\WS2_32.dll
0x00007ffe69ef0000 - 0x00007ffe69f23000 	C:\Windows\SYSTEM32\WINMM.dll
0x00007ffe93950000 - 0x00007ffe93968000 	C:\Windows\SYSTEM32\kernel.appcore.dll
0x00007ffe851c0000 - 0x00007ffe851ca000 	C:\Program Files\Java\jdk-19\bin\jimage.dll
0x00007ffe92600000 - 0x00007ffe92821000 	C:\Windows\SYSTEM32\DBGHELP.DLL
0x00007ffe7bd30000 - 0x00007ffe7bd61000 	C:\Windows\SYSTEM32\dbgcore.DLL
0x00007ffe94a40000 - 0x00007ffe94abf000 	C:\Windows\System32\bcryptPrimitives.dll
0x00007ffe74820000 - 0x00007ffe74846000 	C:\Program Files\Java\jdk-19\bin\java.dll
0x00007ffe60390000 - 0x00007ffe60467000 	C:\Program Files\Java\jdk-19\bin\jsvml.dll
0x00007ffe95610000 - 0x00007ffe95dd5000 	C:\Windows\System32\SHELL32.dll
0x00007ffe929c0000 - 0x00007ffe93225000 	C:\Windows\SYSTEM32\windows.storage.dll
0x00007ffe96f70000 - 0x00007ffe972e8000 	C:\Windows\System32\combase.dll
0x00007ffe92850000 - 0x00007ffe929b6000 	C:\Windows\SYSTEM32\wintypes.dll
0x00007ffe96840000 - 0x00007ffe9692a000 	C:\Windows\System32\SHCORE.dll
0x00007ffe967e0000 - 0x00007ffe9683d000 	C:\Windows\System32\shlwapi.dll
0x00007ffe94800000 - 0x00007ffe94821000 	C:\Windows\SYSTEM32\profapi.dll
0x00007ffe7cf20000 - 0x00007ffe7cf33000 	C:\Program Files\Java\jdk-19\bin\net.dll
0x00007ffe8cf70000 - 0x00007ffe8d084000 	C:\Windows\SYSTEM32\WINHTTP.dll
0x00007ffe93df0000 - 0x00007ffe93e57000 	C:\Windows\system32\mswsock.dll
0x00007ffe75550000 - 0x00007ffe75566000 	C:\Program Files\Java\jdk-19\bin\nio.dll
0x00007ffe751f0000 - 0x00007ffe75208000 	C:\Program Files\Java\jdk-19\bin\zip.dll
0x00007ffe84190000 - 0x00007ffe841a0000 	C:\Program Files\Java\jdk-19\bin\verify.dll
0x00007ffe71ef0000 - 0x00007ffe71f17000 	C:\Users\Mokinys15\.gradle\native\68d5fa5c4cc2d200863cafc0d521ce42e7d3e7ee720ec0a83991735586a16f82\windows-amd64\native-platform.dll
0x00007ffe84160000 - 0x00007ffe8416a000 	C:\Users\Mokinys15\.gradle\native\jansi\1.18\windows64\jansi.dll
0x00007ffe83eb0000 - 0x00007ffe83eba000 	C:\Program Files\Java\jdk-19\bin\management.dll
0x00007ffe83040000 - 0x00007ffe8304b000 	C:\Program Files\Java\jdk-19\bin\management_ext.dll
0x00007ffe95e70000 - 0x00007ffe95e78000 	C:\Windows\System32\PSAPI.DLL
0x00007ffe94030000 - 0x00007ffe94048000 	C:\Windows\SYSTEM32\CRYPTSP.dll
0x00007ffe938b0000 - 0x00007ffe938e5000 	C:\Windows\system32\rsaenh.dll
0x00007ffe93ee0000 - 0x00007ffe93f09000 	C:\Windows\SYSTEM32\USERENV.dll
0x00007ffe94230000 - 0x00007ffe94257000 	C:\Windows\SYSTEM32\bcrypt.dll
0x00007ffe94050000 - 0x00007ffe9405c000 	C:\Windows\SYSTEM32\CRYPTBASE.dll
0x00007ffe93480000 - 0x00007ffe934ad000 	C:\Windows\SYSTEM32\IPHLPAPI.DLL
0x00007ffe95f70000 - 0x00007ffe95f79000 	C:\Windows\System32\NSI.dll
0x00007ffe8d280000 - 0x00007ffe8d299000 	C:\Windows\SYSTEM32\dhcpcsvc6.DLL
0x00007ffe8d990000 - 0x00007ffe8d9ae000 	C:\Windows\SYSTEM32\dhcpcsvc.DLL
0x00007ffe934f0000 - 0x00007ffe935d8000 	C:\Windows\SYSTEM32\DNSAPI.dll
0x00007ffe82990000 - 0x00007ffe82998000 	C:\Program Files\Java\jdk-19\bin\extnet.dll
0x00007ffe81cf0000 - 0x00007ffe81cfe000 	C:\Program Files\Java\jdk-19\bin\sunmscapi.dll
0x00007ffe948d0000 - 0x00007ffe94a32000 	C:\Windows\System32\CRYPT32.dll
0x00007ffe94200000 - 0x00007ffe94228000 	C:\Windows\SYSTEM32\ncrypt.dll
0x00007ffe941c0000 - 0x00007ffe941f7000 	C:\Windows\SYSTEM32\NTASN1.dll
0x00007ffe80b60000 - 0x00007ffe80b68000 	C:\Windows\system32\wshunix.dll

dbghelp: loaded successfully - version: 4.0.5 - missing functions: none
symbol engine: initialized successfully - sym options: 0x614 - pdb path: .;C:\Program Files\Java\jdk-19\bin;C:\Windows\SYSTEM32;C:\Windows\WinSxS\amd64_microsoft.windows.common-controls_6595b64144ccf1df_6.0.22000.120_none_9d947278b86cc467;C:\Program Files\Java\jdk-19\bin\server;C:\Users\Mokinys15\.gradle\native\68d5fa5c4cc2d200863cafc0d521ce42e7d3e7ee720ec0a83991735586a16f82\windows-amd64;C:\Users\Mokinys15\.gradle\native\jansi\1.18\windows64

VM Arguments:
jvm_args: -Xmx64m -Xms64m -Dorg.gradle.appname=gradlew 
java_command: org.gradle.wrapper.GradleWrapperMain app:installDebug -PreactNativeDevServerPort=8081
java_class_path (initial): C:\Users\Mokinys15\Desktop\mokiniu darbai 10\4B Redas Domkus\MUZIEJUS\Muziejaus projektas\Muziejus\android\\gradle\wrapper\gradle-wrapper.jar
Launcher Type: SUN_STANDARD

[Global flags]
     intx CICompilerCount                          = 2                                         {product} {ergonomic}
     uint ConcGCThreads                            = 1                                         {product} {ergonomic}
     uint G1ConcRefinementThreads                  = 2                                         {product} {ergonomic}
   size_t G1HeapRegionSize                         = 1048576                                   {product} {ergonomic}
    uintx GCDrainStackTargetSize                   = 64                                        {product} {ergonomic}
   size_t InitialHeapSize                          = 67108864                                  {product} {command line}
   size_t MarkStackSize                            = 4194304                                   {product} {ergonomic}
   size_t MaxHeapSize                              = 67108864                                  {product} {command line}
   size_t MaxNewSize                               = 39845888                                  {product} {ergonomic}
   size_t MinHeapDeltaBytes                        = 1048576                                   {product} {ergonomic}
   size_t MinHeapSize                              = 67108864                                  {product} {command line}
    uintx NonNMethodCodeHeapSize                   = 5826188                                {pd product} {ergonomic}
    uintx NonProfiledCodeHeapSize                  = 122916026                              {pd product} {ergonomic}
    uintx ProfiledCodeHeapSize                     = 122916026                              {pd product} {ergonomic}
    uintx ReservedCodeCacheSize                    = 251658240                              {pd product} {ergonomic}
     bool SegmentedCodeCache                       = true                                      {product} {ergonomic}
   size_t SoftMaxHeapSize                          = 67108864                               {manageable} {ergonomic}
     bool UseCompressedClassPointers               = true                           {product lp64_product} {ergonomic}
     bool UseCompressedOops                        = true                           {product lp64_product} {ergonomic}
     bool UseG1GC                                  = true                                      {product} {ergonomic}
     bool UseLargePagesIndividualAllocation        = false                                  {pd product} {ergonomic}

Logging:
Log output configuration:
 #0: stdout all=warning uptime,level,tags foldmultilines=false
 #1: stderr all=off uptime,level,tags foldmultilines=false

Environment Variables:
JAVA_HOME=C:\Program Files\Java\jdk-19
CLASSPATH=C:\Users\Mokinys15\Desktop\mokiniu darbai 10\4B Redas Domkus\MUZIEJUS\Muziejaus projektas\Muziejus\android\\gradle\wrapper\gradle-wrapper.jar
PATH=C:\Users\Mokinys15\Desktop\mokiniu darbai 10\4B Redas Domkus\MUZIEJUS\Muziejaus projektas\Muziejus\android\node_modules\.bin;C:\Users\Mokinys15\Desktop\mokiniu darbai 10\4B Redas Domkus\MUZIEJUS\Muziejaus projektas\Muziejus\node_modules\.bin;C:\Users\Mokinys15\Desktop\mokiniu darbai 10\4B Redas Domkus\MUZIEJUS\Muziejaus projektas\node_modules\.bin;C:\Users\Mokinys15\Desktop\mokiniu darbai 10\4B Redas Domkus\MUZIEJUS\node_modules\.bin;C:\Users\Mokinys15\Desktop\mokiniu darbai 10\4B Redas Domkus\node_modules\.bin;C:\Users\Mokinys15\Desktop\mokiniu darbai 10\node_modules\.bin;C:\Users\Mokinys15\Desktop\node_modules\.bin;C:\Users\Mokinys15\node_modules\.bin;C:\Users\node_modules\.bin;C:\node_modules\.bin;C:\Program Files\nodejs;C:\Users\Mokinys15\Desktop\mokiniu darbai 10\4B Redas Domkus\MUZIEJUS\Muziejaus projektas\Muziejus\node_modules\.bin;C:\Users\Mokinys15\Desktop\mokiniu darbai 10\4B Redas Domkus\MUZIEJUS\Muziejaus projektas\Muziejus\node_modules\.bin;C:\Users\Mokinys15\Desktop\mokiniu darbai 10\4B Redas Domkus\MUZIEJUS\Muziejaus projektas\node_modules\.bin;C:\Users\Mokinys15\Desktop\mokiniu darbai 10\4B Redas Domkus\MUZIEJUS\node_modules\.bin;C:\Users\Mokinys15\Desktop\mokiniu darbai 10\4B Redas Domkus\node_modules\.bin;C:\Users\Mokinys15\Desktop\mokiniu darbai 10\node_modules\.bin;C:\Users\Mokinys15\Desktop\node_modules\.bin;C:\Users\Mokinys15\node_modules\.bin;C:\Users\node_modules\.bin;C:\node_modules\.bin;C:\Users\Mokinys15\AppData\Roaming\npm\node_modules\npm\node_modules\@npmcli\run-script\lib\node-gyp-bin;C:\Program Files\Common Files\Oracle\Java\javapath;C:\Program Files\Python38\Scripts\;C:\Program Files\Python38\;C:\Windows\system32;C:\Windows;C:\Windows\System32\Wbem;C:\Windows\System32\WindowsPowerShell\v1.0\;C:\Windows\System32\OpenSSH\;C:\Program Files\nodejs\;C:\Users\Mokinys15\Desktop\mokiniu darbai 10\4B Redas Domkus\MUZIEJUS\platform-tools;C:\Users\Mokinys15\AppData\Local\Microsoft\WindowsApps;C:\Users\Mokinys15\AppData\Roaming\npm;C:\Users\Mokinys15\AppData\Local\Programs\Microsoft VS Code\bin
USERNAME=Mokinys15
LANG=en_US.UTF-8
OS=Windows_NT
PROCESSOR_IDENTIFIER=Intel64 Family 6 Model 94 Stepping 3, GenuineIntel
TMP=C:\Users\MOKINY~1\AppData\Local\Temp
TEMP=C:\Users\MOKINY~1\AppData\Local\Temp



---------------  S Y S T E M  ---------------

OS:
 Windows 11 , 64 bit Build 22000 (10.0.22000.1516)
OS uptime: 6 days 22:19 hours

CPU: total 2 (initial active 2) (2 cores per cpu, 1 threads per core) family 6 model 94 stepping 3 microcode 0xd6, cx8, cmov, fxsr, mmx, 3dnowpref, sse, sse2, sse3, ssse3, sse4.1, sse4.2, popcnt, lzcnt, tsc, tscinvbit, aes, erms, clmul, clflush, clflushopt, rdtscp

Memory: 4k page, system-wide physical 4010M (187M free)
TotalPageFile size 16298M (AvailPageFile size 5M)
current process WorkingSet (physical memory assigned to process): 86M, peak: 86M
current process commit charge ("private bytes"): 154M, peak: 154M

vm_info: Java HotSpot(TM) 64-Bit Server VM (19.0.2+7-44) for windows-amd64 JRE (19.0.2+7-44), built on 2022-11-30T18:02:09Z by "mach5one" with MS VC++ 17.1 (VS2022)

END.
