#
# There is insufficient memory for the Java Runtime Environment to continue.
# Native memory allocation (mmap) failed to map 253755392 bytes for G1 virtual space
# Possible reasons:
#   The system is out of physical RAM or swap space
#   The process is running with CompressedOops enabled, and the Java Heap may be blocking the growth of the native heap
# Possible solutions:
#   Reduce memory load on the system
#   Increase physical memory or swap space
#   Check if swap backing store is full
#   Decrease Java heap size (-Xmx/-Xms)
#   Decrease number of Java threads
#   Decrease Java thread stack sizes (-Xss)
#   Set larger code cache with -XX:ReservedCodeCacheSize=
#   JVM is running with Unscaled Compressed Oops mode in which the Java heap is
#     placed in the first 4GB address space. The Java Heap base address is the
#     maximum limit for the native heap growth. Please use -XX:HeapBaseMinAddress
#     to set the Java Heap base and to place the Java Heap above 4GB virtual address.
# This output file may be truncated or incomplete.
#
#  Out of Memory Error (os_windows.cpp:3536), pid=4044, tid=7380
#
# JRE version: Java(TM) SE Runtime Environment (19.0.2+7) (build 19.0.2+7-44)
# Java VM: Java HotSpot(TM) 64-Bit Server VM (19.0.2+7-44, mixed mode, sharing, tiered, compressed oops, compressed class ptrs, g1 gc, windows-amd64)
# No core dump will be written. Minidumps are not enabled by default on client versions of Windows
#

---------------  S U M M A R Y ------------

Command Line: -XX:MaxMetaspaceSize=512m --add-opens=java.base/java.util=ALL-UNNAMED --add-opens=java.base/java.lang=ALL-UNNAMED --add-opens=java.base/java.lang.invoke=ALL-UNNAMED --add-opens=java.prefs/java.util.prefs=ALL-UNNAMED --add-opens=java.base/java.nio.charset=ALL-UNNAMED --add-opens=java.base/java.net=ALL-UNNAMED --add-opens=java.base/java.util.concurrent.atomic=ALL-UNNAMED -Xmx2048m -Dfile.encoding=UTF-8 -Duser.country=LT -Duser.language=lt -Duser.variant org.gradle.launcher.daemon.bootstrap.GradleDaemon 7.6

Host: Intel(R) Pentium(R) CPU G4400 @ 3.30GHz, 2 cores, 3G,  Windows 11 , 64 bit Build 22000 (10.0.22000.1516)
Time: Thu Mar  9 14:32:03 2023 FLE standartinis laik elapsed time: 1160.191449 seconds (0d 0h 19m 20s)

---------------  T H R E A D  ---------------

Current thread (0x0000021b3d5b9650):  VMThread "VM Thread" [stack: 0x000000f88cc00000,0x000000f88cd00000] [id=7380]

Stack: [0x000000f88cc00000,0x000000f88cd00000]
Native frames: (J=compiled Java code, j=interpreted, Vv=VM code, C=native code)
V  [jvm.dll+0x6ee21a]
V  [jvm.dll+0x85765e]
V  [jvm.dll+0x85904e]
V  [jvm.dll+0x859703]
V  [jvm.dll+0x28298f]
V  [jvm.dll+0x6eb009]
V  [jvm.dll+0x6dfbaa]
V  [jvm.dll+0x3573f6]
V  [jvm.dll+0x35ee56]
V  [jvm.dll+0x3b541e]
V  [jvm.dll+0x3b564f]
V  [jvm.dll+0x32c9ea]
V  [jvm.dll+0x32ca97]
V  [jvm.dll+0x374cd2]
V  [jvm.dll+0x37340f]
V  [jvm.dll+0x32c210]
V  [jvm.dll+0x3729ab]
V  [jvm.dll+0x85ebc3]
V  [jvm.dll+0x85f989]
V  [jvm.dll+0x85febd]
V  [jvm.dll+0x86034b]
V  [jvm.dll+0x860407]
V  [jvm.dll+0x80125a]
V  [jvm.dll+0x6ecf0b]
C  [ucrtbase.dll+0x26c0c]
C  [KERNEL32.DLL+0x155a0]
C  [ntdll.dll+0x485b]

VM_Operation (0x000000f88def7e40): G1CollectForAllocation, mode: safepoint, requested by thread 0x0000021b47b29a70


---------------  P R O C E S S  ---------------

Threads class SMR info:
_java_thread_list=0x0000021b452de0a0, length=67, elements={
0x0000021b1faf5260, 0x0000021b3d5d8750, 0x0000021b3d5d9220, 0x0000021b3d5d9cf0,
0x0000021b3d5dc630, 0x0000021b3d5dcf60, 0x0000021b3d5dd890, 0x0000021b3d5de4f0,
0x0000021b3d6462f0, 0x0000021b3d64b8a0, 0x0000021b41824eb0, 0x0000021b4183f7c0,
0x0000021b422df3e0, 0x0000021b433baf00, 0x0000021b422de0d0, 0x0000021b4316c130,
0x0000021b4316d670, 0x0000021b4316abf0, 0x0000021b4316dbc0, 0x0000021b4316bbe0,
0x0000021b439c9680, 0x0000021b439c6c00, 0x0000021b439c9130, 0x0000021b439c5c10,
0x0000021b439c3c30, 0x0000021b43dde6c0, 0x0000021b476fed00, 0x0000021b476ff7a0,
0x0000021b476ffcf0, 0x0000021b47b23030, 0x0000021b47b24020, 0x0000021b47b28530,
0x0000021b47b29a70, 0x0000021b47b25ab0, 0x0000021b47b23580, 0x0000021b47b27fe0,
0x0000021b47b22590, 0x0000021b47b22ae0, 0x0000021b47b27540, 0x0000021b47b22040,
0x0000021b47b25010, 0x0000021b47b27a90, 0x0000021b47b24570, 0x0000021b47b24ac0,
0x0000021b47b25560, 0x0000021b47b26000, 0x0000021b47b26550, 0x0000021b47b26aa0,
0x0000021b47b26ff0, 0x0000021b439c5170, 0x0000021b439c9bd0, 0x0000021b439c3190,
0x0000021b439c46d0, 0x0000021b439c4180, 0x0000021b439c4c20, 0x0000021b439c7bf0,
0x0000021b439c36e0, 0x0000021b439c8690, 0x0000021b439c6160, 0x0000021b439c76a0,
0x0000021b439c56c0, 0x0000021b439c8140, 0x0000021b439c8be0, 0x0000021b439ca670,
0x0000021b439c2c40, 0x0000021b43ddec10, 0x0000021b43ddf160
}

Java Threads: ( => current thread )
  0x0000021b1faf5260 JavaThread "main" [_thread_blocked, id=10412, stack(0x000000f88c600000,0x000000f88c700000)]
  0x0000021b3d5d8750 JavaThread "Reference Handler" daemon [_thread_blocked, id=6260, stack(0x000000f88cd00000,0x000000f88ce00000)]
  0x0000021b3d5d9220 JavaThread "Finalizer" daemon [_thread_blocked, id=2768, stack(0x000000f88ce00000,0x000000f88cf00000)]
  0x0000021b3d5d9cf0 JavaThread "Signal Dispatcher" daemon [_thread_blocked, id=1260, stack(0x000000f88cf00000,0x000000f88d000000)]
  0x0000021b3d5dc630 JavaThread "Attach Listener" daemon [_thread_blocked, id=2936, stack(0x000000f88d000000,0x000000f88d100000)]
  0x0000021b3d5dcf60 JavaThread "Service Thread" daemon [_thread_blocked, id=12976, stack(0x000000f88d100000,0x000000f88d200000)]
  0x0000021b3d5dd890 JavaThread "Monitor Deflation Thread" daemon [_thread_blocked, id=7320, stack(0x000000f88d200000,0x000000f88d300000)]
  0x0000021b3d5de4f0 JavaThread "C2 CompilerThread0" daemon [_thread_blocked, id=12000, stack(0x000000f88d300000,0x000000f88d400000)]
  0x0000021b3d6462f0 JavaThread "C1 CompilerThread0" daemon [_thread_blocked, id=6716, stack(0x000000f88d400000,0x000000f88d500000)]
  0x0000021b3d64b8a0 JavaThread "Sweeper thread" daemon [_thread_blocked, id=8688, stack(0x000000f88d500000,0x000000f88d600000)]
  0x0000021b41824eb0 JavaThread "Common-Cleaner" daemon [_thread_blocked, id=10476, stack(0x000000f88d600000,0x000000f88d700000)]
  0x0000021b4183f7c0 JavaThread "Notification Thread" daemon [_thread_blocked, id=1580, stack(0x000000f88d700000,0x000000f88d800000)]
  0x0000021b422df3e0 JavaThread "Daemon health stats" [_thread_blocked, id=9788, stack(0x000000f88da00000,0x000000f88db00000)]
  0x0000021b433baf00 JavaThread "Incoming local TCP Connector on port 58713" [_thread_in_native, id=2808, stack(0x000000f88db00000,0x000000f88dc00000)]
  0x0000021b422de0d0 JavaThread "Daemon periodic checks" [_thread_blocked, id=11916, stack(0x000000f88dc00000,0x000000f88dd00000)]
  0x0000021b4316c130 JavaThread "Cache worker for journal cache (C:\Users\Mokinys15\.gradle\caches\journal-1)" [_thread_blocked, id=3428, stack(0x000000f88e400000,0x000000f88e500000)]
  0x0000021b4316d670 JavaThread "File lock request listener" [_thread_in_native, id=11324, stack(0x000000f88e500000,0x000000f88e600000)]
  0x0000021b4316abf0 JavaThread "Cache worker for file hash cache (C:\Users\Mokinys15\.gradle\caches\7.6\fileHashes)" [_thread_blocked, id=2364, stack(0x000000f88e600000,0x000000f88e700000)]
  0x0000021b4316dbc0 JavaThread "File watcher server" daemon [_thread_blocked, id=1076, stack(0x000000f88e700000,0x000000f88e800000)]
  0x0000021b4316bbe0 JavaThread "File watcher consumer" daemon [_thread_blocked, id=7288, stack(0x000000f88e800000,0x000000f88e900000)]
  0x0000021b439c9680 JavaThread "Cache worker for file content cache (C:\Users\Mokinys15\.gradle\caches\7.6\fileContent)" [_thread_blocked, id=8728, stack(0x000000f88eb00000,0x000000f88ec00000)]
  0x0000021b439c6c00 JavaThread "Cache worker for execution history cache (C:\Users\Mokinys15\.gradle\caches\7.6\executionHistory)" [_thread_blocked, id=10284, stack(0x000000f88ee00000,0x000000f88ef00000)]
  0x0000021b439c9130 JavaThread "jar transforms" [_thread_blocked, id=5864, stack(0x000000f88ef00000,0x000000f88f000000)]
  0x0000021b439c5c10 JavaThread "jar transforms Thread 2" [_thread_blocked, id=5436, stack(0x000000f88f000000,0x000000f88f100000)]
  0x0000021b439c3c30 JavaThread "Cache worker for kotlin-dsl (C:\Users\Mokinys15\.gradle\caches\7.6\kotlin-dsl)" [_thread_blocked, id=9752, stack(0x000000f88f100000,0x000000f88f200000)]
  0x0000021b43dde6c0 JavaThread "Memory manager" [_thread_blocked, id=1276, stack(0x000000f890900000,0x000000f890a00000)]
  0x0000021b476fed00 JavaThread "Monitor" [_thread_in_native, id=5664, stack(0x000000f891100000,0x000000f891200000)]
  0x0000021b476ff7a0 JavaThread "JdwpProxyConnection" [_thread_in_native, id=3728, stack(0x000000f891200000,0x000000f891300000)]
  0x0000021b476ffcf0 JavaThread "Device List Monitor" [_thread_in_native, id=9116, stack(0x000000f891300000,0x000000f891400000)]
  0x0000021b47b23030 JavaThread "Daemon Thread 3" [_thread_blocked, id=13036, stack(0x000000f88c400000,0x000000f88c500000)]
  0x0000021b47b24020 JavaThread "Handler for socket connection from /127.0.0.1:58713 to /127.0.0.1:59153" [_thread_in_native, id=2860, stack(0x000000f88c500000,0x000000f88c600000)]
  0x0000021b47b28530 JavaThread "Cancel handler" [_thread_blocked, id=8592, stack(0x000000f88dd00000,0x000000f88de00000)]
  0x0000021b47b29a70 JavaThread "Daemon worker Thread 3" [_thread_blocked, id=12636, stack(0x000000f88de00000,0x000000f88df00000)]
  0x0000021b47b25ab0 JavaThread "Asynchronous log dispatcher for DefaultDaemonConnection: socket connection from /127.0.0.1:58713 to /127.0.0.1:59153" [_thread_blocked, id=5280, stack(0x000000f88df00000,0x000000f88e000000)]
  0x0000021b47b23580 JavaThread "Stdin handler" [_thread_blocked, id=10164, stack(0x000000f88e000000,0x000000f88e100000)]
  0x0000021b47b27fe0 JavaThread "Daemon client event forwarder" [_thread_blocked, id=11536, stack(0x000000f88e100000,0x000000f88e200000)]
  0x0000021b47b22590 JavaThread "Cache worker for checksums cache (C:\Users\Mokinys15\Desktop\mokiniu darbai 10\4B Redas Domkus\MUZIEJUS\Muziejaus projektas\Muziejus\android\.gradle\7.6\checksums)" [_thread_blocked, id=10304, stack(0x000000f88e200000,0x000000f88e300000)]
  0x0000021b47b22ae0 JavaThread "Cache worker for cache directory md-rule (C:\Users\Mokinys15\.gradle\caches\7.6\md-rule)" [_thread_blocked, id=6764, stack(0x000000f88e300000,0x000000f88e400000)]
  0x0000021b47b27540 JavaThread "Cache worker for file hash cache (C:\Users\Mokinys15\Desktop\mokiniu darbai 10\4B Redas Domkus\MUZIEJUS\Muziejaus projektas\Muziejus\android\.gradle\7.6\fileHashes)" [_thread_blocked, id=4000, stack(0x000000f88e900000,0x000000f88ea00000)]
  0x0000021b47b22040 JavaThread "Cache worker for cache directory md-supplier (C:\Users\Mokinys15\.gradle\caches\7.6\md-supplier)" [_thread_blocked, id=2924, stack(0x000000f88ea00000,0x000000f88eb00000)]
  0x0000021b47b25010 JavaThread "Cache worker for dependencies-accessors (C:\Users\Mokinys15\Desktop\mokiniu darbai 10\4B Redas Domkus\MUZIEJUS\Muziejaus projektas\Muziejus\android\.gradle\7.6\dependencies-accessors)" [_thread_blocked, id=1228, stack(0x000000f88ec00000,0x000000f88ed00000)]
  0x0000021b47b27a90 JavaThread "Cache worker for Build Output Cleanup Cache (C:\Users\Mokinys15\Desktop\mokiniu darbai 10\4B Redas Domkus\MUZIEJUS\Muziejaus projektas\Muziejus\node_modules\react-native-gradle-plugin\.gradle\buildOutputCleanup)" [_thread_blocked, id=2144, stack(0x000000f88ed00000,0x000000f88ee00000)]
  0x0000021b47b24570 JavaThread "Unconstrained build operations" [_thread_blocked, id=9144, stack(0x000000f88f200000,0x000000f88f300000)]
  0x0000021b47b24ac0 JavaThread "Unconstrained build operations Thread 2" [_thread_blocked, id=2360, stack(0x000000f88f300000,0x000000f88f400000)]
  0x0000021b47b25560 JavaThread "Unconstrained build operations Thread 3" [_thread_blocked, id=1952, stack(0x000000f88f400000,0x000000f88f500000)]
  0x0000021b47b26000 JavaThread "Unconstrained build operations Thread 4" [_thread_blocked, id=2256, stack(0x000000f88f500000,0x000000f88f600000)]
  0x0000021b47b26550 JavaThread "Unconstrained build operations Thread 5" [_thread_blocked, id=12720, stack(0x000000f88f600000,0x000000f88f700000)]
  0x0000021b47b26aa0 JavaThread "Unconstrained build operations Thread 6" [_thread_blocked, id=5428, stack(0x000000f88f700000,0x000000f88f800000)]
  0x0000021b47b26ff0 JavaThread "Unconstrained build operations Thread 7" [_thread_blocked, id=8740, stack(0x000000f88f800000,0x000000f88f900000)]
  0x0000021b439c5170 JavaThread "Unconstrained build operations Thread 8" [_thread_blocked, id=4776, stack(0x000000f88f900000,0x000000f88fa00000)]
  0x0000021b439c9bd0 JavaThread "Unconstrained build operations Thread 9" [_thread_blocked, id=7744, stack(0x000000f88fa00000,0x000000f88fb00000)]
  0x0000021b439c3190 JavaThread "Unconstrained build operations Thread 10" [_thread_blocked, id=8000, stack(0x000000f88fb00000,0x000000f88fc00000)]
  0x0000021b439c46d0 JavaThread "Unconstrained build operations Thread 11" [_thread_blocked, id=4184, stack(0x000000f88fc00000,0x000000f88fd00000)]
  0x0000021b439c4180 JavaThread "Unconstrained build operations Thread 12" [_thread_blocked, id=6680, stack(0x000000f88fd00000,0x000000f88fe00000)]
  0x0000021b439c4c20 JavaThread "Unconstrained build operations Thread 13" [_thread_blocked, id=12968, stack(0x000000f88fe00000,0x000000f88ff00000)]
  0x0000021b439c7bf0 JavaThread "Unconstrained build operations Thread 14" [_thread_blocked, id=5364, stack(0x000000f88ff00000,0x000000f890000000)]
  0x0000021b439c36e0 JavaThread "Unconstrained build operations Thread 15" [_thread_blocked, id=5144, stack(0x000000f890000000,0x000000f890100000)]
  0x0000021b439c8690 JavaThread "Unconstrained build operations Thread 16" [_thread_blocked, id=2584, stack(0x000000f890100000,0x000000f890200000)]
  0x0000021b439c6160 JavaThread "Unconstrained build operations Thread 17" [_thread_blocked, id=6056, stack(0x000000f890200000,0x000000f890300000)]
  0x0000021b439c76a0 JavaThread "Unconstrained build operations Thread 18" [_thread_blocked, id=1128, stack(0x000000f890300000,0x000000f890400000)]
  0x0000021b439c56c0 JavaThread "Unconstrained build operations Thread 19" [_thread_blocked, id=6356, stack(0x000000f890400000,0x000000f890500000)]
  0x0000021b439c8140 JavaThread "Unconstrained build operations Thread 20" [_thread_blocked, id=12416, stack(0x000000f890500000,0x000000f890600000)]
  0x0000021b439c8be0 JavaThread "build event listener" [_thread_blocked, id=10620, stack(0x000000f890600000,0x000000f890700000)]
  0x0000021b439ca670 JavaThread "Cache worker for Build Output Cleanup Cache (C:\Users\Mokinys15\Desktop\mokiniu darbai 10\4B Redas Domkus\MUZIEJUS\Muziejaus projektas\Muziejus\android\.gradle\buildOutputCleanup)" [_thread_blocked, id=8804, stack(0x000000f890700000,0x000000f890800000)]
  0x0000021b439c2c40 JavaThread "included builds" [_thread_blocked, id=1136, stack(0x000000f890800000,0x000000f890900000)]
  0x0000021b43ddec10 JavaThread "Execution worker" [_thread_blocked, id=11932, stack(0x000000f890a00000,0x000000f890b00000)]
  0x0000021b43ddf160 JavaThread "Cache worker for execution history cache (C:\Users\Mokinys15\Desktop\mokiniu darbai 10\4B Redas Domkus\MUZIEJUS\Muziejaus projektas\Muziejus\node_modules\react-native-gradle-plugin\.gradle\7.6\executionHistory)" [_thread_blocked, id=3976, stack(0x000000f890b00000,0x000000f890c00000)]

Other Threads:
=>0x0000021b3d5b9650 VMThread "VM Thread" [stack: 0x000000f88cc00000,0x000000f88cd00000] [id=7380]
  0x0000021b41873990 WatcherThread "VM Periodic Task Thread" [stack: 0x000000f88d800000,0x000000f88d900000] [id=1676]
  0x0000021b1fb55310 WorkerThread "GC Thread#0" [stack: 0x000000f88c700000,0x000000f88c800000] [id=10552]
  0x0000021b418e64f0 WorkerThread "GC Thread#1" [stack: 0x000000f88d900000,0x000000f88da00000] [id=11572]
  0x0000021b1fb66270 ConcurrentGCThread "G1 Main Marker" [stack: 0x000000f88c800000,0x000000f88c900000] [id=2664]
  0x0000021b1fb66fa0 WorkerThread "G1 Conc#0" [stack: 0x000000f88c900000,0x000000f88ca00000] [id=12252]
  0x0000021b1fbb28c0 ConcurrentGCThread "G1 Refine#0" [stack: 0x000000f88ca00000,0x000000f88cb00000] [id=7460]
  0x0000021b1fbb3700 ConcurrentGCThread "G1 Service" [stack: 0x000000f88cb00000,0x000000f88cc00000] [id=11380]

Threads with active compile tasks:
C2 CompilerThread0  1160239 19679   !   4       org.gradle.internal.snapshot.FileSystemLeafSnapshot::accept (36 bytes)

VM state: at safepoint (normal execution)

VM Mutex/Monitor currently owned by a thread:  ([mutex/lock_event])
[0x0000021b1faefb90] Threads_lock - owner thread: 0x0000021b3d5b9650
[0x0000021b1faf1960] Heap_lock - owner thread: 0x0000021b47b29a70

Heap address: 0x0000000080000000, size: 2048 MB, Compressed Oops mode: 32-bit

CDS archive(s) mapped at: [0x0000000800000000-0x0000000800c40000-0x0000000800c40000), size 12845056, SharedBaseAddress: 0x0000000800000000, ArchiveRelocationMode: 0.
Compressed class space mapped at: 0x0000000801000000-0x000000081ac00000, reserved size: 432013312
Narrow klass base: 0x0000000800000000, Narrow klass shift: 0, Narrow klass range: 0x100000000

GC Precious Log:
 CardTable entry size: 512
 Card Set container configuration: InlinePtr #cards 5 size 8 Array Of Cards #cards 12 size 40 Howl #buckets 4 coarsen threshold 1843 Howl Bitmap #cards 512 size 80 coarsen threshold 460 Card regions per heap region 1 cards per card region 2048
 CPUs: 2 total, 2 available
 Memory: 4010M
 Large Page Support: Disabled
 NUMA Support: Disabled
 Compressed Oops: Enabled (32-bit)
 Heap Region Size: 1M
 Heap Min Capacity: 8M
 Heap Initial Capacity: 64M
 Heap Max Capacity: 2G
 Pre-touch: Disabled
 Parallel Workers: 2
 Concurrent Workers: 1
 Concurrent Refinement Workers: 2
 Periodic GC: Disabled

Heap:
 garbage-first heap   total 294912K, used 243552K [0x0000000080000000, 0x0000000100000000)
  region size 1024K, 3 young (3072K), 3 survivors (3072K)
 Metaspace       used 109709K, committed 111936K, reserved 552960K
  class space    used 14390K, committed 15552K, reserved 421888K

Heap Regions: E=young(eden), S=young(survivor), O=old, HS=humongous(starts), HC=humongous(continues), CS=collection set, F=free, OA=open archive, CA=closed archive, TAMS=top-at-mark-start (previous, next)
|   0|0x0000000080000000, 0x0000000080100000, 0x0000000080100000|100%| O|  |TAMS 0x0000000080100000, 0x0000000080000000| Untracked 
|   1|0x0000000080100000, 0x0000000080200000, 0x0000000080200000|100%| O|  |TAMS 0x0000000080200000, 0x0000000080100000| Untracked 
|   2|0x0000000080200000, 0x0000000080300000, 0x0000000080300000|100%| O|  |TAMS 0x0000000080300000, 0x0000000080200000| Untracked 
|   3|0x0000000080300000, 0x0000000080400000, 0x0000000080400000|100%|HS|  |TAMS 0x0000000080400000, 0x0000000080300000| Complete 
|   4|0x0000000080400000, 0x0000000080500000, 0x0000000080500000|100%|HC|  |TAMS 0x0000000080500000, 0x0000000080400000| Complete 
|   5|0x0000000080500000, 0x0000000080600000, 0x0000000080600000|100%|HC|  |TAMS 0x0000000080600000, 0x0000000080500000| Complete 
|   6|0x0000000080600000, 0x0000000080700000, 0x0000000080700000|100%| O|  |TAMS 0x0000000080700000, 0x0000000080600000| Untracked 
|   7|0x0000000080700000, 0x0000000080800000, 0x0000000080800000|100%| O|  |TAMS 0x0000000080800000, 0x0000000080700000| Untracked 
|   8|0x0000000080800000, 0x0000000080900000, 0x0000000080900000|100%| O|  |TAMS 0x0000000080900000, 0x0000000080800000| Untracked 
|   9|0x0000000080900000, 0x0000000080a00000, 0x0000000080a00000|100%| O|  |TAMS 0x0000000080a00000, 0x0000000080900000| Untracked 
|  10|0x0000000080a00000, 0x0000000080b00000, 0x0000000080b00000|100%| O|  |TAMS 0x0000000080b00000, 0x0000000080a00000| Untracked 
|  11|0x0000000080b00000, 0x0000000080c00000, 0x0000000080c00000|100%| O|  |TAMS 0x0000000080c00000, 0x0000000080b00000| Untracked 
|  12|0x0000000080c00000, 0x0000000080d00000, 0x0000000080d00000|100%| O|  |TAMS 0x0000000080d00000, 0x0000000080c00000| Untracked 
|  13|0x0000000080d00000, 0x0000000080e00000, 0x0000000080e00000|100%| O|  |TAMS 0x0000000080e00000, 0x0000000080d00000| Untracked 
|  14|0x0000000080e00000, 0x0000000080f00000, 0x0000000080f00000|100%| O|  |TAMS 0x0000000080f00000, 0x0000000080e00000| Untracked 
|  15|0x0000000080f00000, 0x0000000081000000, 0x0000000081000000|100%| O|  |TAMS 0x0000000081000000, 0x0000000080f00000| Untracked 
|  16|0x0000000081000000, 0x0000000081100000, 0x0000000081100000|100%| O|  |TAMS 0x0000000081100000, 0x0000000081000000| Untracked 
|  17|0x0000000081100000, 0x0000000081200000, 0x0000000081200000|100%|HS|  |TAMS 0x0000000081200000, 0x0000000081100000| Complete 
|  18|0x0000000081200000, 0x0000000081300000, 0x0000000081300000|100%| O|  |TAMS 0x0000000081300000, 0x0000000081200000| Untracked 
|  19|0x0000000081300000, 0x0000000081400000, 0x0000000081400000|100%| O|  |TAMS 0x0000000081400000, 0x0000000081300000| Untracked 
|  20|0x0000000081400000, 0x0000000081500000, 0x0000000081500000|100%| O|  |TAMS 0x0000000081500000, 0x0000000081400000| Untracked 
|  21|0x0000000081500000, 0x0000000081600000, 0x0000000081600000|100%| O|  |TAMS 0x0000000081600000, 0x0000000081500000| Untracked 
|  22|0x0000000081600000, 0x0000000081700000, 0x0000000081700000|100%| O|  |TAMS 0x0000000081700000, 0x0000000081600000| Untracked 
|  23|0x0000000081700000, 0x0000000081800000, 0x0000000081800000|100%| O|  |TAMS 0x0000000081800000, 0x0000000081700000| Untracked 
|  24|0x0000000081800000, 0x0000000081900000, 0x0000000081900000|100%| O|  |TAMS 0x0000000081900000, 0x0000000081800000| Untracked 
|  25|0x0000000081900000, 0x0000000081a00000, 0x0000000081a00000|100%| O|  |TAMS 0x0000000081a00000, 0x0000000081900000| Untracked 
|  26|0x0000000081a00000, 0x0000000081b00000, 0x0000000081b00000|100%| O|  |TAMS 0x0000000081b00000, 0x0000000081a00000| Untracked 
|  27|0x0000000081b00000, 0x0000000081c00000, 0x0000000081c00000|100%| O|  |TAMS 0x0000000081c00000, 0x0000000081b00000| Untracked 
|  28|0x0000000081c00000, 0x0000000081d00000, 0x0000000081d00000|100%| O|  |TAMS 0x0000000081d00000, 0x0000000081c00000| Untracked 
|  29|0x0000000081d00000, 0x0000000081e00000, 0x0000000081e00000|100%| O|  |TAMS 0x0000000081e00000, 0x0000000081d00000| Untracked 
|  30|0x0000000081e00000, 0x0000000081f00000, 0x0000000081f00000|100%| O|  |TAMS 0x0000000081f00000, 0x0000000081e00000| Untracked 
|  31|0x0000000081f00000, 0x0000000082000000, 0x0000000082000000|100%| O|  |TAMS 0x0000000082000000, 0x0000000081f00000| Untracked 
|  32|0x0000000082000000, 0x0000000082100000, 0x0000000082100000|100%|HS|  |TAMS 0x0000000082100000, 0x0000000082000000| Complete 
|  33|0x0000000082100000, 0x0000000082200000, 0x0000000082200000|100%|HS|  |TAMS 0x0000000082200000, 0x0000000082100000| Complete 
|  34|0x0000000082200000, 0x0000000082300000, 0x0000000082300000|100%|HC|  |TAMS 0x0000000082300000, 0x0000000082200000| Complete 
|  35|0x0000000082300000, 0x0000000082400000, 0x0000000082400000|100%|HC|  |TAMS 0x0000000082400000, 0x0000000082300000| Complete 
|  36|0x0000000082400000, 0x0000000082500000, 0x0000000082500000|100%| O|  |TAMS 0x0000000082500000, 0x0000000082400000| Untracked 
|  37|0x0000000082500000, 0x0000000082600000, 0x0000000082600000|100%| O|  |TAMS 0x0000000082600000, 0x0000000082500000| Untracked 
|  38|0x0000000082600000, 0x0000000082700000, 0x0000000082700000|100%| O|  |TAMS 0x0000000082700000, 0x0000000082600000| Untracked 
|  39|0x0000000082700000, 0x0000000082800000, 0x0000000082800000|100%| O|  |TAMS 0x0000000082800000, 0x0000000082700000| Untracked 
|  40|0x0000000082800000, 0x0000000082900000, 0x0000000082900000|100%| O|  |TAMS 0x0000000082900000, 0x0000000082800000| Untracked 
|  41|0x0000000082900000, 0x0000000082a00000, 0x0000000082a00000|100%| O|  |TAMS 0x0000000082a00000, 0x0000000082900000| Untracked 
|  42|0x0000000082a00000, 0x0000000082b00000, 0x0000000082b00000|100%| O|  |TAMS 0x0000000082b00000, 0x0000000082a00000| Untracked 
|  43|0x0000000082b00000, 0x0000000082c00000, 0x0000000082c00000|100%| O|  |TAMS 0x0000000082c00000, 0x0000000082b00000| Untracked 
|  44|0x0000000082c00000, 0x0000000082d00000, 0x0000000082d00000|100%| O|  |TAMS 0x0000000082d00000, 0x0000000082c00000| Untracked 
|  45|0x0000000082d00000, 0x0000000082e00000, 0x0000000082e00000|100%| O|  |TAMS 0x0000000082e00000, 0x0000000082d00000| Untracked 
|  46|0x0000000082e00000, 0x0000000082f00000, 0x0000000082f00000|100%| O|  |TAMS 0x0000000082f00000, 0x0000000082e00000| Untracked 
|  47|0x0000000082f00000, 0x0000000083000000, 0x0000000083000000|100%| O|  |TAMS 0x0000000083000000, 0x0000000082f00000| Untracked 
|  48|0x0000000083000000, 0x0000000083100000, 0x0000000083100000|100%| O|  |TAMS 0x0000000083100000, 0x0000000083000000| Untracked 
|  49|0x0000000083100000, 0x0000000083200000, 0x0000000083200000|100%| O|  |TAMS 0x0000000083200000, 0x0000000083100000| Untracked 
|  50|0x0000000083200000, 0x0000000083300000, 0x0000000083300000|100%| O|  |TAMS 0x0000000083300000, 0x0000000083200000| Untracked 
|  51|0x0000000083300000, 0x0000000083400000, 0x0000000083400000|100%| O|  |TAMS 0x0000000083400000, 0x0000000083300000| Untracked 
|  52|0x0000000083400000, 0x0000000083500000, 0x0000000083500000|100%| O|  |TAMS 0x0000000083500000, 0x0000000083400000| Untracked 
|  53|0x0000000083500000, 0x0000000083600000, 0x0000000083600000|100%|HS|  |TAMS 0x0000000083600000, 0x0000000083500000| Complete 
|  54|0x0000000083600000, 0x0000000083700000, 0x0000000083700000|100%| O|  |TAMS 0x0000000083700000, 0x0000000083600000| Untracked 
|  55|0x0000000083700000, 0x0000000083800000, 0x0000000083800000|100%|HS|  |TAMS 0x0000000083800000, 0x0000000083700000| Complete 
|  56|0x0000000083800000, 0x0000000083900000, 0x0000000083900000|100%|HC|  |TAMS 0x0000000083900000, 0x0000000083800000| Complete 
|  57|0x0000000083900000, 0x0000000083a00000, 0x0000000083a00000|100%| O|  |TAMS 0x0000000083900000, 0x0000000083900000| Untracked 
|  58|0x0000000083a00000, 0x0000000083b00000, 0x0000000083b00000|100%| O|  |TAMS 0x0000000083b00000, 0x0000000083a00000| Untracked 
|  59|0x0000000083b00000, 0x0000000083c00000, 0x0000000083c00000|100%| O|  |TAMS 0x0000000083c00000, 0x0000000083b00000| Untracked 
|  60|0x0000000083c00000, 0x0000000083d00000, 0x0000000083d00000|100%| O|  |TAMS 0x0000000083d00000, 0x0000000083c00000| Untracked 
|  61|0x0000000083d00000, 0x0000000083e00000, 0x0000000083e00000|100%| O|  |TAMS 0x0000000083e00000, 0x0000000083d00000| Untracked 
|  62|0x0000000083e00000, 0x0000000083f00000, 0x0000000083f00000|100%| O|  |TAMS 0x0000000083f00000, 0x0000000083e00000| Untracked 
|  63|0x0000000083f00000, 0x0000000084000000, 0x0000000084000000|100%| O|  |TAMS 0x0000000084000000, 0x0000000083f00000| Untracked 
|  64|0x0000000084000000, 0x0000000084100000, 0x0000000084100000|100%| O|  |TAMS 0x0000000084100000, 0x0000000084000000| Untracked 
|  65|0x0000000084100000, 0x0000000084200000, 0x0000000084200000|100%| O|  |TAMS 0x0000000084200000, 0x0000000084100000| Untracked 
|  66|0x0000000084200000, 0x0000000084300000, 0x0000000084300000|100%| O|  |TAMS 0x0000000084300000, 0x0000000084200000| Untracked 
|  67|0x0000000084300000, 0x0000000084400000, 0x0000000084400000|100%| O|  |TAMS 0x0000000084400000, 0x0000000084300000| Untracked 
|  68|0x0000000084400000, 0x0000000084500000, 0x0000000084500000|100%| O|  |TAMS 0x0000000084500000, 0x0000000084400000| Untracked 
|  69|0x0000000084500000, 0x0000000084600000, 0x0000000084600000|100%| O|  |TAMS 0x0000000084600000, 0x0000000084500000| Untracked 
|  70|0x0000000084600000, 0x0000000084700000, 0x0000000084700000|100%| O|  |TAMS 0x0000000084700000, 0x0000000084600000| Untracked 
|  71|0x0000000084700000, 0x0000000084800000, 0x0000000084800000|100%| O|  |TAMS 0x0000000084800000, 0x0000000084700000| Untracked 
|  72|0x0000000084800000, 0x0000000084900000, 0x0000000084900000|100%| O|  |TAMS 0x0000000084900000, 0x0000000084800000| Untracked 
|  73|0x0000000084900000, 0x0000000084a00000, 0x0000000084a00000|100%|HS|  |TAMS 0x0000000084a00000, 0x0000000084900000| Complete 
|  74|0x0000000084a00000, 0x0000000084b00000, 0x0000000084b00000|100%|HS|  |TAMS 0x0000000084b00000, 0x0000000084a00000| Complete 
|  75|0x0000000084b00000, 0x0000000084c00000, 0x0000000084c00000|100%|HS|  |TAMS 0x0000000084c00000, 0x0000000084b00000| Complete 
|  76|0x0000000084c00000, 0x0000000084d00000, 0x0000000084d00000|100%|HS|  |TAMS 0x0000000084d00000, 0x0000000084c00000| Complete 
|  77|0x0000000084d00000, 0x0000000084e00000, 0x0000000084e00000|100%|HC|  |TAMS 0x0000000084e00000, 0x0000000084d00000| Complete 
|  78|0x0000000084e00000, 0x0000000084f00000, 0x0000000084f00000|100%|HC|  |TAMS 0x0000000084f00000, 0x0000000084e00000| Complete 
|  79|0x0000000084f00000, 0x0000000085000000, 0x0000000085000000|100%|HS|  |TAMS 0x0000000085000000, 0x0000000084f00000| Complete 
|  80|0x0000000085000000, 0x0000000085100000, 0x0000000085100000|100%|HS|  |TAMS 0x0000000085100000, 0x0000000085000000| Complete 
|  81|0x0000000085100000, 0x0000000085200000, 0x0000000085200000|100%|HC|  |TAMS 0x0000000085200000, 0x0000000085100000| Complete 
|  82|0x0000000085200000, 0x0000000085300000, 0x0000000085300000|100%|HC|  |TAMS 0x0000000085300000, 0x0000000085200000| Complete 
|  83|0x0000000085300000, 0x0000000085400000, 0x0000000085400000|100%| O|  |TAMS 0x0000000085400000, 0x0000000085300000| Untracked 
|  84|0x0000000085400000, 0x0000000085500000, 0x0000000085500000|100%| O|  |TAMS 0x0000000085500000, 0x0000000085400000| Untracked 
|  85|0x0000000085500000, 0x0000000085600000, 0x0000000085600000|100%| O|  |TAMS 0x0000000085600000, 0x0000000085500000| Untracked 
|  86|0x0000000085600000, 0x0000000085700000, 0x0000000085700000|100%| O|  |TAMS 0x0000000085700000, 0x0000000085600000| Untracked 
|  87|0x0000000085700000, 0x0000000085800000, 0x0000000085800000|100%| O|  |TAMS 0x0000000085800000, 0x0000000085700000| Untracked 
|  88|0x0000000085800000, 0x0000000085900000, 0x0000000085900000|100%| O|  |TAMS 0x0000000085900000, 0x0000000085800000| Untracked 
|  89|0x0000000085900000, 0x0000000085a00000, 0x0000000085a00000|100%|HS|  |TAMS 0x0000000085a00000, 0x0000000085900000| Complete 
|  90|0x0000000085a00000, 0x0000000085b00000, 0x0000000085b00000|100%| O|  |TAMS 0x0000000085b00000, 0x0000000085a00000| Untracked 
|  91|0x0000000085b00000, 0x0000000085c00000, 0x0000000085c00000|100%| O|  |TAMS 0x0000000085c00000, 0x0000000085b00000| Untracked 
|  92|0x0000000085c00000, 0x0000000085d00000, 0x0000000085d00000|100%| O|  |TAMS 0x0000000085d00000, 0x0000000085c00000| Untracked 
|  93|0x0000000085d00000, 0x0000000085e00000, 0x0000000085e00000|100%| O|  |TAMS 0x0000000085e00000, 0x0000000085d00000| Untracked 
|  94|0x0000000085e00000, 0x0000000085f00000, 0x0000000085f00000|100%| O|  |TAMS 0x0000000085f00000, 0x0000000085e00000| Untracked 
|  95|0x0000000085f00000, 0x0000000086000000, 0x0000000086000000|100%| O|  |TAMS 0x0000000086000000, 0x0000000085f00000| Untracked 
|  96|0x0000000086000000, 0x0000000086100000, 0x0000000086100000|100%| O|  |TAMS 0x0000000086100000, 0x0000000086000000| Untracked 
|  97|0x0000000086100000, 0x0000000086200000, 0x0000000086200000|100%| O|  |TAMS 0x0000000086200000, 0x0000000086100000| Untracked 
|  98|0x0000000086200000, 0x0000000086300000, 0x0000000086300000|100%| O|  |TAMS 0x0000000086300000, 0x0000000086200000| Untracked 
|  99|0x0000000086300000, 0x0000000086400000, 0x0000000086400000|100%| O|  |TAMS 0x0000000086400000, 0x0000000086300000| Untracked 
| 100|0x0000000086400000, 0x0000000086500000, 0x0000000086500000|100%| O|  |TAMS 0x0000000086500000, 0x0000000086400000| Untracked 
| 101|0x0000000086500000, 0x0000000086600000, 0x0000000086600000|100%| O|  |TAMS 0x0000000086600000, 0x0000000086500000| Untracked 
| 102|0x0000000086600000, 0x0000000086700000, 0x0000000086700000|100%| O|  |TAMS 0x0000000086700000, 0x0000000086600000| Untracked 
| 103|0x0000000086700000, 0x0000000086800000, 0x0000000086800000|100%| O|  |TAMS 0x0000000086800000, 0x0000000086700000| Untracked 
| 104|0x0000000086800000, 0x0000000086900000, 0x0000000086900000|100%| O|  |TAMS 0x0000000086900000, 0x0000000086800000| Untracked 
| 105|0x0000000086900000, 0x0000000086a00000, 0x0000000086a00000|100%| O|  |TAMS 0x0000000086a00000, 0x0000000086900000| Untracked 
| 106|0x0000000086a00000, 0x0000000086b00000, 0x0000000086b00000|100%| O|  |TAMS 0x0000000086b00000, 0x0000000086a00000| Untracked 
| 107|0x0000000086b00000, 0x0000000086c00000, 0x0000000086c00000|100%| O|  |TAMS 0x0000000086c00000, 0x0000000086b00000| Untracked 
| 108|0x0000000086c00000, 0x0000000086d00000, 0x0000000086d00000|100%| O|  |TAMS 0x0000000086d00000, 0x0000000086c00000| Untracked 
| 109|0x0000000086d00000, 0x0000000086e00000, 0x0000000086e00000|100%| O|  |TAMS 0x0000000086d00000, 0x0000000086d00000| Untracked 
| 110|0x0000000086e00000, 0x0000000086f00000, 0x0000000086f00000|100%| O|  |TAMS 0x0000000086e00000, 0x0000000086e00000| Untracked 
| 111|0x0000000086f00000, 0x0000000087000000, 0x0000000087000000|100%| O|  |TAMS 0x0000000086f00000, 0x0000000086f00000| Untracked 
| 112|0x0000000087000000, 0x0000000087100000, 0x0000000087100000|100%| O|  |TAMS 0x0000000087000000, 0x0000000087000000| Untracked 
| 113|0x0000000087100000, 0x0000000087200000, 0x0000000087200000|100%| O|  |TAMS 0x0000000087100000, 0x0000000087100000| Untracked 
| 114|0x0000000087200000, 0x0000000087300000, 0x0000000087300000|100%| O|  |TAMS 0x0000000087200000, 0x0000000087200000| Untracked 
| 115|0x0000000087300000, 0x0000000087400000, 0x0000000087400000|100%| O|  |TAMS 0x0000000087300000, 0x0000000087300000| Untracked 
| 116|0x0000000087400000, 0x0000000087500000, 0x0000000087500000|100%| O|  |TAMS 0x0000000087400000, 0x0000000087400000| Untracked 
| 117|0x0000000087500000, 0x0000000087600000, 0x0000000087600000|100%| O|  |TAMS 0x0000000087500000, 0x0000000087500000| Untracked 
| 118|0x0000000087600000, 0x0000000087700000, 0x0000000087700000|100%| O|  |TAMS 0x0000000087600000, 0x0000000087600000| Untracked 
| 119|0x0000000087700000, 0x0000000087800000, 0x0000000087800000|100%| O|  |TAMS 0x0000000087700000, 0x0000000087700000| Untracked 
| 120|0x0000000087800000, 0x0000000087900000, 0x0000000087900000|100%| O|  |TAMS 0x0000000087800000, 0x0000000087800000| Untracked 
| 121|0x0000000087900000, 0x0000000087a00000, 0x0000000087a00000|100%| O|  |TAMS 0x0000000087900000, 0x0000000087900000| Untracked 
| 122|0x0000000087a00000, 0x0000000087b00000, 0x0000000087b00000|100%| O|  |TAMS 0x0000000087a00000, 0x0000000087a00000| Untracked 
| 123|0x0000000087b00000, 0x0000000087c00000, 0x0000000087c00000|100%| O|  |TAMS 0x0000000087b00000, 0x0000000087b00000| Untracked 
| 124|0x0000000087c00000, 0x0000000087d00000, 0x0000000087d00000|100%| O|  |TAMS 0x0000000087c00000, 0x0000000087c00000| Untracked 
| 125|0x0000000087d00000, 0x0000000087e00000, 0x0000000087e00000|100%| O|  |TAMS 0x0000000087d00000, 0x0000000087d00000| Untracked 
| 126|0x0000000087e00000, 0x0000000087f00000, 0x0000000087f00000|100%| O|  |TAMS 0x0000000087e00000, 0x0000000087e00000| Untracked 
| 127|0x0000000087f00000, 0x0000000088000000, 0x0000000088000000|100%| O|  |TAMS 0x0000000087f00000, 0x0000000087f00000| Untracked 
| 128|0x0000000088000000, 0x0000000088100000, 0x0000000088100000|100%| O|  |TAMS 0x0000000088000000, 0x0000000088000000| Untracked 
| 129|0x0000000088100000, 0x0000000088200000, 0x0000000088200000|100%| O|  |TAMS 0x0000000088100000, 0x0000000088100000| Untracked 
| 130|0x0000000088200000, 0x0000000088300000, 0x0000000088300000|100%| O|  |TAMS 0x0000000088200000, 0x0000000088200000| Untracked 
| 131|0x0000000088300000, 0x0000000088400000, 0x0000000088400000|100%| O|  |TAMS 0x0000000088300000, 0x0000000088300000| Untracked 
| 132|0x0000000088400000, 0x0000000088500000, 0x0000000088500000|100%| O|  |TAMS 0x0000000088400000, 0x0000000088400000| Untracked 
| 133|0x0000000088500000, 0x0000000088600000, 0x0000000088600000|100%| O|  |TAMS 0x0000000088500000, 0x0000000088500000| Untracked 
| 134|0x0000000088600000, 0x0000000088700000, 0x0000000088700000|100%| O|  |TAMS 0x0000000088600000, 0x0000000088600000| Untracked 
| 135|0x0000000088700000, 0x0000000088800000, 0x0000000088800000|100%| O|  |TAMS 0x0000000088700000, 0x0000000088700000| Untracked 
| 136|0x0000000088800000, 0x0000000088900000, 0x0000000088900000|100%| O|  |TAMS 0x0000000088800000, 0x0000000088800000| Untracked 
| 137|0x0000000088900000, 0x0000000088a00000, 0x0000000088a00000|100%| O|  |TAMS 0x0000000088900000, 0x0000000088900000| Untracked 
| 138|0x0000000088a00000, 0x0000000088b00000, 0x0000000088b00000|100%| O|  |TAMS 0x0000000088a00000, 0x0000000088a00000| Untracked 
| 139|0x0000000088b00000, 0x0000000088c00000, 0x0000000088c00000|100%| O|  |TAMS 0x0000000088b00000, 0x0000000088b00000| Untracked 
| 140|0x0000000088c00000, 0x0000000088d00000, 0x0000000088d00000|100%| O|  |TAMS 0x0000000088c00000, 0x0000000088c00000| Untracked 
| 141|0x0000000088d00000, 0x0000000088e00000, 0x0000000088e00000|100%| O|  |TAMS 0x0000000088d00000, 0x0000000088d00000| Untracked 
| 142|0x0000000088e00000, 0x0000000088f00000, 0x0000000088f00000|100%| O|  |TAMS 0x0000000088e00000, 0x0000000088e00000| Untracked 
| 143|0x0000000088f00000, 0x0000000089000000, 0x0000000089000000|100%| O|  |TAMS 0x0000000088f00000, 0x0000000088f00000| Untracked 
| 144|0x0000000089000000, 0x0000000089100000, 0x0000000089100000|100%| O|  |TAMS 0x0000000089000000, 0x0000000089000000| Untracked 
| 145|0x0000000089100000, 0x0000000089200000, 0x0000000089200000|100%| O|  |TAMS 0x0000000089100000, 0x0000000089100000| Untracked 
| 146|0x0000000089200000, 0x0000000089300000, 0x0000000089300000|100%| O|  |TAMS 0x0000000089200000, 0x0000000089200000| Untracked 
| 147|0x0000000089300000, 0x0000000089400000, 0x0000000089400000|100%| O|  |TAMS 0x0000000089300000, 0x0000000089300000| Untracked 
| 148|0x0000000089400000, 0x0000000089500000, 0x0000000089500000|100%| O|  |TAMS 0x0000000089400000, 0x0000000089400000| Untracked 
| 149|0x0000000089500000, 0x0000000089600000, 0x0000000089600000|100%| O|  |TAMS 0x0000000089500000, 0x0000000089500000| Untracked 
| 150|0x0000000089600000, 0x0000000089700000, 0x0000000089700000|100%| O|  |TAMS 0x0000000089600000, 0x0000000089600000| Untracked 
| 151|0x0000000089700000, 0x0000000089800000, 0x0000000089800000|100%| O|  |TAMS 0x0000000089700000, 0x0000000089700000| Untracked 
| 152|0x0000000089800000, 0x0000000089900000, 0x0000000089900000|100%| O|  |TAMS 0x0000000089800000, 0x0000000089800000| Untracked 
| 153|0x0000000089900000, 0x0000000089a00000, 0x0000000089a00000|100%| O|  |TAMS 0x0000000089900000, 0x0000000089900000| Untracked 
| 154|0x0000000089a00000, 0x0000000089b00000, 0x0000000089b00000|100%| O|  |TAMS 0x0000000089a00000, 0x0000000089a00000| Untracked 
| 155|0x0000000089b00000, 0x0000000089c00000, 0x0000000089c00000|100%| O|  |TAMS 0x0000000089b00000, 0x0000000089b00000| Untracked 
| 156|0x0000000089c00000, 0x0000000089d00000, 0x0000000089d00000|100%| O|  |TAMS 0x0000000089c00000, 0x0000000089c00000| Untracked 
| 157|0x0000000089d00000, 0x0000000089e00000, 0x0000000089e00000|100%| O|  |TAMS 0x0000000089d00000, 0x0000000089d00000| Untracked 
| 158|0x0000000089e00000, 0x0000000089f00000, 0x0000000089f00000|100%| O|  |TAMS 0x0000000089e00000, 0x0000000089e00000| Untracked 
| 159|0x0000000089f00000, 0x000000008a000000, 0x000000008a000000|100%| O|  |TAMS 0x0000000089f00000, 0x0000000089f00000| Untracked 
| 160|0x000000008a000000, 0x000000008a100000, 0x000000008a100000|100%| O|  |TAMS 0x000000008a000000, 0x000000008a000000| Untracked 
| 161|0x000000008a100000, 0x000000008a200000, 0x000000008a200000|100%| O|  |TAMS 0x000000008a100000, 0x000000008a100000| Untracked 
| 162|0x000000008a200000, 0x000000008a300000, 0x000000008a300000|100%| O|  |TAMS 0x000000008a200000, 0x000000008a200000| Untracked 
| 163|0x000000008a300000, 0x000000008a400000, 0x000000008a400000|100%| O|  |TAMS 0x000000008a300000, 0x000000008a300000| Untracked 
| 164|0x000000008a400000, 0x000000008a500000, 0x000000008a500000|100%| O|  |TAMS 0x000000008a400000, 0x000000008a400000| Untracked 
| 165|0x000000008a500000, 0x000000008a600000, 0x000000008a600000|100%| O|  |TAMS 0x000000008a500000, 0x000000008a500000| Untracked 
| 166|0x000000008a600000, 0x000000008a700000, 0x000000008a700000|100%| O|  |TAMS 0x000000008a600000, 0x000000008a600000| Untracked 
| 167|0x000000008a700000, 0x000000008a800000, 0x000000008a800000|100%| O|  |TAMS 0x000000008a700000, 0x000000008a700000| Untracked 
| 168|0x000000008a800000, 0x000000008a900000, 0x000000008a900000|100%| O|  |TAMS 0x000000008a800000, 0x000000008a800000| Untracked 
| 169|0x000000008a900000, 0x000000008aa00000, 0x000000008aa00000|100%| O|  |TAMS 0x000000008a900000, 0x000000008a900000| Untracked 
| 170|0x000000008aa00000, 0x000000008ab00000, 0x000000008ab00000|100%| O|  |TAMS 0x000000008aa00000, 0x000000008aa00000| Untracked 
| 171|0x000000008ab00000, 0x000000008ac00000, 0x000000008ac00000|100%| O|  |TAMS 0x000000008ab00000, 0x000000008ab00000| Untracked 
| 172|0x000000008ac00000, 0x000000008ad00000, 0x000000008ad00000|100%| O|  |TAMS 0x000000008ac00000, 0x000000008ac00000| Untracked 
| 173|0x000000008ad00000, 0x000000008ae00000, 0x000000008ae00000|100%| O|  |TAMS 0x000000008ad00000, 0x000000008ad00000| Untracked 
| 174|0x000000008ae00000, 0x000000008af00000, 0x000000008af00000|100%| O|  |TAMS 0x000000008ae00000, 0x000000008ae00000| Untracked 
| 175|0x000000008af00000, 0x000000008b000000, 0x000000008b000000|100%| O|  |TAMS 0x000000008af00000, 0x000000008af00000| Untracked 
| 176|0x000000008b000000, 0x000000008b100000, 0x000000008b100000|100%| O|  |TAMS 0x000000008b000000, 0x000000008b000000| Untracked 
| 177|0x000000008b100000, 0x000000008b200000, 0x000000008b200000|100%| O|  |TAMS 0x000000008b100000, 0x000000008b100000| Untracked 
| 178|0x000000008b200000, 0x000000008b300000, 0x000000008b300000|100%| O|  |TAMS 0x000000008b200000, 0x000000008b200000| Untracked 
| 179|0x000000008b300000, 0x000000008b400000, 0x000000008b400000|100%| O|  |TAMS 0x000000008b300000, 0x000000008b300000| Untracked 
| 180|0x000000008b400000, 0x000000008b500000, 0x000000008b500000|100%| O|  |TAMS 0x000000008b400000, 0x000000008b400000| Untracked 
| 181|0x000000008b500000, 0x000000008b600000, 0x000000008b600000|100%| O|  |TAMS 0x000000008b500000, 0x000000008b500000| Untracked 
| 182|0x000000008b600000, 0x000000008b700000, 0x000000008b700000|100%| O|  |TAMS 0x000000008b600000, 0x000000008b600000| Untracked 
| 183|0x000000008b700000, 0x000000008b800000, 0x000000008b800000|100%| O|  |TAMS 0x000000008b700000, 0x000000008b700000| Untracked 
| 184|0x000000008b800000, 0x000000008b900000, 0x000000008b900000|100%| O|  |TAMS 0x000000008b800000, 0x000000008b800000| Untracked 
| 185|0x000000008b900000, 0x000000008ba00000, 0x000000008ba00000|100%| O|  |TAMS 0x000000008b900000, 0x000000008b900000| Untracked 
| 186|0x000000008ba00000, 0x000000008bb00000, 0x000000008bb00000|100%| O|  |TAMS 0x000000008ba00000, 0x000000008ba00000| Untracked 
| 187|0x000000008bb00000, 0x000000008bc00000, 0x000000008bc00000|100%| O|  |TAMS 0x000000008bb00000, 0x000000008bb00000| Untracked 
| 188|0x000000008bc00000, 0x000000008bd00000, 0x000000008bd00000|100%| O|  |TAMS 0x000000008bc00000, 0x000000008bc00000| Untracked 
| 189|0x000000008bd00000, 0x000000008be00000, 0x000000008be00000|100%| O|  |TAMS 0x000000008bd00000, 0x000000008bd00000| Untracked 
| 190|0x000000008be00000, 0x000000008bf00000, 0x000000008bf00000|100%| O|  |TAMS 0x000000008be00000, 0x000000008be00000| Untracked 
| 191|0x000000008bf00000, 0x000000008c000000, 0x000000008c000000|100%| O|  |TAMS 0x000000008bf00000, 0x000000008bf00000| Untracked 
| 192|0x000000008c000000, 0x000000008c100000, 0x000000008c100000|100%| O|  |TAMS 0x000000008c000000, 0x000000008c000000| Untracked 
| 193|0x000000008c100000, 0x000000008c200000, 0x000000008c200000|100%| O|  |TAMS 0x000000008c100000, 0x000000008c100000| Untracked 
| 194|0x000000008c200000, 0x000000008c300000, 0x000000008c300000|100%| O|  |TAMS 0x000000008c200000, 0x000000008c200000| Untracked 
| 195|0x000000008c300000, 0x000000008c400000, 0x000000008c400000|100%| O|  |TAMS 0x000000008c300000, 0x000000008c300000| Untracked 
| 196|0x000000008c400000, 0x000000008c500000, 0x000000008c500000|100%| O|  |TAMS 0x000000008c400000, 0x000000008c400000| Untracked 
| 197|0x000000008c500000, 0x000000008c600000, 0x000000008c600000|100%| O|  |TAMS 0x000000008c500000, 0x000000008c500000| Untracked 
| 198|0x000000008c600000, 0x000000008c700000, 0x000000008c700000|100%| O|  |TAMS 0x000000008c600000, 0x000000008c600000| Untracked 
| 199|0x000000008c700000, 0x000000008c800000, 0x000000008c800000|100%| O|  |TAMS 0x000000008c700000, 0x000000008c700000| Untracked 
| 200|0x000000008c800000, 0x000000008c900000, 0x000000008c900000|100%| O|  |TAMS 0x000000008c800000, 0x000000008c800000| Untracked 
| 201|0x000000008c900000, 0x000000008ca00000, 0x000000008ca00000|100%| O|  |TAMS 0x000000008c900000, 0x000000008c900000| Untracked 
| 202|0x000000008ca00000, 0x000000008cb00000, 0x000000008cb00000|100%| O|  |TAMS 0x000000008ca00000, 0x000000008ca00000| Untracked 
| 203|0x000000008cb00000, 0x000000008cc00000, 0x000000008cc00000|100%| O|  |TAMS 0x000000008cb00000, 0x000000008cb00000| Untracked 
| 204|0x000000008cc00000, 0x000000008cd00000, 0x000000008cd00000|100%| O|  |TAMS 0x000000008cc00000, 0x000000008cc00000| Untracked 
| 205|0x000000008cd00000, 0x000000008ce00000, 0x000000008ce00000|100%| O|  |TAMS 0x000000008cd00000, 0x000000008cd00000| Untracked 
| 206|0x000000008ce00000, 0x000000008cf00000, 0x000000008cf00000|100%| O|  |TAMS 0x000000008ce00000, 0x000000008ce00000| Untracked 
| 207|0x000000008cf00000, 0x000000008d000000, 0x000000008d000000|100%| O|  |TAMS 0x000000008cf00000, 0x000000008cf00000| Untracked 
| 208|0x000000008d000000, 0x000000008d100000, 0x000000008d100000|100%| O|  |TAMS 0x000000008d000000, 0x000000008d000000| Untracked 
| 209|0x000000008d100000, 0x000000008d200000, 0x000000008d200000|100%| O|  |TAMS 0x000000008d100000, 0x000000008d100000| Untracked 
| 210|0x000000008d200000, 0x000000008d300000, 0x000000008d300000|100%| O|  |TAMS 0x000000008d200000, 0x000000008d200000| Untracked 
| 211|0x000000008d300000, 0x000000008d400000, 0x000000008d400000|100%| O|  |TAMS 0x000000008d300000, 0x000000008d300000| Untracked 
| 212|0x000000008d400000, 0x000000008d500000, 0x000000008d500000|100%| O|  |TAMS 0x000000008d400000, 0x000000008d400000| Untracked 
| 213|0x000000008d500000, 0x000000008d600000, 0x000000008d600000|100%| O|  |TAMS 0x000000008d500000, 0x000000008d500000| Untracked 
| 214|0x000000008d600000, 0x000000008d700000, 0x000000008d700000|100%| O|  |TAMS 0x000000008d600000, 0x000000008d600000| Untracked 
| 215|0x000000008d700000, 0x000000008d800000, 0x000000008d800000|100%| O|  |TAMS 0x000000008d700000, 0x000000008d700000| Untracked 
| 216|0x000000008d800000, 0x000000008d900000, 0x000000008d900000|100%| O|  |TAMS 0x000000008d800000, 0x000000008d800000| Untracked 
| 217|0x000000008d900000, 0x000000008da00000, 0x000000008da00000|100%| O|  |TAMS 0x000000008d900000, 0x000000008d900000| Untracked 
| 218|0x000000008da00000, 0x000000008db00000, 0x000000008db00000|100%| O|  |TAMS 0x000000008da00000, 0x000000008da00000| Untracked 
| 219|0x000000008db00000, 0x000000008dc00000, 0x000000008dc00000|100%| O|  |TAMS 0x000000008db00000, 0x000000008db00000| Untracked 
| 220|0x000000008dc00000, 0x000000008dd00000, 0x000000008dd00000|100%| O|  |TAMS 0x000000008dc00000, 0x000000008dc00000| Untracked 
| 221|0x000000008dd00000, 0x000000008de00000, 0x000000008de00000|100%| O|  |TAMS 0x000000008dd00000, 0x000000008dd00000| Untracked 
| 222|0x000000008de00000, 0x000000008df00000, 0x000000008df00000|100%| O|  |TAMS 0x000000008de00000, 0x000000008de00000| Untracked 
| 223|0x000000008df00000, 0x000000008e000000, 0x000000008e000000|100%| O|  |TAMS 0x000000008df00000, 0x000000008df00000| Untracked 
| 224|0x000000008e000000, 0x000000008e100000, 0x000000008e100000|100%| O|  |TAMS 0x000000008e000000, 0x000000008e000000| Untracked 
| 225|0x000000008e100000, 0x000000008e200000, 0x000000008e200000|100%| O|  |TAMS 0x000000008e100000, 0x000000008e100000| Untracked 
| 226|0x000000008e200000, 0x000000008e300000, 0x000000008e300000|100%| O|  |TAMS 0x000000008e200000, 0x000000008e200000| Untracked 
| 227|0x000000008e300000, 0x000000008e400000, 0x000000008e400000|100%| O|  |TAMS 0x000000008e300000, 0x000000008e300000| Untracked 
| 228|0x000000008e400000, 0x000000008e500000, 0x000000008e500000|100%| O|  |TAMS 0x000000008e400000, 0x000000008e400000| Untracked 
| 229|0x000000008e500000, 0x000000008e600000, 0x000000008e600000|100%| O|  |TAMS 0x000000008e500000, 0x000000008e500000| Untracked 
| 230|0x000000008e600000, 0x000000008e700000, 0x000000008e700000|100%| O|  |TAMS 0x000000008e600000, 0x000000008e600000| Untracked 
| 231|0x000000008e700000, 0x000000008e800000, 0x000000008e800000|100%| O|  |TAMS 0x000000008e700000, 0x000000008e700000| Untracked 
| 232|0x000000008e800000, 0x000000008e900000, 0x000000008e900000|100%| O|  |TAMS 0x000000008e800000, 0x000000008e800000| Untracked 
| 233|0x000000008e900000, 0x000000008ea00000, 0x000000008ea00000|100%| O|  |TAMS 0x000000008e900000, 0x000000008e900000| Untracked 
| 234|0x000000008ea00000, 0x000000008ead8000, 0x000000008eb00000| 84%| O|  |TAMS 0x000000008ea00000, 0x000000008ea00000| Untracked 
| 235|0x000000008eb00000, 0x000000008eb00000, 0x000000008ec00000|  0%| F|  |TAMS 0x000000008eb00000, 0x000000008eb00000| Untracked 
| 236|0x000000008ec00000, 0x000000008ec00000, 0x000000008ed00000|  0%| F|  |TAMS 0x000000008ec00000, 0x000000008ec00000| Untracked 
| 237|0x000000008ed00000, 0x000000008ed00000, 0x000000008ee00000|  0%| F|  |TAMS 0x000000008ed00000, 0x000000008ed00000| Untracked 
| 238|0x000000008ee00000, 0x000000008ee00000, 0x000000008ef00000|  0%| F|  |TAMS 0x000000008ee00000, 0x000000008ee00000| Untracked 
| 239|0x000000008ef00000, 0x000000008ef00000, 0x000000008f000000|  0%| F|  |TAMS 0x000000008ef00000, 0x000000008ef00000| Untracked 
| 240|0x000000008f000000, 0x000000008f000000, 0x000000008f100000|  0%| F|  |TAMS 0x000000008f000000, 0x000000008f000000| Untracked 
| 241|0x000000008f100000, 0x000000008f100000, 0x000000008f200000|  0%| F|  |TAMS 0x000000008f100000, 0x000000008f100000| Untracked 
| 242|0x000000008f200000, 0x000000008f200000, 0x000000008f300000|  0%| F|  |TAMS 0x000000008f200000, 0x000000008f200000| Untracked 
| 243|0x000000008f300000, 0x000000008f300000, 0x000000008f400000|  0%| F|  |TAMS 0x000000008f300000, 0x000000008f300000| Untracked 
| 244|0x000000008f400000, 0x000000008f400000, 0x000000008f500000|  0%| F|  |TAMS 0x000000008f400000, 0x000000008f400000| Untracked 
| 245|0x000000008f500000, 0x000000008f500000, 0x000000008f600000|  0%| F|  |TAMS 0x000000008f500000, 0x000000008f500000| Untracked 
| 246|0x000000008f600000, 0x000000008f600000, 0x000000008f700000|  0%| F|  |TAMS 0x000000008f600000, 0x000000008f600000| Untracked 
| 247|0x000000008f700000, 0x000000008f700000, 0x000000008f800000|  0%| F|  |TAMS 0x000000008f700000, 0x000000008f700000| Untracked 
| 248|0x000000008f800000, 0x000000008f800000, 0x000000008f900000|  0%| F|  |TAMS 0x000000008f800000, 0x000000008f800000| Untracked 
| 249|0x000000008f900000, 0x000000008f900000, 0x000000008fa00000|  0%| F|  |TAMS 0x000000008f900000, 0x000000008f900000| Untracked 
| 250|0x000000008fa00000, 0x000000008fa00000, 0x000000008fb00000|  0%| F|  |TAMS 0x000000008fa00000, 0x000000008fa00000| Untracked 
| 251|0x000000008fb00000, 0x000000008fb00000, 0x000000008fc00000|  0%| F|  |TAMS 0x000000008fb00000, 0x000000008fb00000| Untracked 
| 252|0x000000008fc00000, 0x000000008fc00000, 0x000000008fd00000|  0%| F|  |TAMS 0x000000008fc00000, 0x000000008fc00000| Untracked 
| 253|0x000000008fd00000, 0x000000008fd00000, 0x000000008fe00000|  0%| F|  |TAMS 0x000000008fd00000, 0x000000008fd00000| Untracked 
| 254|0x000000008fe00000, 0x000000008fe00000, 0x000000008ff00000|  0%| F|  |TAMS 0x000000008fe00000, 0x000000008fe00000| Untracked 
| 255|0x000000008ff00000, 0x000000008ff00000, 0x0000000090000000|  0%| F|  |TAMS 0x000000008ff00000, 0x000000008ff00000| Untracked 
| 256|0x0000000090000000, 0x0000000090000000, 0x0000000090100000|  0%| F|  |TAMS 0x0000000090000000, 0x0000000090000000| Untracked 
| 257|0x0000000090100000, 0x0000000090100000, 0x0000000090200000|  0%| F|  |TAMS 0x0000000090100000, 0x0000000090100000| Untracked 
| 258|0x0000000090200000, 0x0000000090200000, 0x0000000090300000|  0%| F|  |TAMS 0x0000000090200000, 0x0000000090200000| Untracked 
| 259|0x0000000090300000, 0x0000000090300000, 0x0000000090400000|  0%| F|  |TAMS 0x0000000090300000, 0x0000000090300000| Untracked 
| 260|0x0000000090400000, 0x0000000090400000, 0x0000000090500000|  0%| F|  |TAMS 0x0000000090400000, 0x0000000090400000| Untracked 
| 261|0x0000000090500000, 0x0000000090500000, 0x0000000090600000|  0%| F|  |TAMS 0x0000000090500000, 0x0000000090500000| Untracked 
| 262|0x0000000090600000, 0x0000000090600000, 0x0000000090700000|  0%| F|  |TAMS 0x0000000090600000, 0x0000000090600000| Untracked 
| 263|0x0000000090700000, 0x0000000090700000, 0x0000000090800000|  0%| F|  |TAMS 0x0000000090700000, 0x0000000090700000| Untracked 
| 264|0x0000000090800000, 0x0000000090800000, 0x0000000090900000|  0%| F|  |TAMS 0x0000000090800000, 0x0000000090800000| Untracked 
| 265|0x0000000090900000, 0x0000000090900000, 0x0000000090a00000|  0%| F|  |TAMS 0x0000000090900000, 0x0000000090900000| Untracked 
| 266|0x0000000090a00000, 0x0000000090a00000, 0x0000000090b00000|  0%| F|  |TAMS 0x0000000090a00000, 0x0000000090a00000| Untracked 
| 267|0x0000000090b00000, 0x0000000090b00000, 0x0000000090c00000|  0%| F|  |TAMS 0x0000000090b00000, 0x0000000090b00000| Untracked 
| 268|0x0000000090c00000, 0x0000000090d00000, 0x0000000090d00000|100%| S|CS|TAMS 0x0000000090c00000, 0x0000000090c00000| Complete 
| 269|0x0000000090d00000, 0x0000000090e00000, 0x0000000090e00000|100%| S|CS|TAMS 0x0000000090d00000, 0x0000000090d00000| Complete 
| 270|0x0000000090e00000, 0x0000000090f00000, 0x0000000090f00000|100%| S|CS|TAMS 0x0000000090e00000, 0x0000000090e00000| Complete 
| 271|0x0000000090f00000, 0x0000000090f00000, 0x0000000091000000|  0%| F|  |TAMS 0x0000000090f00000, 0x0000000090f00000| Untracked 
| 272|0x0000000091000000, 0x0000000091000000, 0x0000000091100000|  0%| F|  |TAMS 0x0000000091000000, 0x0000000091000000| Untracked 
| 273|0x0000000091100000, 0x0000000091100000, 0x0000000091200000|  0%| F|  |TAMS 0x0000000091100000, 0x0000000091100000| Untracked 
| 274|0x0000000091200000, 0x0000000091200000, 0x0000000091300000|  0%| F|  |TAMS 0x0000000091200000, 0x0000000091200000| Untracked 
| 275|0x0000000091300000, 0x0000000091300000, 0x0000000091400000|  0%| F|  |TAMS 0x0000000091300000, 0x0000000091300000| Untracked 
| 276|0x0000000091400000, 0x0000000091400000, 0x0000000091500000|  0%| F|  |TAMS 0x0000000091400000, 0x0000000091400000| Untracked 
| 277|0x0000000091500000, 0x0000000091500000, 0x0000000091600000|  0%| F|  |TAMS 0x0000000091500000, 0x0000000091500000| Untracked 
| 278|0x0000000091600000, 0x0000000091600000, 0x0000000091700000|  0%| F|  |TAMS 0x0000000091600000, 0x0000000091600000| Untracked 
| 279|0x0000000091700000, 0x0000000091700000, 0x0000000091800000|  0%| F|  |TAMS 0x0000000091700000, 0x0000000091700000| Untracked 
| 280|0x0000000091800000, 0x0000000091800000, 0x0000000091900000|  0%| F|  |TAMS 0x0000000091800000, 0x0000000091800000| Untracked 
| 281|0x0000000091900000, 0x0000000091900000, 0x0000000091a00000|  0%| F|  |TAMS 0x0000000091900000, 0x0000000091900000| Untracked 
| 282|0x0000000091a00000, 0x0000000091a00000, 0x0000000091b00000|  0%| F|  |TAMS 0x0000000091a00000, 0x0000000091a00000| Untracked 
| 283|0x0000000091b00000, 0x0000000091b00000, 0x0000000091c00000|  0%| F|  |TAMS 0x0000000091b00000, 0x0000000091b00000| Untracked 
| 284|0x0000000091c00000, 0x0000000091c00000, 0x0000000091d00000|  0%| F|  |TAMS 0x0000000091c00000, 0x0000000091c00000| Untracked 
| 285|0x0000000091d00000, 0x0000000091d00000, 0x0000000091e00000|  0%| F|  |TAMS 0x0000000091d00000, 0x0000000091d00000| Untracked 
| 286|0x0000000091e00000, 0x0000000091e00000, 0x0000000091f00000|  0%| F|  |TAMS 0x0000000091e00000, 0x0000000091e00000| Untracked 
| 287|0x0000000091f00000, 0x0000000091f00000, 0x0000000092000000|  0%| F|  |TAMS 0x0000000091f00000, 0x0000000091f00000| Untracked 

Card table byte_map: [0x0000021b36a60000,0x0000021b36e60000] _byte_map_base: 0x0000021b36660000

Marking Bits (Prev, Next): (CMBitMap*) 0x0000021b1fb55940, (CMBitMap*) 0x0000021b1fb55980
 Prev Bits: [0x0000021b37260000, 0x0000021b39260000)
 Next Bits: [0x0000021b39260000, 0x0000021b3b260000)

Polling page: 0x0000021b1d960000

Metaspace:

Usage:
  Non-class:     93.09 MB used.
      Class:     14.05 MB used.
       Both:    107.14 MB used.

Virtual space:
  Non-class space:      128.00 MB reserved,      94.12 MB ( 74%) committed,  2 nodes.
      Class space:      412.00 MB reserved,      15.19 MB (  4%) committed,  1 nodes.
             Both:      540.00 MB reserved,     109.31 MB ( 20%) committed. 

Chunk freelists:
   Non-Class:  1.20 MB
       Class:  892.00 KB
        Both:  2.07 MB

MaxMetaspaceSize: 512.00 MB
CompressedClassSpaceSize: 412.00 MB
Initial GC threshold: 21.00 MB
Current GC threshold: 164.62 MB
CDS: on
MetaspaceReclaimPolicy: balanced
 - commit_granule_bytes: 65536.
 - commit_granule_words: 8192.
 - virtual_space_node_default_size: 8388608.
 - enlarge_chunks_in_place: 1.
 - new_chunks_are_fully_committed: 0.
 - uncommit_free_chunks: 1.
 - use_allocation_guard: 0.


Internal statistics:

num_allocs_failed_limit: 15.
num_arena_births: 3838.
num_arena_deaths: 0.
num_vsnodes_births: 3.
num_vsnodes_deaths: 0.
num_space_committed: 1749.
num_space_uncommitted: 0.
num_chunks_returned_to_freelist: 15.
num_chunks_taken_from_freelist: 9027.
num_chunk_merges: 12.
num_chunk_splits: 5853.
num_chunks_enlarged: 3669.
num_inconsistent_stats: 0.

CodeHeap 'non-profiled nmethods': size=120064Kb used=10753Kb max_used=10753Kb free=109310Kb
 bounds [0x0000021b2f520000, 0x0000021b2ffb0000, 0x0000021b36a60000]
CodeHeap 'profiled nmethods': size=120000Kb used=32971Kb max_used=32971Kb free=87028Kb
 bounds [0x0000021b27a60000, 0x0000021b29aa0000, 0x0000021b2ef90000]
CodeHeap 'non-nmethods': size=5696Kb used=2512Kb max_used=2592Kb free=3183Kb
 bounds [0x0000021b2ef90000, 0x0000021b2f240000, 0x0000021b2f520000]
 total_blobs=17517 nmethods=16546 adapters=881
 compilation: enabled
              stopped_count=0, restarted_count=0
 full_count=0

Compilation events (20 events):
Event: 1160.127 Thread 0x0000021b3d6462f0 19776       2       org.gradle.api.internal.AbstractTask::createNewOnlyIfSpec (18 bytes)
Event: 1160.127 Thread 0x0000021b3d6462f0 nmethod 19776 0x0000021b29a8fd10 code [0x0000021b29a8fec0, 0x0000021b29a90108]
Event: 1160.127 Thread 0x0000021b3d6462f0 19777       2       org.gradle.api.internal.AbstractTask$10::<init> (10 bytes)
Event: 1160.127 Thread 0x0000021b3d6462f0 nmethod 19777 0x0000021b29a90210 code [0x0000021b29a903a0, 0x0000021b29a904f8]
Event: 1160.127 Thread 0x0000021b3d6462f0 19778       2       org.gradle.api.internal.tasks.execution.DescribingAndSpec::<init> (28 bytes)
Event: 1160.128 Thread 0x0000021b3d6462f0 nmethod 19778 0x0000021b29a90590 code [0x0000021b29a907a0, 0x0000021b29a90f28]
Event: 1160.128 Thread 0x0000021b3d6462f0 19779       2       org.gradle.api.internal.tasks.DefaultTaskInputs::<init> (97 bytes)
Event: 1160.129 Thread 0x0000021b3d6462f0 nmethod 19779 0x0000021b29a91190 code [0x0000021b29a913a0, 0x0000021b29a91c88]
Event: 1160.129 Thread 0x0000021b3d6462f0 19780       2       org.gradle.api.internal.tasks.TaskInputsDeprecationSupport::<init> (5 bytes)
Event: 1160.129 Thread 0x0000021b3d6462f0 nmethod 19780 0x0000021b29307990 code [0x0000021b29307b20, 0x0000021b29307c18]
Event: 1160.129 Thread 0x0000021b3d6462f0 19781       2       org.gradle.api.internal.tasks.DefaultTaskOutputs::<init> (75 bytes)
Event: 1160.130 Thread 0x0000021b3d6462f0 nmethod 19781 0x0000021b29a91e90 code [0x0000021b29a92080, 0x0000021b29a928b8]
Event: 1160.130 Thread 0x0000021b3d6462f0 19782       2       org.gradle.api.internal.tasks.DefaultTaskOutputs$TaskOutputUnionFileCollection::<init> (15 bytes)
Event: 1160.130 Thread 0x0000021b3d6462f0 nmethod 19782 0x0000021b29a92a10 code [0x0000021b29a92bc0, 0x0000021b29a92df8]
Event: 1160.130 Thread 0x0000021b3d6462f0 19783       1       org.gradle.api.internal.provider.BiProvider::getType (5 bytes)
Event: 1160.130 Thread 0x0000021b3d6462f0 nmethod 19783 0x0000021b2ffa0210 code [0x0000021b2ffa03a0, 0x0000021b2ffa0458]
Event: 1160.131 Thread 0x0000021b3d6462f0 19784       2       org.gradle.api.internal.file.copy.DefaultCopySpec::addChildSpecListener (12 bytes)
Event: 1160.131 Thread 0x0000021b3d6462f0 nmethod 19784 0x0000021b29a92e90 code [0x0000021b29a93040, 0x0000021b29a93168]
Event: 1160.131 Thread 0x0000021b3d6462f0 19785       2       org.gradle.api.internal.file.DefaultFilePropertyFactory$AbstractFileVar::convention (14 bytes)
Event: 1160.132 Thread 0x0000021b3d6462f0 nmethod 19785 0x0000021b29a93210 code [0x0000021b29a933c0, 0x0000021b29a934e8]

GC Heap History (20 events):
Event: 691.107 GC heap after
{Heap after GC invocations=45 (full 0):
 garbage-first heap   total 294912K, used 212992K [0x0000000080000000, 0x0000000100000000)
  region size 1024K, 7 young (7168K), 7 survivors (7168K)
 Metaspace       used 108998K, committed 111168K, reserved 552960K
  class space    used 14380K, committed 15488K, reserved 421888K
}
Event: 691.459 GC heap before
{Heap before GC invocations=45 (full 0):
 garbage-first heap   total 294912K, used 247808K [0x0000000080000000, 0x0000000100000000)
  region size 1024K, 41 young (41984K), 7 survivors (7168K)
 Metaspace       used 109081K, committed 111232K, reserved 552960K
  class space    used 14380K, committed 15488K, reserved 421888K
}
Event: 691.502 GC heap after
{Heap after GC invocations=46 (full 0):
 garbage-first heap   total 294912K, used 219648K [0x0000000080000000, 0x0000000100000000)
  region size 1024K, 6 young (6144K), 6 survivors (6144K)
 Metaspace       used 109081K, committed 111232K, reserved 552960K
  class space    used 14380K, committed 15488K, reserved 421888K
}
Event: 691.867 GC heap before
{Heap before GC invocations=46 (full 0):
 garbage-first heap   total 294912K, used 249344K [0x0000000080000000, 0x0000000100000000)
  region size 1024K, 35 young (35840K), 6 survivors (6144K)
 Metaspace       used 109139K, committed 111296K, reserved 552960K
  class space    used 14385K, committed 15488K, reserved 421888K
}
Event: 691.896 GC heap after
{Heap after GC invocations=47 (full 0):
 garbage-first heap   total 294912K, used 221696K [0x0000000080000000, 0x0000000100000000)
  region size 1024K, 2 young (2048K), 2 survivors (2048K)
 Metaspace       used 109139K, committed 111296K, reserved 552960K
  class space    used 14385K, committed 15488K, reserved 421888K
}
Event: 692.767 GC heap before
{Heap before GC invocations=47 (full 0):
 garbage-first heap   total 294912K, used 251392K [0x0000000080000000, 0x0000000100000000)
  region size 1024K, 31 young (31744K), 2 survivors (2048K)
 Metaspace       used 109139K, committed 111296K, reserved 552960K
  class space    used 14385K, committed 15488K, reserved 421888K
}
Event: 692.772 GC heap after
{Heap after GC invocations=48 (full 0):
 garbage-first heap   total 294912K, used 221486K [0x0000000080000000, 0x0000000100000000)
  region size 1024K, 2 young (2048K), 2 survivors (2048K)
 Metaspace       used 109139K, committed 111296K, reserved 552960K
  class space    used 14385K, committed 15488K, reserved 421888K
}
Event: 693.704 GC heap before
{Heap before GC invocations=48 (full 0):
 garbage-first heap   total 294912K, used 253230K [0x0000000080000000, 0x0000000100000000)
  region size 1024K, 33 young (33792K), 2 survivors (2048K)
 Metaspace       used 109197K, committed 111360K, reserved 552960K
  class space    used 14385K, committed 15488K, reserved 421888K
}
Event: 693.711 GC heap after
{Heap after GC invocations=49 (full 0):
 garbage-first heap   total 294912K, used 222447K [0x0000000080000000, 0x0000000100000000)
  region size 1024K, 3 young (3072K), 3 survivors (3072K)
 Metaspace       used 109197K, committed 111360K, reserved 552960K
  class space    used 14385K, committed 15488K, reserved 421888K
}
Event: 699.020 GC heap before
{Heap before GC invocations=49 (full 0):
 garbage-first heap   total 294912K, used 255215K [0x0000000080000000, 0x0000000100000000)
  region size 1024K, 35 young (35840K), 3 survivors (3072K)
 Metaspace       used 109300K, committed 111488K, reserved 552960K
  class space    used 14385K, committed 15488K, reserved 421888K
}
Event: 699.028 GC heap after
{Heap after GC invocations=50 (full 0):
 garbage-first heap   total 294912K, used 223196K [0x0000000080000000, 0x0000000100000000)
  region size 1024K, 4 young (4096K), 4 survivors (4096K)
 Metaspace       used 109300K, committed 111488K, reserved 552960K
  class space    used 14385K, committed 15488K, reserved 421888K
}
Event: 1152.369 GC heap before
{Heap before GC invocations=50 (full 0):
 garbage-first heap   total 294912K, used 254940K [0x0000000080000000, 0x0000000100000000)
  region size 1024K, 36 young (36864K), 4 survivors (4096K)
 Metaspace       used 109417K, committed 111616K, reserved 552960K
  class space    used 14387K, committed 15488K, reserved 421888K
}
Event: 1152.517 GC heap after
{Heap after GC invocations=51 (full 0):
 garbage-first heap   total 294912K, used 224787K [0x0000000080000000, 0x0000000100000000)
  region size 1024K, 4 young (4096K), 4 survivors (4096K)
 Metaspace       used 109417K, committed 111616K, reserved 552960K
  class space    used 14387K, committed 15488K, reserved 421888K
}
Event: 1158.904 GC heap before
{Heap before GC invocations=51 (full 0):
 garbage-first heap   total 294912K, used 255507K [0x0000000080000000, 0x0000000100000000)
  region size 1024K, 35 young (35840K), 4 survivors (4096K)
 Metaspace       used 109537K, committed 111744K, reserved 552960K
  class space    used 14388K, committed 15552K, reserved 421888K
}
Event: 1158.942 GC heap after
{Heap after GC invocations=52 (full 0):
 garbage-first heap   total 294912K, used 229481K [0x0000000080000000, 0x0000000100000000)
  region size 1024K, 5 young (5120K), 5 survivors (5120K)
 Metaspace       used 109537K, committed 111744K, reserved 552960K
  class space    used 14388K, committed 15552K, reserved 421888K
}
Event: 1159.348 GC heap before
{Heap before GC invocations=52 (full 0):
 garbage-first heap   total 294912K, used 255081K [0x0000000080000000, 0x0000000100000000)
  region size 1024K, 31 young (31744K), 5 survivors (5120K)
 Metaspace       used 109601K, committed 111808K, reserved 552960K
  class space    used 14389K, committed 15552K, reserved 421888K
}
Event: 1159.388 GC heap after
{Heap after GC invocations=53 (full 0):
 garbage-first heap   total 294912K, used 234496K [0x0000000080000000, 0x0000000100000000)
  region size 1024K, 4 young (4096K), 4 survivors (4096K)
 Metaspace       used 109601K, committed 111808K, reserved 552960K
  class space    used 14389K, committed 15552K, reserved 421888K
}
Event: 1159.821 GC heap before
{Heap before GC invocations=53 (full 0):
 garbage-first heap   total 294912K, used 256000K [0x0000000080000000, 0x0000000100000000)
  region size 1024K, 25 young (25600K), 4 survivors (4096K)
 Metaspace       used 109656K, committed 111872K, reserved 552960K
  class space    used 14389K, committed 15552K, reserved 421888K
}
Event: 1159.854 GC heap after
{Heap after GC invocations=54 (full 0):
 garbage-first heap   total 294912K, used 239097K [0x0000000080000000, 0x0000000100000000)
  region size 1024K, 4 young (4096K), 4 survivors (4096K)
 Metaspace       used 109656K, committed 111872K, reserved 552960K
  class space    used 14389K, committed 15552K, reserved 421888K
}
Event: 1160.132 GC heap before
{Heap before GC invocations=54 (full 0):
 garbage-first heap   total 294912K, used 256505K [0x0000000080000000, 0x0000000100000000)
  region size 1024K, 21 young (21504K), 4 survivors (4096K)
 Metaspace       used 109709K, committed 111936K, reserved 552960K
  class space    used 14390K, committed 15552K, reserved 421888K
}

Dll operation events (13 events):
Event: 0.007 Loaded shared library C:\Program Files\Java\jdk-19\bin\java.dll
Event: 0.038 Loaded shared library C:\Program Files\Java\jdk-19\bin\jsvml.dll
Event: 0.118 Loaded shared library C:\Program Files\Java\jdk-19\bin\net.dll
Event: 0.119 Loaded shared library C:\Program Files\Java\jdk-19\bin\nio.dll
Event: 0.124 Loaded shared library C:\Program Files\Java\jdk-19\bin\zip.dll
Event: 0.712 Loaded shared library C:\Program Files\Java\jdk-19\bin\jimage.dll
Event: 0.960 Loaded shared library C:\Program Files\Java\jdk-19\bin\verify.dll
Event: 1.251 Loaded shared library C:\Users\Mokinys15\.gradle\native\68d5fa5c4cc2d200863cafc0d521ce42e7d3e7ee720ec0a83991735586a16f82\windows-amd64\native-platform.dll
Event: 1.267 Loaded shared library C:\Users\Mokinys15\.gradle\native\e376f236ea51e6404a007f0833ffe2c6e607c4080706a723a18a27aeea778392\windows-amd64\native-platform-file-events.dll
Event: 2.916 Loaded shared library C:\Program Files\Java\jdk-19\bin\management.dll
Event: 2.920 Loaded shared library C:\Program Files\Java\jdk-19\bin\management_ext.dll
Event: 3.385 Loaded shared library C:\Program Files\Java\jdk-19\bin\extnet.dll
Event: 4.311 Loaded shared library C:\Program Files\Java\jdk-19\bin\sunmscapi.dll

Deoptimization events (20 events):
Event: 1153.017 Thread 0x0000021b47b29a70 DEOPT PACKING pc=0x0000021b2fb08134 sp=0x000000f88def7910
Event: 1153.017 Thread 0x0000021b47b29a70 DEOPT UNPACKING pc=0x0000021b2eff6d9d sp=0x000000f88def78a0 mode 2
Event: 1153.054 Thread 0x0000021b47b29a70 Uncommon trap: trap_request=0xffffffbe fr.pc=0x0000021b2fbeeeac relative=0x0000000000006d2c
Event: 1153.054 Thread 0x0000021b47b29a70 Uncommon trap: reason=profile_predicate action=maybe_recompile pc=0x0000021b2fbeeeac method=org.gradle.api.internal.artifacts.ivyservice.resolveengine.ComponentResolversChain$DependencyToComponentIdResolverChain.resolve(Lorg/gradle/internal/component/mode
Event: 1153.054 Thread 0x0000021b47b29a70 DEOPT PACKING pc=0x0000021b2fbeeeac sp=0x000000f88def8cb0
Event: 1153.054 Thread 0x0000021b47b29a70 DEOPT UNPACKING pc=0x0000021b2eff6d9d sp=0x000000f88def88f8 mode 2
Event: 1159.430 Thread 0x0000021b47b29a70 DEOPT PACKING pc=0x0000021b2908ac82 sp=0x000000f88def8510
Event: 1159.432 Thread 0x0000021b47b29a70 DEOPT UNPACKING pc=0x0000021b2eff7524 sp=0x000000f88def78a8 mode 0
Event: 1159.503 Thread 0x0000021b47b29a70 DEOPT PACKING pc=0x0000021b27d6746d sp=0x000000f88def7c90
Event: 1159.503 Thread 0x0000021b47b29a70 DEOPT UNPACKING pc=0x0000021b2eff7524 sp=0x000000f88def7118 mode 0
Event: 1159.999 Thread 0x0000021b47b29a70 DEOPT PACKING pc=0x0000021b2844187d sp=0x000000f88def9280
Event: 1159.999 Thread 0x0000021b47b29a70 DEOPT UNPACKING pc=0x0000021b2eff7524 sp=0x000000f88def8718 mode 0
Event: 1160.073 Thread 0x0000021b47b29a70 DEOPT PACKING pc=0x0000021b280f7b11 sp=0x000000f88def95f0
Event: 1160.073 Thread 0x0000021b47b29a70 DEOPT UNPACKING pc=0x0000021b2eff7524 sp=0x000000f88def8ac0 mode 0
Event: 1160.073 Thread 0x0000021b47b29a70 DEOPT PACKING pc=0x0000021b280f7b11 sp=0x000000f88def9680
Event: 1160.074 Thread 0x0000021b47b29a70 DEOPT UNPACKING pc=0x0000021b2eff7524 sp=0x000000f88def8b40 mode 0
Event: 1160.084 Thread 0x0000021b47b29a70 DEOPT PACKING pc=0x0000021b280f7b11 sp=0x000000f88def95c0
Event: 1160.084 Thread 0x0000021b47b29a70 DEOPT UNPACKING pc=0x0000021b2eff7524 sp=0x000000f88def8a80 mode 0
Event: 1160.085 Thread 0x0000021b47b29a70 DEOPT PACKING pc=0x0000021b280f7b11 sp=0x000000f88def95c0
Event: 1160.085 Thread 0x0000021b47b29a70 DEOPT UNPACKING pc=0x0000021b2eff7524 sp=0x000000f88def8a80 mode 0

Classes loaded (20 events):
Event: 50.213 Loading class sun/net/InetAddressCachePolicy$2
Event: 50.213 Loading class sun/net/InetAddressCachePolicy$2 done
Event: 50.213 Loading class java/net/InetAddress$CachedAddresses
Event: 50.213 Loading class java/net/InetAddress$CachedAddresses done
Event: 50.215 Loading class sun/nio/ch/ServerSocketChannelImpl$DefaultOptionsHolder
Event: 50.216 Loading class sun/nio/ch/ServerSocketChannelImpl$DefaultOptionsHolder done
Event: 50.217 Loading class java/nio/channels/AsynchronousCloseException
Event: 50.218 Loading class java/nio/channels/AsynchronousCloseException done
Event: 50.219 Loading class sun/nio/ch/SocketChannelImpl$DefaultOptionsHolder
Event: 50.219 Loading class sun/nio/ch/SocketChannelImpl$DefaultOptionsHolder done
Event: 59.187 Loading class java/lang/Math$RandomNumberGeneratorHolder
Event: 59.187 Loading class java/lang/Math$RandomNumberGeneratorHolder done
Event: 59.452 Loading class java/util/Locale$1
Event: 59.452 Loading class java/util/Locale$1 done
Event: 195.222 Loading class sun/net/ConnectionResetException
Event: 195.222 Loading class sun/net/ConnectionResetException done
Event: 195.225 Loading class java/net/ConnectException
Event: 195.226 Loading class java/net/ConnectException done
Event: 195.226 Loading class sun/net/util/SocketExceptions
Event: 195.227 Loading class sun/net/util/SocketExceptions done

Classes unloaded (0 events):
No events

Classes redefined (0 events):
No events

Internal exceptions (20 events):
Event: 1036.078 Thread 0x0000021b476ffcf0 Exception <a 'java/net/ConnectException'{0x000000009141cd30}: Connection refused: connect> (0x000000009141cd30) 
thrown [s\open\src\hotspot\share\prims\jni.cpp, line 536]
Event: 1036.078 Thread 0x0000021b476ffcf0 Exception <a 'java/net/ConnectException'{0x000000009141d2a0}: Connection refused: connect> (0x000000009141d2a0) 
thrown [s\open\src\hotspot\share\prims\jni.cpp, line 536]
Event: 1037.090 Thread 0x0000021b476ffcf0 Exception <a 'java/net/ConnectException'{0x0000000091420460}: Connection refused: connect> (0x0000000091420460) 
thrown [s\open\src\hotspot\share\prims\jni.cpp, line 536]
Event: 1037.090 Thread 0x0000021b476ffcf0 Exception <a 'java/net/ConnectException'{0x00000000914234e8}: Connection refused: connect> (0x00000000914234e8) 
thrown [s\open\src\hotspot\share\prims\jni.cpp, line 536]
Event: 1038.103 Thread 0x0000021b476ffcf0 Exception <a 'java/net/ConnectException'{0x000000009142a740}: Connection refused: connect> (0x000000009142a740) 
thrown [s\open\src\hotspot\share\prims\jni.cpp, line 536]
Event: 1038.103 Thread 0x0000021b476ffcf0 Exception <a 'java/net/ConnectException'{0x000000009142acb0}: Connection refused: connect> (0x000000009142acb0) 
thrown [s\open\src\hotspot\share\prims\jni.cpp, line 536]
Event: 1039.114 Thread 0x0000021b476ffcf0 Exception <a 'java/net/ConnectException'{0x000000009142deb0}: Connection refused: connect> (0x000000009142deb0) 
thrown [s\open\src\hotspot\share\prims\jni.cpp, line 536]
Event: 1039.114 Thread 0x0000021b476ffcf0 Exception <a 'java/net/ConnectException'{0x0000000091431c38}: Connection refused: connect> (0x0000000091431c38) 
thrown [s\open\src\hotspot\share\prims\jni.cpp, line 536]
Event: 1153.054 Thread 0x0000021b47b29a70 Implicit null exception at 0x0000021b2fbead4e to 0x0000021b2fbeede8
Event: 1153.764 Thread 0x0000021b47b29a70 Exception <a 'sun/nio/fs/WindowsException'{0x000000009076ae88}> (0x000000009076ae88) 
thrown [s\open\src\hotspot\share\prims\jni.cpp, line 517]
Event: 1158.855 Thread 0x0000021b47b29a70 Exception <a 'java/lang/NoClassDefFoundError'{0x00000000903893b0}: org/jetbrains/kotlin/gradle/plugin/KotlinBasePluginWrapper> (0x00000000903893b0) 
thrown [s\open\src\hotspot\share\oops\constantPool.cpp, line 837]
Event: 1159.304 Thread 0x0000021b47b29a70 Exception <a 'java/lang/NoClassDefFoundError'{0x0000000090812138}: org/jetbrains/kotlin/gradle/plugin/KotlinBasePluginWrapper> (0x0000000090812138) 
thrown [s\open\src\hotspot\share\oops\constantPool.cpp, line 837]
Event: 1159.404 Thread 0x0000021b47b29a70 Exception <a 'java/lang/NoClassDefFoundError'{0x0000000091e8a5a0}: org/jetbrains/kotlin/gradle/plugin/KotlinBasePluginWrapper> (0x0000000091e8a5a0) 
thrown [s\open\src\hotspot\share\oops\constantPool.cpp, line 837]
Event: 1159.681 Thread 0x0000021b47b29a70 Exception <a 'java/lang/NoClassDefFoundError'{0x0000000091329870}: org/jetbrains/kotlin/gradle/plugin/KotlinBasePluginWrapper> (0x0000000091329870) 
thrown [s\open\src\hotspot\share\oops\constantPool.cpp, line 837]
Event: 1160.002 Thread 0x0000021b47b29a70 Exception <a 'java/lang/NoClassDefFoundError'{0x0000000091568348}: org/jetbrains/kotlin/gradle/plugin/KotlinBasePluginWrapper> (0x0000000091568348) 
thrown [s\open\src\hotspot\share\oops\constantPool.cpp, line 837]
Event: 1160.053 Thread 0x0000021b47b29a70 Exception <a 'sun/nio/fs/WindowsException'{0x00000000912e4fb8}> (0x00000000912e4fb8) 
thrown [s\open\src\hotspot\share\prims\jni.cpp, line 517]
Event: 1160.080 Thread 0x0000021b47b29a70 Exception <a 'sun/nio/fs/WindowsException'{0x00000000911833b8}> (0x00000000911833b8) 
thrown [s\open\src\hotspot\share\prims\jni.cpp, line 517]
Event: 1160.080 Thread 0x0000021b47b29a70 Exception <a 'sun/nio/fs/WindowsException'{0x0000000091184770}> (0x0000000091184770) 
thrown [s\open\src\hotspot\share\prims\jni.cpp, line 517]
Event: 1160.080 Thread 0x0000021b47b29a70 Exception <a 'sun/nio/fs/WindowsException'{0x0000000091185b78}> (0x0000000091185b78) 
thrown [s\open\src\hotspot\share\prims\jni.cpp, line 517]
Event: 1160.080 Thread 0x0000021b47b29a70 Exception <a 'sun/nio/fs/WindowsException'{0x0000000091186f80}> (0x0000000091186f80) 
thrown [s\open\src\hotspot\share\prims\jni.cpp, line 517]

VM Operations (20 events):
Event: 1070.995 Executing VM operation: Cleanup done
Event: 1142.619 Executing VM operation: Cleanup
Event: 1142.635 Executing VM operation: Cleanup done
Event: 1143.639 Executing VM operation: Cleanup
Event: 1143.639 Executing VM operation: Cleanup done
Event: 1151.697 Executing VM operation: Cleanup
Event: 1151.697 Executing VM operation: Cleanup done
Event: 1152.368 Executing VM operation: G1CollectForAllocation
Event: 1152.517 Executing VM operation: G1CollectForAllocation done
Event: 1153.527 Executing VM operation: Cleanup
Event: 1153.529 Executing VM operation: Cleanup done
Event: 1154.530 Executing VM operation: Cleanup
Event: 1154.531 Executing VM operation: Cleanup done
Event: 1158.904 Executing VM operation: G1CollectForAllocation
Event: 1158.942 Executing VM operation: G1CollectForAllocation done
Event: 1159.348 Executing VM operation: G1CollectForAllocation
Event: 1159.388 Executing VM operation: G1CollectForAllocation done
Event: 1159.821 Executing VM operation: G1CollectForAllocation
Event: 1159.854 Executing VM operation: G1CollectForAllocation done
Event: 1160.132 Executing VM operation: G1CollectForAllocation

Events (20 events):
Event: 1152.131 Thread 0x0000021b47b26aa0 Thread added: 0x0000021b47b26aa0
Event: 1152.131 Thread 0x0000021b47b26ff0 Thread added: 0x0000021b47b26ff0
Event: 1152.132 Thread 0x0000021b439c5170 Thread added: 0x0000021b439c5170
Event: 1152.132 Thread 0x0000021b439c9bd0 Thread added: 0x0000021b439c9bd0
Event: 1152.132 Thread 0x0000021b439c3190 Thread added: 0x0000021b439c3190
Event: 1152.132 Thread 0x0000021b439c46d0 Thread added: 0x0000021b439c46d0
Event: 1152.133 Thread 0x0000021b439c4180 Thread added: 0x0000021b439c4180
Event: 1152.133 Thread 0x0000021b439c4c20 Thread added: 0x0000021b439c4c20
Event: 1152.133 Thread 0x0000021b439c7bf0 Thread added: 0x0000021b439c7bf0
Event: 1152.133 Thread 0x0000021b439c36e0 Thread added: 0x0000021b439c36e0
Event: 1152.134 Thread 0x0000021b439c8690 Thread added: 0x0000021b439c8690
Event: 1152.134 Thread 0x0000021b439c6160 Thread added: 0x0000021b439c6160
Event: 1152.134 Thread 0x0000021b439c76a0 Thread added: 0x0000021b439c76a0
Event: 1152.134 Thread 0x0000021b439c56c0 Thread added: 0x0000021b439c56c0
Event: 1152.134 Thread 0x0000021b439c8140 Thread added: 0x0000021b439c8140
Event: 1152.271 Thread 0x0000021b439c8be0 Thread added: 0x0000021b439c8be0
Event: 1152.922 Thread 0x0000021b439ca670 Thread added: 0x0000021b439ca670
Event: 1153.400 Thread 0x0000021b439c2c40 Thread added: 0x0000021b439c2c40
Event: 1153.430 Thread 0x0000021b43ddec10 Thread added: 0x0000021b43ddec10
Event: 1153.443 Thread 0x0000021b43ddf160 Thread added: 0x0000021b43ddf160


Dynamic libraries:
0x00007ff71ea00000 - 0x00007ff71ea10000 	C:\Program Files\Java\jdk-19\bin\java.exe
0x00007ffe97400000 - 0x00007ffe97609000 	C:\Windows\SYSTEM32\ntdll.dll
0x00007ffe96ae0000 - 0x00007ffe96b9e000 	C:\Windows\System32\KERNEL32.DLL
0x00007ffe94c00000 - 0x00007ffe94f7c000 	C:\Windows\System32\KERNELBASE.dll
0x00007ffe95160000 - 0x00007ffe95271000 	C:\Windows\System32\ucrtbase.dll
0x00007ffe84a40000 - 0x00007ffe84a58000 	C:\Program Files\Java\jdk-19\bin\jli.dll
0x00007ffe83040000 - 0x00007ffe8305b000 	C:\Program Files\Java\jdk-19\bin\VCRUNTIME140.dll
0x00007ffe95310000 - 0x00007ffe953be000 	C:\Windows\System32\ADVAPI32.dll
0x00007ffe96730000 - 0x00007ffe967d3000 	C:\Windows\System32\msvcrt.dll
0x00007ffe96050000 - 0x00007ffe960ee000 	C:\Windows\System32\sechost.dll
0x00007ffe953c0000 - 0x00007ffe954e0000 	C:\Windows\System32\RPCRT4.dll
0x00007ffe96930000 - 0x00007ffe96add000 	C:\Windows\System32\USER32.dll
0x00007ffe94b30000 - 0x00007ffe94b56000 	C:\Windows\System32\win32u.dll
0x00007ffe95fa0000 - 0x00007ffe95fc9000 	C:\Windows\System32\GDI32.dll
0x00007ffe95040000 - 0x00007ffe95158000 	C:\Windows\System32\gdi32full.dll
0x00007ffe94b60000 - 0x00007ffe94bfd000 	C:\Windows\System32\msvcp_win.dll
0x00007ffe74a00000 - 0x00007ffe74ca5000 	C:\Windows\WinSxS\amd64_microsoft.windows.common-controls_6595b64144ccf1df_6.0.22000.120_none_9d947278b86cc467\COMCTL32.dll
0x00007ffe8e2f0000 - 0x00007ffe8e2fa000 	C:\Windows\SYSTEM32\VERSION.dll
0x00007ffe96ed0000 - 0x00007ffe96f02000 	C:\Windows\System32\IMM32.DLL
0x00007ffe85440000 - 0x00007ffe8544c000 	C:\Program Files\Java\jdk-19\bin\vcruntime140_1.dll
0x00007ffe64230000 - 0x00007ffe642be000 	C:\Program Files\Java\jdk-19\bin\msvcp140.dll
0x00007ffe5ea90000 - 0x00007ffe5f750000 	C:\Program Files\Java\jdk-19\bin\server\jvm.dll
0x00007ffe84ba0000 - 0x00007ffe84ba9000 	C:\Windows\SYSTEM32\WSOCK32.dll
0x00007ffe95de0000 - 0x00007ffe95e4f000 	C:\Windows\System32\WS2_32.dll
0x00007ffe69ef0000 - 0x00007ffe69f23000 	C:\Windows\SYSTEM32\WINMM.dll
0x00007ffe93950000 - 0x00007ffe93968000 	C:\Windows\SYSTEM32\kernel.appcore.dll
0x00007ffe851c0000 - 0x00007ffe851ca000 	C:\Program Files\Java\jdk-19\bin\jimage.dll
0x00007ffe92600000 - 0x00007ffe92821000 	C:\Windows\SYSTEM32\DBGHELP.DLL
0x00007ffe7bd30000 - 0x00007ffe7bd61000 	C:\Windows\SYSTEM32\dbgcore.DLL
0x00007ffe94a40000 - 0x00007ffe94abf000 	C:\Windows\System32\bcryptPrimitives.dll
0x00007ffe74820000 - 0x00007ffe74846000 	C:\Program Files\Java\jdk-19\bin\java.dll
0x00007ffe60580000 - 0x00007ffe60657000 	C:\Program Files\Java\jdk-19\bin\jsvml.dll
0x00007ffe95610000 - 0x00007ffe95dd5000 	C:\Windows\System32\SHELL32.dll
0x00007ffe929c0000 - 0x00007ffe93225000 	C:\Windows\SYSTEM32\windows.storage.dll
0x00007ffe96f70000 - 0x00007ffe972e8000 	C:\Windows\System32\combase.dll
0x00007ffe92850000 - 0x00007ffe929b6000 	C:\Windows\SYSTEM32\wintypes.dll
0x00007ffe96840000 - 0x00007ffe9692a000 	C:\Windows\System32\SHCORE.dll
0x00007ffe967e0000 - 0x00007ffe9683d000 	C:\Windows\System32\shlwapi.dll
0x00007ffe94800000 - 0x00007ffe94821000 	C:\Windows\SYSTEM32\profapi.dll
0x00007ffe82260000 - 0x00007ffe82273000 	C:\Program Files\Java\jdk-19\bin\net.dll
0x00007ffe8cf70000 - 0x00007ffe8d084000 	C:\Windows\SYSTEM32\WINHTTP.dll
0x00007ffe93df0000 - 0x00007ffe93e57000 	C:\Windows\system32\mswsock.dll
0x00007ffe818b0000 - 0x00007ffe818c6000 	C:\Program Files\Java\jdk-19\bin\nio.dll
0x00007ffe80cd0000 - 0x00007ffe80ce8000 	C:\Program Files\Java\jdk-19\bin\zip.dll
0x00007ffe84190000 - 0x00007ffe841a0000 	C:\Program Files\Java\jdk-19\bin\verify.dll
0x00007ffe71f30000 - 0x00007ffe71f57000 	C:\Users\Mokinys15\.gradle\native\68d5fa5c4cc2d200863cafc0d521ce42e7d3e7ee720ec0a83991735586a16f82\windows-amd64\native-platform.dll
0x00007ffe5e940000 - 0x00007ffe5ea84000 	C:\Users\Mokinys15\.gradle\native\e376f236ea51e6404a007f0833ffe2c6e607c4080706a723a18a27aeea778392\windows-amd64\native-platform-file-events.dll
0x00007ffe83eb0000 - 0x00007ffe83eba000 	C:\Program Files\Java\jdk-19\bin\management.dll
0x00007ffe82990000 - 0x00007ffe8299b000 	C:\Program Files\Java\jdk-19\bin\management_ext.dll
0x00007ffe95e70000 - 0x00007ffe95e78000 	C:\Windows\System32\PSAPI.DLL
0x00007ffe94030000 - 0x00007ffe94048000 	C:\Windows\SYSTEM32\CRYPTSP.dll
0x00007ffe938b0000 - 0x00007ffe938e5000 	C:\Windows\system32\rsaenh.dll
0x00007ffe93ee0000 - 0x00007ffe93f09000 	C:\Windows\SYSTEM32\USERENV.dll
0x00007ffe94230000 - 0x00007ffe94257000 	C:\Windows\SYSTEM32\bcrypt.dll
0x00007ffe94050000 - 0x00007ffe9405c000 	C:\Windows\SYSTEM32\CRYPTBASE.dll
0x00007ffe93480000 - 0x00007ffe934ad000 	C:\Windows\SYSTEM32\IPHLPAPI.DLL
0x00007ffe95f70000 - 0x00007ffe95f79000 	C:\Windows\System32\NSI.dll
0x00007ffe8d280000 - 0x00007ffe8d299000 	C:\Windows\SYSTEM32\dhcpcsvc6.DLL
0x00007ffe8d990000 - 0x00007ffe8d9ae000 	C:\Windows\SYSTEM32\dhcpcsvc.DLL
0x00007ffe934f0000 - 0x00007ffe935d8000 	C:\Windows\SYSTEM32\DNSAPI.dll
0x00007ffe81cf0000 - 0x00007ffe81cf8000 	C:\Program Files\Java\jdk-19\bin\extnet.dll
0x00007ffe80b60000 - 0x00007ffe80b6e000 	C:\Program Files\Java\jdk-19\bin\sunmscapi.dll
0x00007ffe948d0000 - 0x00007ffe94a32000 	C:\Windows\System32\CRYPT32.dll
0x00007ffe94200000 - 0x00007ffe94228000 	C:\Windows\SYSTEM32\ncrypt.dll
0x00007ffe941c0000 - 0x00007ffe941f7000 	C:\Windows\SYSTEM32\NTASN1.dll
0x00007ffe80710000 - 0x00007ffe80718000 	C:\Windows\system32\wshunix.dll
0x00007ffe8b0c0000 - 0x00007ffe8b0ca000 	C:\Windows\System32\rasadhlp.dll
0x00007ffe87010000 - 0x00007ffe87091000 	C:\Windows\System32\fwpuclnt.dll

dbghelp: loaded successfully - version: 4.0.5 - missing functions: none
symbol engine: initialized successfully - sym options: 0x614 - pdb path: .;C:\Program Files\Java\jdk-19\bin;C:\Windows\SYSTEM32;C:\Windows\WinSxS\amd64_microsoft.windows.common-controls_6595b64144ccf1df_6.0.22000.120_none_9d947278b86cc467;C:\Program Files\Java\jdk-19\bin\server;C:\Users\Mokinys15\.gradle\native\68d5fa5c4cc2d200863cafc0d521ce42e7d3e7ee720ec0a83991735586a16f82\windows-amd64;C:\Users\Mokinys15\.gradle\native\e376f236ea51e6404a007f0833ffe2c6e607c4080706a723a18a27aeea778392\windows-amd64

VM Arguments:
jvm_args: -XX:MaxMetaspaceSize=512m --add-opens=java.base/java.util=ALL-UNNAMED --add-opens=java.base/java.lang=ALL-UNNAMED --add-opens=java.base/java.lang.invoke=ALL-UNNAMED --add-opens=java.prefs/java.util.prefs=ALL-UNNAMED --add-opens=java.base/java.nio.charset=ALL-UNNAMED --add-opens=java.base/java.net=ALL-UNNAMED --add-opens=java.base/java.util.concurrent.atomic=ALL-UNNAMED -Xmx2048m -Dfile.encoding=UTF-8 -Duser.country=LT -Duser.language=lt -Duser.variant 
java_command: org.gradle.launcher.daemon.bootstrap.GradleDaemon 7.6
java_class_path (initial): C:\Users\Mokinys15\.gradle\wrapper\dists\gradle-7.6-all\9f832ih6bniajn45pbmqhk2cw\gradle-7.6\lib\gradle-launcher-7.6.jar
Launcher Type: SUN_STANDARD

[Global flags]
     intx CICompilerCount                          = 2                                         {product} {ergonomic}
   size_t CompressedClassSpaceSize                 = 432013312                                 {product} {ergonomic}
     uint ConcGCThreads                            = 1                                         {product} {ergonomic}
     uint G1ConcRefinementThreads                  = 2                                         {product} {ergonomic}
   size_t G1HeapRegionSize                         = 1048576                                   {product} {ergonomic}
    uintx GCDrainStackTargetSize                   = 64                                        {product} {ergonomic}
   size_t InitialHeapSize                          = 67108864                                  {product} {ergonomic}
   size_t MarkStackSize                            = 4194304                                   {product} {ergonomic}
   size_t MaxHeapSize                              = 2147483648                                {product} {command line}
   size_t MaxMetaspaceSize                         = 536870912                                 {product} {command line}
   size_t MaxNewSize                               = 1287651328                                {product} {ergonomic}
   size_t MinHeapDeltaBytes                        = 1048576                                   {product} {ergonomic}
   size_t MinHeapSize                              = 8388608                                   {product} {ergonomic}
    uintx NonNMethodCodeHeapSize                   = 5826188                                {pd product} {ergonomic}
    uintx NonProfiledCodeHeapSize                  = 122916026                              {pd product} {ergonomic}
    uintx ProfiledCodeHeapSize                     = 122916026                              {pd product} {ergonomic}
    uintx ReservedCodeCacheSize                    = 251658240                              {pd product} {ergonomic}
     bool SegmentedCodeCache                       = true                                      {product} {ergonomic}
   size_t SoftMaxHeapSize                          = 2147483648                             {manageable} {ergonomic}
     bool UseCompressedClassPointers               = true                           {product lp64_product} {ergonomic}
     bool UseCompressedOops                        = true                           {product lp64_product} {ergonomic}
     bool UseG1GC                                  = true                                      {product} {ergonomic}
     bool UseLargePagesIndividualAllocation        = false                                  {pd product} {ergonomic}

Logging:
Log output configuration:
 #0: stdout all=warning uptime,level,tags foldmultilines=false
 #1: stderr all=off uptime,level,tags foldmultilines=false

Environment Variables:
JAVA_HOME=C:\Program Files\Java\jdk-19
CLASSPATH=C:\Users\Mokinys15\Desktop\mokiniu darbai 10\4B Redas Domkus\MUZIEJUS\Muziejaus projektas\Muziejus\android\\gradle\wrapper\gradle-wrapper.jar
PATH=C:\Users\Mokinys15\Desktop\mokiniu darbai 10\4B Redas Domkus\MUZIEJUS\Muziejaus projektas\Muziejus\android\node_modules\.bin;C:\Users\Mokinys15\Desktop\mokiniu darbai 10\4B Redas Domkus\MUZIEJUS\Muziejaus projektas\Muziejus\node_modules\.bin;C:\Users\Mokinys15\Desktop\mokiniu darbai 10\4B Redas Domkus\MUZIEJUS\Muziejaus projektas\node_modules\.bin;C:\Users\Mokinys15\Desktop\mokiniu darbai 10\4B Redas Domkus\MUZIEJUS\node_modules\.bin;C:\Users\Mokinys15\Desktop\mokiniu darbai 10\4B Redas Domkus\node_modules\.bin;C:\Users\Mokinys15\Desktop\mokiniu darbai 10\node_modules\.bin;C:\Users\Mokinys15\Desktop\node_modules\.bin;C:\Users\Mokinys15\node_modules\.bin;C:\Users\node_modules\.bin;C:\node_modules\.bin;C:\Program Files\nodejs;C:\Users\Mokinys15\Desktop\mokiniu darbai 10\4B Redas Domkus\MUZIEJUS\Muziejaus projektas\Muziejus\node_modules\.bin;C:\Users\Mokinys15\Desktop\mokiniu darbai 10\4B Redas Domkus\MUZIEJUS\Muziejaus projektas\Muziejus\node_modules\.bin;C:\Users\Mokinys15\Desktop\mokiniu darbai 10\4B Redas Domkus\MUZIEJUS\Muziejaus projektas\node_modules\.bin;C:\Users\Mokinys15\Desktop\mokiniu darbai 10\4B Redas Domkus\MUZIEJUS\node_modules\.bin;C:\Users\Mokinys15\Desktop\mokiniu darbai 10\4B Redas Domkus\node_modules\.bin;C:\Users\Mokinys15\Desktop\mokiniu darbai 10\node_modules\.bin;C:\Users\Mokinys15\Desktop\node_modules\.bin;C:\Users\Mokinys15\node_modules\.bin;C:\Users\node_modules\.bin;C:\node_modules\.bin;C:\Users\Mokinys15\AppData\Roaming\npm\node_modules\npm\node_modules\@npmcli\run-script\lib\node-gyp-bin;C:\Program Files\Common Files\Oracle\Java\javapath;C:\Program Files\Python38\Scripts\;C:\Program Files\Python38\;C:\Windows\system32;C:\Windows;C:\Windows\System32\Wbem;C:\Windows\System32\WindowsPowerShell\v1.0\;C:\Windows\System32\OpenSSH\;C:\Program Files\nodejs\;C:\Users\Mokinys15\Desktop\mokiniu darbai 10\4B Redas Domkus\MUZIEJUS\platform-tools;C:\Users\Mokinys15\AppData\Local\Microsoft\WindowsApps;C:\Users\Mokinys15\AppData\Roaming\npm;C:\Users\Mokinys15\AppData\Local\Programs\Microsoft VS Code\bin
USERNAME=Mokinys15
LANG=en_US.UTF-8
OS=Windows_NT
PROCESSOR_IDENTIFIER=Intel64 Family 6 Model 94 Stepping 3, GenuineIntel
TMP=C:\Users\MOKINY~1\AppData\Local\Temp
TEMP=C:\Users\MOKINY~1\AppData\Local\Temp



---------------  S Y S T E M  ---------------

OS:
 Windows 11 , 64 bit Build 22000 (10.0.22000.1516)
OS uptime: 6 days 22:53 hours

CPU: total 2 (initial active 2) (2 cores per cpu, 1 threads per core) family 6 model 94 stepping 3 microcode 0xd6, cx8, cmov, fxsr, mmx, 3dnowpref, sse, sse2, sse3, ssse3, sse4.1, sse4.2, popcnt, lzcnt, tsc, tscinvbit, aes, erms, clmul, clflush, clflushopt, rdtscp

Memory: 4k page, system-wide physical 4010M (515M free)
TotalPageFile size 16298M (AvailPageFile size 162M)
current process WorkingSet (physical memory assigned to process): 320M, peak: 582M
current process commit charge ("private bytes"): 618M, peak: 863M

vm_info: Java HotSpot(TM) 64-Bit Server VM (19.0.2+7-44) for windows-amd64 JRE (19.0.2+7-44), built on 2022-11-30T18:02:09Z by "mach5one" with MS VC++ 17.1 (VS2022)

END.
