#
# There is insufficient memory for the Java Runtime Environment to continue.
# Native memory allocation (malloc) failed to allocate 1316336 bytes for Chunk::new
# Possible reasons:
#   The system is out of physical RAM or swap space
#   The process is running with CompressedOops enabled, and the Java Heap may be blocking the growth of the native heap
# Possible solutions:
#   Reduce memory load on the system
#   Increase physical memory or swap space
#   Check if swap backing store is full
#   Decrease Java heap size (-Xmx/-Xms)
#   Decrease number of Java threads
#   Decrease Java thread stack sizes (-Xss)
#   Set larger code cache with -XX:ReservedCodeCacheSize=
#   JVM is running with Unscaled Compressed Oops mode in which the Java heap is
#     placed in the first 4GB address space. The Java Heap base address is the
#     maximum limit for the native heap growth. Please use -XX:HeapBaseMinAddress
#     to set the Java Heap base and to place the Java Heap above 4GB virtual address.
# This output file may be truncated or incomplete.
#
#  Out of Memory Error (arena.cpp:184), pid=10960, tid=7932
#
# JRE version: Java(TM) SE Runtime Environment (19.0.2+7) (build 19.0.2+7-44)
# Java VM: Java HotSpot(TM) 64-Bit Server VM (19.0.2+7-44, mixed mode, sharing, tiered, compressed oops, compressed class ptrs, g1 gc, windows-amd64)
# No core dump will be written. Minidumps are not enabled by default on client versions of Windows
#

---------------  S U M M A R Y ------------

Command Line: org.jetbrains.kotlin.cli.jvm.K2JVMCompiler @C:\Users\Mokinys15\Desktop\mokiniu darbai 10\4B Redas Domkus\MUZIEJUS\Muziejaus projektas\Muziejus\node_modules\react-native-gradle-plugin\build\20230302_7649403208812504550.compiler.options

Host: Intel(R) Pentium(R) CPU G4400 @ 3.30GHz, 2 cores, 3G,  Windows 11 , 64 bit Build 22000 (10.0.22000.1516)
Time: Thu Mar  2 15:33:16 2023 FLE standartinis laik elapsed time: 3.569214 seconds (0d 0h 0m 3s)

---------------  T H R E A D  ---------------

Current thread (0x00000150b32a3ee0):  JavaThread "C2 CompilerThread0" daemon [_thread_in_native, id=7932, stack(0x000000074b000000,0x000000074b100000)]


Current CompileTask:
C2:   3569 3510       4       java.lang.invoke.MethodType::makeImpl (109 bytes)

Stack: [0x000000074b000000,0x000000074b100000]
Native frames: (J=compiled Java code, j=interpreted, Vv=VM code, C=native code)
V  [jvm.dll+0x6ee21a]
V  [jvm.dll+0x85765e]
V  [jvm.dll+0x85904e]
V  [jvm.dll+0x859703]
V  [jvm.dll+0x28298f]
V  [jvm.dll+0xc9adf]
V  [jvm.dll+0xc9e65]
V  [jvm.dll+0x3bca12]
V  [jvm.dll+0x3860e1]
V  [jvm.dll+0x38555a]
V  [jvm.dll+0x24c3d9]
V  [jvm.dll+0x24b781]
V  [jvm.dll+0x1d6ce1]
V  [jvm.dll+0x25b25a]
V  [jvm.dll+0x2596e8]
V  [jvm.dll+0x807588]
V  [jvm.dll+0x80125a]
V  [jvm.dll+0x6ecf0b]
C  [ucrtbase.dll+0x26c0c]
C  [KERNEL32.DLL+0x155a0]
C  [ntdll.dll+0x485b]


---------------  P R O C E S S  ---------------

Threads class SMR info:
_java_thread_list=0x00000150b757c2e0, length=12, elements={
0x0000015097d97fa0, 0x00000150b329bee0, 0x00000150b329c9b0, 0x00000150b32a12f0,
0x00000150b32a1c20, 0x00000150b32a2950, 0x00000150b32a3280, 0x00000150b32a3ee0,
0x00000150b3312fa0, 0x00000150b3314530, 0x00000150b7579030, 0x00000150b757fe00
}

Java Threads: ( => current thread )
  0x0000015097d97fa0 JavaThread "main" [_thread_in_vm, id=11528, stack(0x000000074a300000,0x000000074a400000)]
  0x00000150b329bee0 JavaThread "Reference Handler" daemon [_thread_blocked, id=6568, stack(0x000000074aa00000,0x000000074ab00000)]
  0x00000150b329c9b0 JavaThread "Finalizer" daemon [_thread_blocked, id=2144, stack(0x000000074ab00000,0x000000074ac00000)]
  0x00000150b32a12f0 JavaThread "Signal Dispatcher" daemon [_thread_blocked, id=6440, stack(0x000000074ac00000,0x000000074ad00000)]
  0x00000150b32a1c20 JavaThread "Attach Listener" daemon [_thread_blocked, id=10428, stack(0x000000074ad00000,0x000000074ae00000)]
  0x00000150b32a2950 JavaThread "Service Thread" daemon [_thread_blocked, id=11652, stack(0x000000074ae00000,0x000000074af00000)]
  0x00000150b32a3280 JavaThread "Monitor Deflation Thread" daemon [_thread_blocked, id=11140, stack(0x000000074af00000,0x000000074b000000)]
=>0x00000150b32a3ee0 JavaThread "C2 CompilerThread0" daemon [_thread_in_native, id=7932, stack(0x000000074b000000,0x000000074b100000)]
  0x00000150b3312fa0 JavaThread "C1 CompilerThread0" daemon [_thread_blocked, id=6432, stack(0x000000074b100000,0x000000074b200000)]
  0x00000150b3314530 JavaThread "Sweeper thread" daemon [_thread_blocked, id=4368, stack(0x000000074b200000,0x000000074b300000)]
  0x00000150b7579030 JavaThread "Notification Thread" daemon [_thread_blocked, id=3432, stack(0x000000074b300000,0x000000074b400000)]
  0x00000150b757fe00 JavaThread "Common-Cleaner" daemon [_thread_blocked, id=10492, stack(0x000000074b500000,0x000000074b600000)]

Other Threads:
  0x0000015097e53cd0 VMThread "VM Thread" [stack: 0x000000074a900000,0x000000074aa00000] [id=8912]
  0x00000150b757b990 WatcherThread "VM Periodic Task Thread" [stack: 0x000000074b400000,0x000000074b500000] [id=11812]
  0x0000015097dd8320 WorkerThread "GC Thread#0" [stack: 0x000000074a400000,0x000000074a500000] [id=2620]
  0x00000150b7704310 WorkerThread "GC Thread#1" [stack: 0x000000074b600000,0x000000074b700000] [id=12272]
  0x0000015097de1000 ConcurrentGCThread "G1 Main Marker" [stack: 0x000000074a500000,0x000000074a600000] [id=9076]
  0x0000015097de1a30 WorkerThread "G1 Conc#0" [stack: 0x000000074a600000,0x000000074a700000] [id=5448]
  0x0000015097e2d7b0 ConcurrentGCThread "G1 Refine#0" [stack: 0x000000074a700000,0x000000074a800000] [id=11004]
  0x0000015097e2e2f0 ConcurrentGCThread "G1 Service" [stack: 0x000000074a800000,0x000000074a900000] [id=8216]

Threads with active compile tasks:
C2 CompilerThread0     3590 3510       4       java.lang.invoke.MethodType::makeImpl (109 bytes)

VM state: not at safepoint (normal execution)

VM Mutex/Monitor currently owned by a thread: None

Heap address: 0x00000000c1400000, size: 1004 MB, Compressed Oops mode: 32-bit

CDS archive(s) mapped at: [0x0000000800000000-0x0000000800c40000-0x0000000800c40000), size 12845056, SharedBaseAddress: 0x0000000800000000, ArchiveRelocationMode: 0.
Compressed class space mapped at: 0x0000000801000000-0x0000000841000000, reserved size: 1073741824
Narrow klass base: 0x0000000800000000, Narrow klass shift: 0, Narrow klass range: 0x100000000

GC Precious Log:
 CardTable entry size: 512
 Card Set container configuration: InlinePtr #cards 5 size 8 Array Of Cards #cards 12 size 40 Howl #buckets 4 coarsen threshold 1843 Howl Bitmap #cards 512 size 80 coarsen threshold 460 Card regions per heap region 1 cards per card region 2048
 CPUs: 2 total, 2 available
 Memory: 4010M
 Large Page Support: Disabled
 NUMA Support: Disabled
 Compressed Oops: Enabled (32-bit)
 Heap Region Size: 1M
 Heap Min Capacity: 8M
 Heap Initial Capacity: 64M
 Heap Max Capacity: 1004M
 Pre-touch: Disabled
 Parallel Workers: 2
 Concurrent Workers: 1
 Concurrent Refinement Workers: 2
 Periodic GC: Disabled

Heap:
 garbage-first heap   total 159744K, used 61446K [0x00000000c1400000, 0x0000000100000000)
  region size 1024K, 21 young (21504K), 1 survivors (1024K)
 Metaspace       used 34741K, committed 35328K, reserved 1114112K
  class space    used 4233K, committed 4544K, reserved 1048576K

Heap Regions: E=young(eden), S=young(survivor), O=old, HS=humongous(starts), HC=humongous(continues), CS=collection set, F=free, OA=open archive, CA=closed archive, TAMS=top-at-mark-start (previous, next)
|   0|0x00000000c1400000, 0x00000000c1500000, 0x00000000c1500000|100%|HS|  |TAMS 0x00000000c1500000, 0x00000000c1400000| Complete 
|   1|0x00000000c1500000, 0x00000000c1600000, 0x00000000c1600000|100%|HC|  |TAMS 0x00000000c1600000, 0x00000000c1500000| Complete 
|   2|0x00000000c1600000, 0x00000000c1700000, 0x00000000c1700000|100%|HC|  |TAMS 0x00000000c1700000, 0x00000000c1600000| Complete 
|   3|0x00000000c1700000, 0x00000000c1800000, 0x00000000c1800000|100%| O|  |TAMS 0x00000000c1800000, 0x00000000c1700000| Untracked 
|   4|0x00000000c1800000, 0x00000000c1800000, 0x00000000c1900000|  0%| F|  |TAMS 0x00000000c1800000, 0x00000000c1800000| Untracked 
|   5|0x00000000c1900000, 0x00000000c1a00000, 0x00000000c1a00000|100%| O|  |TAMS 0x00000000c1a00000, 0x00000000c1900000| Untracked 
|   6|0x00000000c1a00000, 0x00000000c1b00000, 0x00000000c1b00000|100%|HS|  |TAMS 0x00000000c1b00000, 0x00000000c1a00000| Complete 
|   7|0x00000000c1b00000, 0x00000000c1c00000, 0x00000000c1c00000|100%|HC|  |TAMS 0x00000000c1c00000, 0x00000000c1b00000| Complete 
|   8|0x00000000c1c00000, 0x00000000c1d00000, 0x00000000c1d00000|100%|HC|  |TAMS 0x00000000c1d00000, 0x00000000c1c00000| Complete 
|   9|0x00000000c1d00000, 0x00000000c1e00000, 0x00000000c1e00000|100%| O|  |TAMS 0x00000000c1e00000, 0x00000000c1d00000| Untracked 
|  10|0x00000000c1e00000, 0x00000000c1f00000, 0x00000000c1f00000|100%| O|  |TAMS 0x00000000c1f00000, 0x00000000c1e00000| Untracked 
|  11|0x00000000c1f00000, 0x00000000c1f00000, 0x00000000c2000000|  0%| F|  |TAMS 0x00000000c1f00000, 0x00000000c1f00000| Untracked 
|  12|0x00000000c2000000, 0x00000000c2100000, 0x00000000c2100000|100%|HS|  |TAMS 0x00000000c2000000, 0x00000000c2000000| Complete 
|  13|0x00000000c2100000, 0x00000000c2200000, 0x00000000c2200000|100%| O|  |TAMS 0x00000000c2100000, 0x00000000c2100000| Untracked 
|  14|0x00000000c2200000, 0x00000000c2300000, 0x00000000c2300000|100%| O|  |TAMS 0x00000000c2200000, 0x00000000c2200000| Untracked 
|  15|0x00000000c2300000, 0x00000000c2400000, 0x00000000c2400000|100%| O|  |TAMS 0x00000000c2300000, 0x00000000c2300000| Untracked 
|  16|0x00000000c2400000, 0x00000000c2500000, 0x00000000c2500000|100%| O|  |TAMS 0x00000000c2500000, 0x00000000c2400000| Untracked 
|  17|0x00000000c2500000, 0x00000000c2500000, 0x00000000c2600000|  0%| F|  |TAMS 0x00000000c2500000, 0x00000000c2500000| Untracked 
|  18|0x00000000c2600000, 0x00000000c2700000, 0x00000000c2700000|100%| O|  |TAMS 0x00000000c2700000, 0x00000000c2600000| Untracked 
|  19|0x00000000c2700000, 0x00000000c2800000, 0x00000000c2800000|100%| O|  |TAMS 0x00000000c2800000, 0x00000000c2700000| Untracked 
|  20|0x00000000c2800000, 0x00000000c2900000, 0x00000000c2900000|100%| O|  |TAMS 0x00000000c2900000, 0x00000000c2800000| Untracked 
|  21|0x00000000c2900000, 0x00000000c2900000, 0x00000000c2a00000|  0%| F|  |TAMS 0x00000000c2900000, 0x00000000c2900000| Untracked 
|  22|0x00000000c2a00000, 0x00000000c2a00000, 0x00000000c2b00000|  0%| F|  |TAMS 0x00000000c2a00000, 0x00000000c2a00000| Untracked 
|  23|0x00000000c2b00000, 0x00000000c2c00000, 0x00000000c2c00000|100%| O|  |TAMS 0x00000000c2c00000, 0x00000000c2b00000| Untracked 
|  24|0x00000000c2c00000, 0x00000000c2d00000, 0x00000000c2d00000|100%| O|  |TAMS 0x00000000c2d00000, 0x00000000c2c00000| Untracked 
|  25|0x00000000c2d00000, 0x00000000c2e00000, 0x00000000c2e00000|100%| O|  |TAMS 0x00000000c2e00000, 0x00000000c2d00000| Untracked 
|  26|0x00000000c2e00000, 0x00000000c2f00000, 0x00000000c2f00000|100%| O|  |TAMS 0x00000000c2f00000, 0x00000000c2e00000| Untracked 
|  27|0x00000000c2f00000, 0x00000000c3000000, 0x00000000c3000000|100%| O|  |TAMS 0x00000000c3000000, 0x00000000c2f00000| Untracked 
|  28|0x00000000c3000000, 0x00000000c3100000, 0x00000000c3100000|100%| O|  |TAMS 0x00000000c3100000, 0x00000000c3000000| Untracked 
|  29|0x00000000c3100000, 0x00000000c3200000, 0x00000000c3200000|100%| O|  |TAMS 0x00000000c3200000, 0x00000000c3100000| Untracked 
|  30|0x00000000c3200000, 0x00000000c3300000, 0x00000000c3300000|100%| O|  |TAMS 0x00000000c3300000, 0x00000000c3200000| Untracked 
|  31|0x00000000c3300000, 0x00000000c3400000, 0x00000000c3400000|100%| O|  |TAMS 0x00000000c3400000, 0x00000000c3300000| Untracked 
|  32|0x00000000c3400000, 0x00000000c3500000, 0x00000000c3500000|100%| O|  |TAMS 0x00000000c3500000, 0x00000000c3400000| Untracked 
|  33|0x00000000c3500000, 0x00000000c35e2800, 0x00000000c3600000| 88%| O|  |TAMS 0x00000000c35e2800, 0x00000000c3500000| Untracked 
|  34|0x00000000c3600000, 0x00000000c3700000, 0x00000000c3700000|100%| O|  |TAMS 0x00000000c3700000, 0x00000000c3600000| Untracked 
|  35|0x00000000c3700000, 0x00000000c3700000, 0x00000000c3800000|  0%| F|  |TAMS 0x00000000c3700000, 0x00000000c3700000| Untracked 
|  36|0x00000000c3800000, 0x00000000c3900000, 0x00000000c3900000|100%| O|  |TAMS 0x00000000c3900000, 0x00000000c3800000| Untracked 
|  37|0x00000000c3900000, 0x00000000c3900000, 0x00000000c3a00000|  0%| F|  |TAMS 0x00000000c3900000, 0x00000000c3900000| Untracked 
|  38|0x00000000c3a00000, 0x00000000c3b00000, 0x00000000c3b00000|100%| O|  |TAMS 0x00000000c3b00000, 0x00000000c3a00000| Untracked 
|  39|0x00000000c3b00000, 0x00000000c3c00000, 0x00000000c3c00000|100%|HS|  |TAMS 0x00000000c3b00000, 0x00000000c3b00000| Complete 
|  40|0x00000000c3c00000, 0x00000000c3d00000, 0x00000000c3d00000|100%|HC|  |TAMS 0x00000000c3c00000, 0x00000000c3c00000| Complete 
|  41|0x00000000c3d00000, 0x00000000c3e00000, 0x00000000c3e00000|100%|HC|  |TAMS 0x00000000c3d00000, 0x00000000c3d00000| Complete 
|  42|0x00000000c3e00000, 0x00000000c3f00000, 0x00000000c3f00000|100%|HC|  |TAMS 0x00000000c3e00000, 0x00000000c3e00000| Complete 
|  43|0x00000000c3f00000, 0x00000000c4000000, 0x00000000c4000000|100%|HC|  |TAMS 0x00000000c3f00000, 0x00000000c3f00000| Complete 
|  44|0x00000000c4000000, 0x00000000c4100000, 0x00000000c4100000|100%|HC|  |TAMS 0x00000000c4000000, 0x00000000c4000000| Complete 
|  45|0x00000000c4100000, 0x00000000c4200000, 0x00000000c4200000|100%| O|  |TAMS 0x00000000c4100000, 0x00000000c4100000| Untracked 
|  46|0x00000000c4200000, 0x00000000c4300000, 0x00000000c4300000|100%| O|  |TAMS 0x00000000c4200000, 0x00000000c4200000| Untracked 
|  47|0x00000000c4300000, 0x00000000c4400000, 0x00000000c4400000|100%| O|  |TAMS 0x00000000c4300000, 0x00000000c4300000| Untracked 
|  48|0x00000000c4400000, 0x00000000c44bc200, 0x00000000c4500000| 73%| O|  |TAMS 0x00000000c4400000, 0x00000000c4400000| Untracked 
|  49|0x00000000c4500000, 0x00000000c4500000, 0x00000000c4600000|  0%| F|  |TAMS 0x00000000c4500000, 0x00000000c4500000| Untracked 
|  50|0x00000000c4600000, 0x00000000c4600000, 0x00000000c4700000|  0%| F|  |TAMS 0x00000000c4600000, 0x00000000c4600000| Untracked 
|  51|0x00000000c4700000, 0x00000000c4700000, 0x00000000c4800000|  0%| F|  |TAMS 0x00000000c4700000, 0x00000000c4700000| Untracked 
|  52|0x00000000c4800000, 0x00000000c4800000, 0x00000000c4900000|  0%| F|  |TAMS 0x00000000c4800000, 0x00000000c4800000| Untracked 
|  53|0x00000000c4900000, 0x00000000c4900000, 0x00000000c4a00000|  0%| F|  |TAMS 0x00000000c4900000, 0x00000000c4900000| Untracked 
|  54|0x00000000c4a00000, 0x00000000c4a00000, 0x00000000c4b00000|  0%| F|  |TAMS 0x00000000c4a00000, 0x00000000c4a00000| Untracked 
|  55|0x00000000c4b00000, 0x00000000c4b00000, 0x00000000c4c00000|  0%| F|  |TAMS 0x00000000c4b00000, 0x00000000c4b00000| Untracked 
|  56|0x00000000c4c00000, 0x00000000c4c00000, 0x00000000c4d00000|  0%| F|  |TAMS 0x00000000c4c00000, 0x00000000c4c00000| Untracked 
|  57|0x00000000c4d00000, 0x00000000c4d00000, 0x00000000c4e00000|  0%| F|  |TAMS 0x00000000c4d00000, 0x00000000c4d00000| Untracked 
|  58|0x00000000c4e00000, 0x00000000c4e00000, 0x00000000c4f00000|  0%| F|  |TAMS 0x00000000c4e00000, 0x00000000c4e00000| Untracked 
|  59|0x00000000c4f00000, 0x00000000c4f00000, 0x00000000c5000000|  0%| F|  |TAMS 0x00000000c4f00000, 0x00000000c4f00000| Untracked 
|  60|0x00000000c5000000, 0x00000000c5000000, 0x00000000c5100000|  0%| F|  |TAMS 0x00000000c5000000, 0x00000000c5000000| Untracked 
|  61|0x00000000c5100000, 0x00000000c5100000, 0x00000000c5200000|  0%| F|  |TAMS 0x00000000c5100000, 0x00000000c5100000| Untracked 
|  62|0x00000000c5200000, 0x00000000c5200000, 0x00000000c5300000|  0%| F|  |TAMS 0x00000000c5200000, 0x00000000c5200000| Untracked 
|  63|0x00000000c5300000, 0x00000000c5300000, 0x00000000c5400000|  0%| F|  |TAMS 0x00000000c5300000, 0x00000000c5300000| Untracked 
|  64|0x00000000c5400000, 0x00000000c5400000, 0x00000000c5500000|  0%| F|  |TAMS 0x00000000c5400000, 0x00000000c5400000| Untracked 
|  65|0x00000000c5500000, 0x00000000c5500000, 0x00000000c5600000|  0%| F|  |TAMS 0x00000000c5500000, 0x00000000c5500000| Untracked 
|  66|0x00000000c5600000, 0x00000000c5600000, 0x00000000c5700000|  0%| F|  |TAMS 0x00000000c5600000, 0x00000000c5600000| Untracked 
|  67|0x00000000c5700000, 0x00000000c5700000, 0x00000000c5800000|  0%| F|  |TAMS 0x00000000c5700000, 0x00000000c5700000| Untracked 
|  68|0x00000000c5800000, 0x00000000c5800000, 0x00000000c5900000|  0%| F|  |TAMS 0x00000000c5800000, 0x00000000c5800000| Untracked 
|  69|0x00000000c5900000, 0x00000000c5900000, 0x00000000c5a00000|  0%| F|  |TAMS 0x00000000c5900000, 0x00000000c5900000| Untracked 
|  70|0x00000000c5a00000, 0x00000000c5a00000, 0x00000000c5b00000|  0%| F|  |TAMS 0x00000000c5a00000, 0x00000000c5a00000| Untracked 
|  71|0x00000000c5b00000, 0x00000000c5b00000, 0x00000000c5c00000|  0%| F|  |TAMS 0x00000000c5b00000, 0x00000000c5b00000| Untracked 
|  72|0x00000000c5c00000, 0x00000000c5c00000, 0x00000000c5d00000|  0%| F|  |TAMS 0x00000000c5c00000, 0x00000000c5c00000| Untracked 
|  73|0x00000000c5d00000, 0x00000000c5d00000, 0x00000000c5e00000|  0%| F|  |TAMS 0x00000000c5d00000, 0x00000000c5d00000| Untracked 
|  74|0x00000000c5e00000, 0x00000000c5e00000, 0x00000000c5f00000|  0%| F|  |TAMS 0x00000000c5e00000, 0x00000000c5e00000| Untracked 
|  75|0x00000000c5f00000, 0x00000000c5f62f30, 0x00000000c6000000| 38%| S|CS|TAMS 0x00000000c5f00000, 0x00000000c5f00000| Complete 
|  76|0x00000000c6000000, 0x00000000c6000000, 0x00000000c6100000|  0%| F|  |TAMS 0x00000000c6000000, 0x00000000c6000000| Untracked 
|  77|0x00000000c6100000, 0x00000000c6100000, 0x00000000c6200000|  0%| F|  |TAMS 0x00000000c6100000, 0x00000000c6100000| Untracked 
|  78|0x00000000c6200000, 0x00000000c6200000, 0x00000000c6300000|  0%| F|  |TAMS 0x00000000c6200000, 0x00000000c6200000| Untracked 
|  79|0x00000000c6300000, 0x00000000c6300000, 0x00000000c6400000|  0%| F|  |TAMS 0x00000000c6300000, 0x00000000c6300000| Untracked 
|  80|0x00000000c6400000, 0x00000000c6400000, 0x00000000c6500000|  0%| F|  |TAMS 0x00000000c6400000, 0x00000000c6400000| Untracked 
|  81|0x00000000c6500000, 0x00000000c6500000, 0x00000000c6600000|  0%| F|  |TAMS 0x00000000c6500000, 0x00000000c6500000| Untracked 
|  82|0x00000000c6600000, 0x00000000c6600000, 0x00000000c6700000|  0%| F|  |TAMS 0x00000000c6600000, 0x00000000c6600000| Untracked 
|  83|0x00000000c6700000, 0x00000000c6700000, 0x00000000c6800000|  0%| F|  |TAMS 0x00000000c6700000, 0x00000000c6700000| Untracked 
|  84|0x00000000c6800000, 0x00000000c6800000, 0x00000000c6900000|  0%| F|  |TAMS 0x00000000c6800000, 0x00000000c6800000| Untracked 
|  85|0x00000000c6900000, 0x00000000c6900000, 0x00000000c6a00000|  0%| F|  |TAMS 0x00000000c6900000, 0x00000000c6900000| Untracked 
|  86|0x00000000c6a00000, 0x00000000c6a00000, 0x00000000c6b00000|  0%| F|  |TAMS 0x00000000c6a00000, 0x00000000c6a00000| Untracked 
|  87|0x00000000c6b00000, 0x00000000c6b00000, 0x00000000c6c00000|  0%| F|  |TAMS 0x00000000c6b00000, 0x00000000c6b00000| Untracked 
|  88|0x00000000c6c00000, 0x00000000c6c00000, 0x00000000c6d00000|  0%| F|  |TAMS 0x00000000c6c00000, 0x00000000c6c00000| Untracked 
|  89|0x00000000c6d00000, 0x00000000c6d00000, 0x00000000c6e00000|  0%| F|  |TAMS 0x00000000c6d00000, 0x00000000c6d00000| Untracked 
|  90|0x00000000c6e00000, 0x00000000c6e00000, 0x00000000c6f00000|  0%| F|  |TAMS 0x00000000c6e00000, 0x00000000c6e00000| Untracked 
|  91|0x00000000c6f00000, 0x00000000c6f00000, 0x00000000c7000000|  0%| F|  |TAMS 0x00000000c6f00000, 0x00000000c6f00000| Untracked 
|  92|0x00000000c7000000, 0x00000000c7000000, 0x00000000c7100000|  0%| F|  |TAMS 0x00000000c7000000, 0x00000000c7000000| Untracked 
|  93|0x00000000c7100000, 0x00000000c7100000, 0x00000000c7200000|  0%| F|  |TAMS 0x00000000c7100000, 0x00000000c7100000| Untracked 
|  94|0x00000000c7200000, 0x00000000c7200000, 0x00000000c7300000|  0%| F|  |TAMS 0x00000000c7200000, 0x00000000c7200000| Untracked 
|  95|0x00000000c7300000, 0x00000000c7300000, 0x00000000c7400000|  0%| F|  |TAMS 0x00000000c7300000, 0x00000000c7300000| Untracked 
|  96|0x00000000c7400000, 0x00000000c7400000, 0x00000000c7500000|  0%| F|  |TAMS 0x00000000c7400000, 0x00000000c7400000| Untracked 
|  97|0x00000000c7500000, 0x00000000c7500000, 0x00000000c7600000|  0%| F|  |TAMS 0x00000000c7500000, 0x00000000c7500000| Untracked 
|  98|0x00000000c7600000, 0x00000000c7600000, 0x00000000c7700000|  0%| F|  |TAMS 0x00000000c7600000, 0x00000000c7600000| Untracked 
|  99|0x00000000c7700000, 0x00000000c7700000, 0x00000000c7800000|  0%| F|  |TAMS 0x00000000c7700000, 0x00000000c7700000| Untracked 
| 100|0x00000000c7800000, 0x00000000c7800000, 0x00000000c7900000|  0%| F|  |TAMS 0x00000000c7800000, 0x00000000c7800000| Untracked 
| 101|0x00000000c7900000, 0x00000000c7900000, 0x00000000c7a00000|  0%| F|  |TAMS 0x00000000c7900000, 0x00000000c7900000| Untracked 
| 102|0x00000000c7a00000, 0x00000000c7a00000, 0x00000000c7b00000|  0%| F|  |TAMS 0x00000000c7a00000, 0x00000000c7a00000| Untracked 
| 103|0x00000000c7b00000, 0x00000000c7b00000, 0x00000000c7c00000|  0%| F|  |TAMS 0x00000000c7b00000, 0x00000000c7b00000| Untracked 
| 104|0x00000000c7c00000, 0x00000000c7c00000, 0x00000000c7d00000|  0%| F|  |TAMS 0x00000000c7c00000, 0x00000000c7c00000| Untracked 
| 105|0x00000000c7d00000, 0x00000000c7d00000, 0x00000000c7e00000|  0%| F|  |TAMS 0x00000000c7d00000, 0x00000000c7d00000| Untracked 
| 106|0x00000000c7e00000, 0x00000000c7e00000, 0x00000000c7f00000|  0%| F|  |TAMS 0x00000000c7e00000, 0x00000000c7e00000| Untracked 
| 107|0x00000000c7f00000, 0x00000000c7f00000, 0x00000000c8000000|  0%| F|  |TAMS 0x00000000c7f00000, 0x00000000c7f00000| Untracked 
| 108|0x00000000c8000000, 0x00000000c8000000, 0x00000000c8100000|  0%| F|  |TAMS 0x00000000c8000000, 0x00000000c8000000| Untracked 
| 109|0x00000000c8100000, 0x00000000c8100000, 0x00000000c8200000|  0%| F|  |TAMS 0x00000000c8100000, 0x00000000c8100000| Untracked 
| 110|0x00000000c8200000, 0x00000000c8200000, 0x00000000c8300000|  0%| F|  |TAMS 0x00000000c8200000, 0x00000000c8200000| Untracked 
| 111|0x00000000c8300000, 0x00000000c8300000, 0x00000000c8400000|  0%| F|  |TAMS 0x00000000c8300000, 0x00000000c8300000| Untracked 
| 112|0x00000000c8400000, 0x00000000c8400000, 0x00000000c8500000|  0%| F|  |TAMS 0x00000000c8400000, 0x00000000c8400000| Untracked 
| 113|0x00000000c8500000, 0x00000000c8500000, 0x00000000c8600000|  0%| F|  |TAMS 0x00000000c8500000, 0x00000000c8500000| Untracked 
| 114|0x00000000c8600000, 0x00000000c8600000, 0x00000000c8700000|  0%| F|  |TAMS 0x00000000c8600000, 0x00000000c8600000| Untracked 
| 115|0x00000000c8700000, 0x00000000c8700000, 0x00000000c8800000|  0%| F|  |TAMS 0x00000000c8700000, 0x00000000c8700000| Untracked 
| 116|0x00000000c8800000, 0x00000000c8800000, 0x00000000c8900000|  0%| F|  |TAMS 0x00000000c8800000, 0x00000000c8800000| Untracked 
| 117|0x00000000c8900000, 0x00000000c8900000, 0x00000000c8a00000|  0%| F|  |TAMS 0x00000000c8900000, 0x00000000c8900000| Untracked 
| 118|0x00000000c8a00000, 0x00000000c8a00000, 0x00000000c8b00000|  0%| F|  |TAMS 0x00000000c8a00000, 0x00000000c8a00000| Untracked 
| 119|0x00000000c8b00000, 0x00000000c8b00000, 0x00000000c8c00000|  0%| F|  |TAMS 0x00000000c8b00000, 0x00000000c8b00000| Untracked 
| 120|0x00000000c8c00000, 0x00000000c8c00000, 0x00000000c8d00000|  0%| F|  |TAMS 0x00000000c8c00000, 0x00000000c8c00000| Untracked 
| 121|0x00000000c8d00000, 0x00000000c8d00000, 0x00000000c8e00000|  0%| F|  |TAMS 0x00000000c8d00000, 0x00000000c8d00000| Untracked 
| 122|0x00000000c8e00000, 0x00000000c8e00000, 0x00000000c8f00000|  0%| F|  |TAMS 0x00000000c8e00000, 0x00000000c8e00000| Untracked 
| 123|0x00000000c8f00000, 0x00000000c8f00000, 0x00000000c9000000|  0%| F|  |TAMS 0x00000000c8f00000, 0x00000000c8f00000| Untracked 
| 124|0x00000000c9000000, 0x00000000c9000000, 0x00000000c9100000|  0%| F|  |TAMS 0x00000000c9000000, 0x00000000c9000000| Untracked 
| 125|0x00000000c9100000, 0x00000000c9100000, 0x00000000c9200000|  0%| F|  |TAMS 0x00000000c9100000, 0x00000000c9100000| Untracked 
| 126|0x00000000c9200000, 0x00000000c9200000, 0x00000000c9300000|  0%| F|  |TAMS 0x00000000c9200000, 0x00000000c9200000| Untracked 
| 127|0x00000000c9300000, 0x00000000c9300000, 0x00000000c9400000|  0%| F|  |TAMS 0x00000000c9300000, 0x00000000c9300000| Untracked 
| 128|0x00000000c9400000, 0x00000000c9400000, 0x00000000c9500000|  0%| F|  |TAMS 0x00000000c9400000, 0x00000000c9400000| Untracked 
| 129|0x00000000c9500000, 0x00000000c9500000, 0x00000000c9600000|  0%| F|  |TAMS 0x00000000c9500000, 0x00000000c9500000| Untracked 
| 130|0x00000000c9600000, 0x00000000c9600000, 0x00000000c9700000|  0%| F|  |TAMS 0x00000000c9600000, 0x00000000c9600000| Untracked 
| 131|0x00000000c9700000, 0x00000000c9700000, 0x00000000c9800000|  0%| F|  |TAMS 0x00000000c9700000, 0x00000000c9700000| Untracked 
| 132|0x00000000c9800000, 0x00000000c9800000, 0x00000000c9900000|  0%| F|  |TAMS 0x00000000c9800000, 0x00000000c9800000| Untracked 
| 133|0x00000000c9900000, 0x00000000c9900000, 0x00000000c9a00000|  0%| F|  |TAMS 0x00000000c9900000, 0x00000000c9900000| Untracked 
| 134|0x00000000c9a00000, 0x00000000c9a00000, 0x00000000c9b00000|  0%| F|  |TAMS 0x00000000c9a00000, 0x00000000c9a00000| Untracked 
| 135|0x00000000c9b00000, 0x00000000c9b00000, 0x00000000c9c00000|  0%| F|  |TAMS 0x00000000c9b00000, 0x00000000c9b00000| Untracked 
| 136|0x00000000c9c00000, 0x00000000c9c4efd0, 0x00000000c9d00000| 30%| E|  |TAMS 0x00000000c9c00000, 0x00000000c9c00000| Complete 
| 137|0x00000000c9d00000, 0x00000000c9e00000, 0x00000000c9e00000|100%| E|CS|TAMS 0x00000000c9d00000, 0x00000000c9d00000| Complete 
| 138|0x00000000c9e00000, 0x00000000c9f00000, 0x00000000c9f00000|100%| E|CS|TAMS 0x00000000c9e00000, 0x00000000c9e00000| Complete 
| 139|0x00000000c9f00000, 0x00000000ca000000, 0x00000000ca000000|100%| E|CS|TAMS 0x00000000c9f00000, 0x00000000c9f00000| Complete 
| 140|0x00000000ca000000, 0x00000000ca100000, 0x00000000ca100000|100%| E|CS|TAMS 0x00000000ca000000, 0x00000000ca000000| Complete 
| 141|0x00000000ca100000, 0x00000000ca200000, 0x00000000ca200000|100%| E|CS|TAMS 0x00000000ca100000, 0x00000000ca100000| Complete 
| 142|0x00000000ca200000, 0x00000000ca300000, 0x00000000ca300000|100%| E|CS|TAMS 0x00000000ca200000, 0x00000000ca200000| Complete 
| 143|0x00000000ca300000, 0x00000000ca400000, 0x00000000ca400000|100%| E|CS|TAMS 0x00000000ca300000, 0x00000000ca300000| Complete 
| 144|0x00000000ca400000, 0x00000000ca500000, 0x00000000ca500000|100%| E|CS|TAMS 0x00000000ca400000, 0x00000000ca400000| Complete 
| 145|0x00000000ca500000, 0x00000000ca600000, 0x00000000ca600000|100%| E|CS|TAMS 0x00000000ca500000, 0x00000000ca500000| Complete 
| 146|0x00000000ca600000, 0x00000000ca700000, 0x00000000ca700000|100%| E|CS|TAMS 0x00000000ca600000, 0x00000000ca600000| Complete 
| 147|0x00000000ca700000, 0x00000000ca800000, 0x00000000ca800000|100%| E|CS|TAMS 0x00000000ca700000, 0x00000000ca700000| Complete 
| 148|0x00000000ca800000, 0x00000000ca900000, 0x00000000ca900000|100%| E|CS|TAMS 0x00000000ca800000, 0x00000000ca800000| Complete 
| 149|0x00000000ca900000, 0x00000000caa00000, 0x00000000caa00000|100%| E|  |TAMS 0x00000000ca900000, 0x00000000ca900000| Complete 
| 150|0x00000000caa00000, 0x00000000cab00000, 0x00000000cab00000|100%| E|CS|TAMS 0x00000000caa00000, 0x00000000caa00000| Complete 
| 151|0x00000000cab00000, 0x00000000cac00000, 0x00000000cac00000|100%| E|CS|TAMS 0x00000000cab00000, 0x00000000cab00000| Complete 
| 152|0x00000000cac00000, 0x00000000cad00000, 0x00000000cad00000|100%| E|CS|TAMS 0x00000000cac00000, 0x00000000cac00000| Complete 
| 153|0x00000000cad00000, 0x00000000cae00000, 0x00000000cae00000|100%| E|CS|TAMS 0x00000000cad00000, 0x00000000cad00000| Complete 
| 154|0x00000000cae00000, 0x00000000caf00000, 0x00000000caf00000|100%| E|CS|TAMS 0x00000000cae00000, 0x00000000cae00000| Complete 
| 155|0x00000000caf00000, 0x00000000cb000000, 0x00000000cb000000|100%| E|CS|TAMS 0x00000000caf00000, 0x00000000caf00000| Complete 

Card table byte_map: [0x00000150aed00000,0x00000150aef00000] _byte_map_base: 0x00000150ae6f6000

Marking Bits (Prev, Next): (CMBitMap*) 0x0000015097dd8950, (CMBitMap*) 0x0000015097dd8990
 Prev Bits: [0x00000150af100000, 0x00000150b00b0000)
 Next Bits: [0x00000150b00b0000, 0x00000150b1060000)

Polling page: 0x0000015097560000

Metaspace:

Usage:
  Non-class:     29.79 MB used.
      Class:      4.13 MB used.
       Both:     33.93 MB used.

Virtual space:
  Non-class space:       64.00 MB reserved,      30.06 MB ( 47%) committed,  1 nodes.
      Class space:        1.00 GB reserved,       4.44 MB ( <1%) committed,  1 nodes.
             Both:        1.06 GB reserved,      34.50 MB (  3%) committed. 

Chunk freelists:
   Non-Class:  1.88 MB
       Class:  3.52 MB
        Both:  5.39 MB

MaxMetaspaceSize: unlimited
CompressedClassSpaceSize: 1.00 GB
Initial GC threshold: 21.00 MB
Current GC threshold: 46.19 MB
CDS: on
MetaspaceReclaimPolicy: balanced
 - commit_granule_bytes: 65536.
 - commit_granule_words: 8192.
 - virtual_space_node_default_size: 8388608.
 - enlarge_chunks_in_place: 1.
 - new_chunks_are_fully_committed: 0.
 - uncommit_free_chunks: 1.
 - use_allocation_guard: 0.


Internal statistics:

num_allocs_failed_limit: 3.
num_arena_births: 784.
num_arena_deaths: 0.
num_vsnodes_births: 2.
num_vsnodes_deaths: 0.
num_space_committed: 550.
num_space_uncommitted: 0.
num_chunks_returned_to_freelist: 3.
num_chunks_taken_from_freelist: 2106.
num_chunk_merges: 3.
num_chunk_splits: 1537.
num_chunks_enlarged: 1127.
num_inconsistent_stats: 0.

CodeHeap 'non-profiled nmethods': size=120064Kb used=1414Kb max_used=1414Kb free=118649Kb
 bounds [0x00000150a77c0000, 0x00000150a7a30000, 0x00000150aed00000]
CodeHeap 'profiled nmethods': size=120000Kb used=7171Kb max_used=7171Kb free=112828Kb
 bounds [0x000001509fd00000, 0x00000150a0410000, 0x00000150a7230000]
CodeHeap 'non-nmethods': size=5696Kb used=1361Kb max_used=1411Kb free=4335Kb
 bounds [0x00000150a7230000, 0x00000150a74a0000, 0x00000150a77c0000]
 total_blobs=4277 nmethods=3682 adapters=506
 compilation: enabled
              stopped_count=0, restarted_count=0
 full_count=0

Compilation events (20 events):
Event: 3.522 Thread 0x00000150b3312fa0 3614       3       java.lang.invoke.DirectMethodHandle$Accessor::<init> (24 bytes)
Event: 3.523 Thread 0x00000150b3312fa0 nmethod 3614 0x00000150a03dbf10 code [0x00000150a03dc0c0, 0x00000150a03dc2b8]
Event: 3.523 Thread 0x00000150b3312fa0 3616       3       java.lang.invoke.InvokerBytecodeGenerator::<init> (126 bytes)
Event: 3.524 Thread 0x00000150b3312fa0 nmethod 3616 0x00000150a03dc410 code [0x00000150a03dc700, 0x00000150a03dd7b8]
Event: 3.526 Thread 0x00000150b3312fa0 3619       3       java.lang.reflect.Constructor::setConstructorAccessor (20 bytes)
Event: 3.527 Thread 0x00000150b3312fa0 nmethod 3619 0x00000150a03ddd90 code [0x00000150a03ddf40, 0x00000150a03de228]
Event: 3.527 Thread 0x00000150b3312fa0 3620       3       java.lang.invoke.LambdaFormEditor::bindArgumentType (101 bytes)
Event: 3.527 Thread 0x00000150b3312fa0 nmethod 3620 0x00000150a03de310 code [0x00000150a03de4c0, 0x00000150a03de6e8]
Event: 3.527 Thread 0x00000150b3312fa0 3621       3       java.lang.invoke.LambdaFormEditor::bindArgumentForm (269 bytes)
Event: 3.528 Thread 0x00000150b3312fa0 nmethod 3621 0x00000150a03de810 code [0x00000150a03debe0, 0x00000150a03e04a8]
Event: 3.529 Thread 0x00000150b3312fa0 3622       3       java.lang.invoke.LambdaFormEditor$TransformKey::of (51 bytes)
Event: 3.529 Thread 0x00000150b3312fa0 nmethod 3622 0x00000150a03e0f10 code [0x00000150a03e1100, 0x00000150a03e15b8]
Event: 3.530 Thread 0x00000150b3312fa0 3623       3       java.lang.invoke.ClassSpecializer$SpeciesData::transformHelper (56 bytes)
Event: 3.531 Thread 0x00000150b3312fa0 nmethod 3623 0x00000150a03e1790 code [0x00000150a03e1a40, 0x00000150a03e29c8]
Event: 3.532 Thread 0x00000150b3312fa0 3624       3       java.lang.invoke.MethodType::invokers (27 bytes)
Event: 3.532 Thread 0x00000150b3312fa0 nmethod 3624 0x00000150a03e2e10 code [0x00000150a03e2fe0, 0x00000150a03e3438]
Event: 3.532 Thread 0x00000150b3312fa0 3625       3       java.lang.invoke.Invokers::basicInvoker (103 bytes)
Event: 3.533 Thread 0x00000150b3312fa0 nmethod 3625 0x00000150a03e3590 code [0x00000150a03e3840, 0x00000150a03e4288]
Event: 3.534 Thread 0x00000150b3312fa0 3626       3       java.util.ArrayList::clear (43 bytes)
Event: 3.534 Thread 0x00000150b3312fa0 nmethod 3626 0x00000150a03e4710 code [0x00000150a03e48c0, 0x00000150a03e4c38]

GC Heap History (20 events):
Event: 0.574 GC heap before
{Heap before GC invocations=2 (full 0):
 garbage-first heap   total 65536K, used 18421K [0x00000000c1400000, 0x0000000100000000)
  region size 1024K, 15 young (15360K), 1 survivors (1024K)
 Metaspace       used 7261K, committed 7360K, reserved 1114112K
  class space    used 719K, committed 768K, reserved 1048576K
}
Event: 0.577 GC heap after
{Heap after GC invocations=3 (full 0):
 garbage-first heap   total 65536K, used 6345K [0x00000000c1400000, 0x0000000100000000)
  region size 1024K, 2 young (2048K), 2 survivors (2048K)
 Metaspace       used 7261K, committed 7360K, reserved 1114112K
  class space    used 719K, committed 768K, reserved 1048576K
}
Event: 1.563 GC heap before
{Heap before GC invocations=3 (full 0):
 garbage-first heap   total 65536K, used 46281K [0x00000000c1400000, 0x0000000100000000)
  region size 1024K, 38 young (38912K), 2 survivors (2048K)
 Metaspace       used 16408K, committed 16704K, reserved 1114112K
  class space    used 1796K, committed 1920K, reserved 1048576K
}
Event: 1.572 GC heap after
{Heap after GC invocations=4 (full 0):
 garbage-first heap   total 65536K, used 15091K [0x00000000c1400000, 0x0000000100000000)
  region size 1024K, 5 young (5120K), 5 survivors (5120K)
 Metaspace       used 16408K, committed 16704K, reserved 1114112K
  class space    used 1796K, committed 1920K, reserved 1048576K
}
Event: 2.000 GC heap before
{Heap before GC invocations=4 (full 0):
 garbage-first heap   total 65536K, used 51955K [0x00000000c1400000, 0x0000000100000000)
  region size 1024K, 29 young (29696K), 5 survivors (5120K)
 Metaspace       used 21253K, committed 21504K, reserved 1114112K
  class space    used 2440K, committed 2560K, reserved 1048576K
}
Event: 2.010 GC heap after
{Heap after GC invocations=5 (full 0):
 garbage-first heap   total 65536K, used 19338K [0x00000000c1400000, 0x0000000100000000)
  region size 1024K, 4 young (4096K), 4 survivors (4096K)
 Metaspace       used 21253K, committed 21504K, reserved 1114112K
  class space    used 2440K, committed 2560K, reserved 1048576K
}
Event: 2.235 GC heap before
{Heap before GC invocations=6 (full 0):
 garbage-first heap   total 65536K, used 50058K [0x00000000c1400000, 0x0000000100000000)
  region size 1024K, 28 young (28672K), 4 survivors (4096K)
 Metaspace       used 23054K, committed 23424K, reserved 1114112K
  class space    used 2854K, committed 3008K, reserved 1048576K
}
Event: 2.246 GC heap after
{Heap after GC invocations=7 (full 0):
 garbage-first heap   total 65536K, used 32030K [0x00000000c1400000, 0x0000000100000000)
  region size 1024K, 4 young (4096K), 4 survivors (4096K)
 Metaspace       used 23054K, committed 23424K, reserved 1114112K
  class space    used 2854K, committed 3008K, reserved 1048576K
}
Event: 2.255 GC heap before
{Heap before GC invocations=7 (full 0):
 garbage-first heap   total 65536K, used 33054K [0x00000000c1400000, 0x0000000100000000)
  region size 1024K, 5 young (5120K), 4 survivors (4096K)
 Metaspace       used 23059K, committed 23424K, reserved 1114112K
  class space    used 2854K, committed 3008K, reserved 1048576K
}
Event: 2.261 GC heap after
{Heap after GC invocations=8 (full 0):
 garbage-first heap   total 78848K, used 33162K [0x00000000c1400000, 0x0000000100000000)
  region size 1024K, 1 young (1024K), 1 survivors (1024K)
 Metaspace       used 23059K, committed 23424K, reserved 1114112K
  class space    used 2854K, committed 3008K, reserved 1048576K
}
Event: 2.471 GC heap before
{Heap before GC invocations=8 (full 0):
 garbage-first heap   total 78848K, used 55690K [0x00000000c1400000, 0x0000000100000000)
  region size 1024K, 23 young (23552K), 1 survivors (1024K)
 Metaspace       used 23503K, committed 23808K, reserved 1114112K
  class space    used 2883K, committed 3008K, reserved 1048576K
}
Event: 2.488 GC heap after
{Heap after GC invocations=9 (full 0):
 garbage-first heap   total 78848K, used 35089K [0x00000000c1400000, 0x0000000100000000)
  region size 1024K, 3 young (3072K), 3 survivors (3072K)
 Metaspace       used 23503K, committed 23808K, reserved 1114112K
  class space    used 2883K, committed 3008K, reserved 1048576K
}
Event: 2.889 GC heap before
{Heap before GC invocations=9 (full 0):
 garbage-first heap   total 78848K, used 55569K [0x00000000c1400000, 0x0000000100000000)
  region size 1024K, 23 young (23552K), 3 survivors (3072K)
 Metaspace       used 27725K, committed 28032K, reserved 1114112K
  class space    used 3527K, committed 3648K, reserved 1048576K
}
Event: 2.896 GC heap after
{Heap after GC invocations=10 (full 0):
 garbage-first heap   total 78848K, used 37277K [0x00000000c1400000, 0x0000000100000000)
  region size 1024K, 2 young (2048K), 2 survivors (2048K)
 Metaspace       used 27725K, committed 28032K, reserved 1114112K
  class space    used 3527K, committed 3648K, reserved 1048576K
}
Event: 2.913 GC heap before
{Heap before GC invocations=10 (full 0):
 garbage-first heap   total 78848K, used 38301K [0x00000000c1400000, 0x0000000100000000)
  region size 1024K, 4 young (4096K), 2 survivors (2048K)
 Metaspace       used 27975K, committed 28352K, reserved 1114112K
  class space    used 3558K, committed 3712K, reserved 1048576K
}
Event: 2.915 GC heap after
{Heap after GC invocations=11 (full 0):
 garbage-first heap   total 78848K, used 37243K [0x00000000c1400000, 0x0000000100000000)
  region size 1024K, 2 young (2048K), 2 survivors (2048K)
 Metaspace       used 27975K, committed 28352K, reserved 1114112K
  class space    used 3558K, committed 3712K, reserved 1048576K
}
Event: 3.263 GC heap before
{Heap before GC invocations=12 (full 0):
 garbage-first heap   total 78848K, used 64891K [0x00000000c1400000, 0x0000000100000000)
  region size 1024K, 23 young (23552K), 2 survivors (2048K)
 Metaspace       used 31333K, committed 31744K, reserved 1114112K
  class space    used 3875K, committed 4096K, reserved 1048576K
}
Event: 3.268 GC heap after
{Heap after GC invocations=13 (full 0):
 garbage-first heap   total 78848K, used 48735K [0x00000000c1400000, 0x0000000100000000)
  region size 1024K, 3 young (3072K), 3 survivors (3072K)
 Metaspace       used 31333K, committed 31744K, reserved 1114112K
  class space    used 3875K, committed 4096K, reserved 1048576K
}
Event: 3.278 GC heap before
{Heap before GC invocations=13 (full 0):
 garbage-first heap   total 78848K, used 48735K [0x00000000c1400000, 0x0000000100000000)
  region size 1024K, 4 young (4096K), 3 survivors (3072K)
 Metaspace       used 31507K, committed 31872K, reserved 1114112K
  class space    used 3883K, committed 4096K, reserved 1048576K
}
Event: 3.285 GC heap after
{Heap after GC invocations=14 (full 0):
 garbage-first heap   total 159744K, used 43014K [0x00000000c1400000, 0x0000000100000000)
  region size 1024K, 1 young (1024K), 1 survivors (1024K)
 Metaspace       used 31507K, committed 31872K, reserved 1114112K
  class space    used 3883K, committed 4096K, reserved 1048576K
}

Dll operation events (7 events):
Event: 0.016 Loaded shared library C:\Program Files\Java\jdk-19\bin\java.dll
Event: 0.024 Loaded shared library C:\Program Files\Java\jdk-19\bin\jsvml.dll
Event: 0.068 Loaded shared library C:\Program Files\Java\jdk-19\bin\net.dll
Event: 0.070 Loaded shared library C:\Program Files\Java\jdk-19\bin\nio.dll
Event: 0.098 Loaded shared library C:\Program Files\Java\jdk-19\bin\zip.dll
Event: 0.339 Loaded shared library C:\Program Files\Java\jdk-19\bin\jimage.dll
Event: 1.139 Loaded shared library C:\Program Files\Java\jdk-19\bin\verify.dll

Deoptimization events (20 events):
Event: 3.150 Thread 0x0000015097d97fa0 Uncommon trap: trap_request=0xfffffff4 fr.pc=0x00000150a78ec2e0 relative=0x0000000000000140
Event: 3.150 Thread 0x0000015097d97fa0 Uncommon trap: reason=null_check action=make_not_entrant pc=0x00000150a78ec2e0 method=java.lang.reflect.Array.newInstance(Ljava/lang/Class;I)Ljava/lang/Object; @ 2 c2
Event: 3.150 Thread 0x0000015097d97fa0 DEOPT PACKING pc=0x00000150a78ec2e0 sp=0x000000074a3fe090
Event: 3.150 Thread 0x0000015097d97fa0 DEOPT UNPACKING pc=0x00000150a7296d9d sp=0x000000074a3fe028 mode 2
Event: 3.232 Thread 0x0000015097d97fa0 Uncommon trap: trap_request=0xffffff45 fr.pc=0x00000150a78e19ac relative=0x00000000000005cc
Event: 3.232 Thread 0x0000015097d97fa0 Uncommon trap: reason=unstable_if action=reinterpret pc=0x00000150a78e19ac method=org.jetbrains.kotlin.com.intellij.util.SmartList.get(I)Ljava/lang/Object; @ 13 c2
Event: 3.232 Thread 0x0000015097d97fa0 DEOPT PACKING pc=0x00000150a78e19ac sp=0x000000074a3fe190
Event: 3.232 Thread 0x0000015097d97fa0 DEOPT UNPACKING pc=0x00000150a7296d9d sp=0x000000074a3fe100 mode 2
Event: 3.312 Thread 0x0000015097d97fa0 Uncommon trap: trap_request=0xffffffde fr.pc=0x00000150a78ee8dc relative=0x000000000000151c
Event: 3.312 Thread 0x0000015097d97fa0 Uncommon trap: reason=class_check action=maybe_recompile pc=0x00000150a78ee8dc method=java.util.HashMap.putVal(ILjava/lang/Object;Ljava/lang/Object;ZZ)Ljava/lang/Object; @ 203 c2
Event: 3.312 Thread 0x0000015097d97fa0 DEOPT PACKING pc=0x00000150a78ee8dc sp=0x000000074a3fdbe0
Event: 3.312 Thread 0x0000015097d97fa0 DEOPT UNPACKING pc=0x00000150a7296d9d sp=0x000000074a3fda98 mode 2
Event: 3.419 Thread 0x0000015097d97fa0 Uncommon trap: trap_request=0xffffff45 fr.pc=0x00000150a7909ae4 relative=0x0000000000000244
Event: 3.419 Thread 0x0000015097d97fa0 Uncommon trap: reason=unstable_if action=reinterpret pc=0x00000150a7909ae4 method=jdk.internal.org.objectweb.asm.Frame.push(I)V @ 26 c2
Event: 3.419 Thread 0x0000015097d97fa0 DEOPT PACKING pc=0x00000150a7909ae4 sp=0x000000074a3fcf40
Event: 3.419 Thread 0x0000015097d97fa0 DEOPT UNPACKING pc=0x00000150a7296d9d sp=0x000000074a3fcee8 mode 2
Event: 3.421 Thread 0x0000015097d97fa0 Uncommon trap: trap_request=0xffffffcc fr.pc=0x00000150a790b73c relative=0x00000000000002fc
Event: 3.421 Thread 0x0000015097d97fa0 Uncommon trap: reason=intrinsic_or_type_checked_inlining action=make_not_entrant pc=0x00000150a790b73c method=java.util.Arrays.copyOf([Ljava/lang/Object;ILjava/lang/Class;)[Ljava/lang/Object; @ 35 c2
Event: 3.421 Thread 0x0000015097d97fa0 DEOPT PACKING pc=0x00000150a790b73c sp=0x000000074a3fccc0
Event: 3.421 Thread 0x0000015097d97fa0 DEOPT UNPACKING pc=0x00000150a7296d9d sp=0x000000074a3fcc68 mode 2

Classes loaded (20 events):
Event: 3.467 Loading class java/lang/invoke/BoundMethodHandle$Species_LLLLLLLLLLLLLL
Event: 3.467 Loading class java/lang/invoke/BoundMethodHandle$Species_LLLLLLLLLLLLLL done
Event: 3.470 Loading class java/lang/invoke/BoundMethodHandle$Species_LLLLLLLLLLLLLLL
Event: 3.470 Loading class java/lang/invoke/BoundMethodHandle$Species_LLLLLLLLLLLLLLL done
Event: 3.472 Loading class java/lang/invoke/BoundMethodHandle$Species_LLLLLLLLLLLLLLLL
Event: 3.472 Loading class java/lang/invoke/BoundMethodHandle$Species_LLLLLLLLLLLLLLLL done
Event: 3.485 Loading class java/lang/invoke/BoundMethodHandle$Species_LLLLLLLLLLLLLLLLL
Event: 3.485 Loading class java/lang/invoke/BoundMethodHandle$Species_LLLLLLLLLLLLLLLLL done
Event: 3.512 Loading class java/lang/invoke/BoundMethodHandle$Species_LLLLLLLLLLLLLLLLLL
Event: 3.512 Loading class java/lang/invoke/BoundMethodHandle$Species_LLLLLLLLLLLLLLLLLL done
Event: 3.514 Loading class java/lang/invoke/BoundMethodHandle$Species_LLLLLLLLLLLLLLLLLLL
Event: 3.514 Loading class java/lang/invoke/BoundMethodHandle$Species_LLLLLLLLLLLLLLLLLLL done
Event: 3.516 Loading class java/lang/invoke/BoundMethodHandle$Species_LLLLLLLLLLLLLLLLLLLL
Event: 3.516 Loading class java/lang/invoke/BoundMethodHandle$Species_LLLLLLLLLLLLLLLLLLLL done
Event: 3.518 Loading class java/lang/invoke/BoundMethodHandle$Species_LLLLLLLLLLLLLLLLLLLLL
Event: 3.518 Loading class java/lang/invoke/BoundMethodHandle$Species_LLLLLLLLLLLLLLLLLLLLL done
Event: 3.520 Loading class java/lang/invoke/BoundMethodHandle$Species_LLLLLLLLLLLLLLLLLLLLLL
Event: 3.520 Loading class java/lang/invoke/BoundMethodHandle$Species_LLLLLLLLLLLLLLLLLLLLLL done
Event: 3.522 Loading class java/lang/invoke/BoundMethodHandle$Species_LLLLLLLLLLLLLLLLLLLLLLL
Event: 3.522 Loading class java/lang/invoke/BoundMethodHandle$Species_LLLLLLLLLLLLLLLLLLLLLLL done

Classes unloaded (0 events):
No events

Classes redefined (0 events):
No events

Internal exceptions (20 events):
Event: 3.460 Thread 0x0000015097d97fa0 Exception <a 'java/lang/NoSuchMethodError'{0x00000000ca425b68}: 'java.lang.Object java.lang.invoke.DirectMethodHandle$Holder.invokeStatic(java.lang.Object, java.lang.Object, java.lang.Object, java.lang.Object, java.lang.Object, java.lang.Object, java.lang.Object, java.lang.Object, java.lang.Object, java.lang.Object, java.lang.Object, java.lang.Object, java.lang.Object, java.lang.Object, java.lang.Object, java.lang.Object)'> (0x00000000ca425b68) 
thrown [s\open\src\hotspot\share\interpreter\linkResolver.cpp
Event: 3.463 Thread 0x0000015097d97fa0 Exception <a 'java/lang/NoSuchMethodError'{0x00000000ca440210}: 'java.lang.Object java.lang.invoke.DirectMethodHandle$Holder.newInvokeSpecial(java.lang.Object, java.lang.Object, java.lang.Object, java.lang.Object, java.lang.Object, java.lang.Object, java.lang.Object, java.lang.Object, java.lang.Object, java.lang.Object, java.lang.Object, java.lang.Object, java.lang.Object, java.lang.Object, java.lang.Object, java.lang.Object, java.lang.Object, java.lang.Object)'> (0x00000000ca440210) 
thrown [s\open\src\ho
Event: 3.463 Thread 0x0000015097d97fa0 Exception <a 'java/lang/NoSuchMethodError'{0x00000000ca446a80}: 'java.lang.Object java.lang.invoke.DirectMethodHandle$Holder.invokeSpecial(java.lang.Object, java.lang.Object, java.lang.Object, java.lang.Object, java.lang.Object, java.lang.Object, java.lang.Object, java.lang.Object, java.lang.Object, java.lang.Object, java.lang.Object, java.lang.Object, java.lang.Object, java.lang.Object, java.lang.Object, java.lang.Object, java.lang.Object, java.lang.Object, java.lang.Object)'> (0x00000000ca446a80) 
thrown
Event: 3.463 Thread 0x0000015097d97fa0 Exception <a 'java/lang/NoSuchMethodError'{0x00000000ca44c748}: 'java.lang.Object java.lang.invoke.DelegatingMethodHandle$Holder.reinvoke_L(java.lang.Object, java.lang.Object, java.lang.Object, java.lang.Object, java.lang.Object, java.lang.Object, java.lang.Object, java.lang.Object, java.lang.Object, java.lang.Object, java.lang.Object, java.lang.Object, java.lang.Object, java.lang.Object, java.lang.Object, java.lang.Object, java.lang.Object, java.lang.Object)'> (0x00000000ca44c748) 
thrown [s\open\src\hots
Event: 3.469 Thread 0x0000015097d97fa0 Exception <a 'java/lang/NoSuchMethodError'{0x00000000ca4b2240}: 'java.lang.Object java.lang.invoke.DirectMethodHandle$Holder.invokeStatic(java.lang.Object, java.lang.Object, java.lang.Object, java.lang.Object, java.lang.Object, java.lang.Object, java.lang.Object, java.lang.Object, java.lang.Object, java.lang.Object, java.lang.Object, java.lang.Object, java.lang.Object, java.lang.Object, java.lang.Object, java.lang.Object, java.lang.Object)'> (0x00000000ca4b2240) 
thrown [s\open\src\hotspot\share\interprete
Event: 3.471 Thread 0x0000015097d97fa0 Exception <a 'java/lang/NoSuchMethodError'{0x00000000ca4d8c78}: 'java.lang.Object java.lang.invoke.DirectMethodHandle$Holder.invokeStatic(java.lang.Object, java.lang.Object, java.lang.Object, java.lang.Object, java.lang.Object, java.lang.Object, java.lang.Object, java.lang.Object, java.lang.Object, java.lang.Object, java.lang.Object, java.lang.Object, java.lang.Object, java.lang.Object, java.lang.Object, java.lang.Object, java.lang.Object, java.lang.Object)'> (0x00000000ca4d8c78) 
thrown [s\open\src\hotspo
Event: 3.473 Thread 0x0000015097d97fa0 Exception <a 'java/lang/NoSuchMethodError'{0x00000000ca300c20}: 'java.lang.Object java.lang.invoke.DirectMethodHandle$Holder.invokeStatic(java.lang.Object, java.lang.Object, java.lang.Object, java.lang.Object, java.lang.Object, java.lang.Object, java.lang.Object, java.lang.Object, java.lang.Object, java.lang.Object, java.lang.Object, java.lang.Object, java.lang.Object, java.lang.Object, java.lang.Object, java.lang.Object, java.lang.Object, java.lang.Object, java.lang.Object)'> (0x00000000ca300c20) 
thrown 
Event: 3.486 Thread 0x0000015097d97fa0 Exception <a 'java/lang/NoSuchMethodError'{0x00000000ca329b78}: 'java.lang.Object java.lang.invoke.DirectMethodHandle$Holder.invokeStatic(java.lang.Object, java.lang.Object, java.lang.Object, java.lang.Object, java.lang.Object, java.lang.Object, java.lang.Object, java.lang.Object, java.lang.Object, java.lang.Object, java.lang.Object, java.lang.Object, java.lang.Object, java.lang.Object, java.lang.Object, java.lang.Object, java.lang.Object, java.lang.Object, java.lang.Object, java.lang.Object)'> (0x00000000
Event: 3.501 Thread 0x0000015097d97fa0 Exception <a 'java/lang/NoSuchMethodError'{0x00000000ca3c2d98}: 'java.lang.Object java.lang.invoke.DirectMethodHandle$Holder.newInvokeSpecial(java.lang.Object, java.lang.Object, java.lang.Object, java.lang.Object, java.lang.Object, java.lang.Object)'> (0x00000000ca3c2d98) 
thrown [s\open\src\hotspot\share\interpreter\linkResolver.cpp, line 774]
Event: 3.506 Thread 0x0000015097d97fa0 Exception <a 'java/lang/NoSuchMethodError'{0x00000000ca3f0988}: 'java.lang.Object java.lang.invoke.DelegatingMethodHandle$Holder.reinvoke_L(java.lang.Object, java.lang.Object, java.lang.Object, java.lang.Object, java.lang.Object, java.lang.Object, java.lang.Object, java.lang.Object, java.lang.Object, java.lang.Object, java.lang.Object, java.lang.Object, java.lang.Object, java.lang.Object, java.lang.Object, java.lang.Object, java.lang.Object, java.lang.Object, java.lang.Object, java.lang.Object, java.lang.O
Event: 3.513 Thread 0x0000015097d97fa0 Exception <a 'java/lang/NoSuchMethodError'{0x00000000ca2826d8}: 'java.lang.Object java.lang.invoke.DirectMethodHandle$Holder.invokeStatic(java.lang.Object, java.lang.Object, java.lang.Object, java.lang.Object, java.lang.Object, java.lang.Object, java.lang.Object, java.lang.Object, java.lang.Object, java.lang.Object, java.lang.Object, java.lang.Object, java.lang.Object, java.lang.Object, java.lang.Object, java.lang.Object, java.lang.Object, java.lang.Object, java.lang.Object, java.lang.Object, java.lang.Obj
Event: 3.515 Thread 0x0000015097d97fa0 Exception <a 'java/lang/NoSuchMethodError'{0x00000000ca2ae438}: 'java.lang.Object java.lang.invoke.DirectMethodHandle$Holder.invokeStatic(java.lang.Object, java.lang.Object, java.lang.Object, java.lang.Object, java.lang.Object, java.lang.Object, java.lang.Object, java.lang.Object, java.lang.Object, java.lang.Object, java.lang.Object, java.lang.Object, java.lang.Object, java.lang.Object, java.lang.Object, java.lang.Object, java.lang.Object, java.lang.Object, java.lang.Object, java.lang.Object, java.lang.Obj
Event: 3.516 Thread 0x0000015097d97fa0 Exception <a 'java/lang/NoSuchMethodError'{0x00000000ca2dab30}: 'java.lang.Object java.lang.invoke.DirectMethodHandle$Holder.invokeStatic(java.lang.Object, java.lang.Object, java.lang.Object, java.lang.Object, java.lang.Object, java.lang.Object, java.lang.Object, java.lang.Object, java.lang.Object, java.lang.Object, java.lang.Object, java.lang.Object, java.lang.Object, java.lang.Object, java.lang.Object, java.lang.Object, java.lang.Object, java.lang.Object, java.lang.Object, java.lang.Object, java.lang.Obj
Event: 3.518 Thread 0x0000015097d97fa0 Exception <a 'java/lang/NoSuchMethodError'{0x00000000ca109078}: 'java.lang.Object java.lang.invoke.DirectMethodHandle$Holder.invokeStatic(java.lang.Object, java.lang.Object, java.lang.Object, java.lang.Object, java.lang.Object, java.lang.Object, java.lang.Object, java.lang.Object, java.lang.Object, java.lang.Object, java.lang.Object, java.lang.Object, java.lang.Object, java.lang.Object, java.lang.Object, java.lang.Object, java.lang.Object, java.lang.Object, java.lang.Object, java.lang.Object, java.lang.Obj
Event: 3.520 Thread 0x0000015097d97fa0 Exception <a 'java/lang/NoSuchMethodError'{0x00000000ca1386d0}: 'java.lang.Object java.lang.invoke.DirectMethodHandle$Holder.invokeStatic(java.lang.Object, java.lang.Object, java.lang.Object, java.lang.Object, java.lang.Object, java.lang.Object, java.lang.Object, java.lang.Object, java.lang.Object, java.lang.Object, java.lang.Object, java.lang.Object, java.lang.Object, java.lang.Object, java.lang.Object, java.lang.Object, java.lang.Object, java.lang.Object, java.lang.Object, java.lang.Object, java.lang.Obj
Event: 3.522 Thread 0x0000015097d97fa0 Exception <a 'java/lang/NoSuchMethodError'{0x00000000ca168ee8}: 'java.lang.Object java.lang.invoke.DirectMethodHandle$Holder.invokeStatic(java.lang.Object, java.lang.Object, java.lang.Object, java.lang.Object, java.lang.Object, java.lang.Object, java.lang.Object, java.lang.Object, java.lang.Object, java.lang.Object, java.lang.Object, java.lang.Object, java.lang.Object, java.lang.Object, java.lang.Object, java.lang.Object, java.lang.Object, java.lang.Object, java.lang.Object, java.lang.Object, java.lang.Obj
Event: 3.524 Thread 0x0000015097d97fa0 Exception <a 'java/lang/NoSuchMethodError'{0x00000000ca181c48}: 'java.lang.Object java.lang.invoke.DirectMethodHandle$Holder.newInvokeSpecial(java.lang.Object, java.lang.Object, java.lang.Object, java.lang.Object, java.lang.Object, java.lang.Object, java.lang.Object, java.lang.Object, java.lang.Object, java.lang.Object)'> (0x00000000ca181c48) 
thrown [s\open\src\hotspot\share\interpreter\linkResolver.cpp, line 774]
Event: 3.535 Thread 0x0000015097d97fa0 Exception <a 'java/lang/NoSuchMethodError'{0x00000000ca04f1d0}: 'java.lang.Object java.lang.invoke.DirectMethodHandle$Holder.newInvokeSpecial(java.lang.Object, java.lang.Object, java.lang.Object, java.lang.Object, java.lang.Object, java.lang.Object, java.lang.Object, java.lang.Object, java.lang.Object, java.lang.Object, java.lang.Object, java.lang.Object, java.lang.Object, java.lang.Object, java.lang.Object, java.lang.Object, java.lang.Object, java.lang.Object, java.lang.Object, java.lang.Object)'> (0x0000
Event: 3.536 Thread 0x0000015097d97fa0 Exception <a 'java/lang/NoSuchMethodError'{0x00000000ca055550}: 'java.lang.Object java.lang.invoke.DirectMethodHandle$Holder.invokeSpecial(java.lang.Object, java.lang.Object, java.lang.Object, java.lang.Object, java.lang.Object, java.lang.Object, java.lang.Object, java.lang.Object, java.lang.Object, java.lang.Object, java.lang.Object, java.lang.Object, java.lang.Object, java.lang.Object, java.lang.Object, java.lang.Object, java.lang.Object, java.lang.Object, java.lang.Object, java.lang.Object, java.lang.Ob
Event: 3.536 Thread 0x0000015097d97fa0 Exception <a 'java/lang/NoSuchMethodError'{0x00000000ca05a7d0}: 'java.lang.Object java.lang.invoke.DelegatingMethodHandle$Holder.reinvoke_L(java.lang.Object, java.lang.Object, java.lang.Object, java.lang.Object, java.lang.Object, java.lang.Object, java.lang.Object, java.lang.Object, java.lang.Object, java.lang.Object, java.lang.Object, java.lang.Object, java.lang.Object, java.lang.Object, java.lang.Object, java.lang.Object, java.lang.Object, java.lang.Object, java.lang.Object, java.lang.Object)'> (0x000000

VM Operations (20 events):
Event: 2.235 Executing VM operation: G1CollectForAllocation
Event: 2.246 Executing VM operation: G1CollectForAllocation done
Event: 2.255 Executing VM operation: G1CollectForAllocation
Event: 2.261 Executing VM operation: G1CollectForAllocation done
Event: 2.417 Executing VM operation: HandshakeAllThreads
Event: 2.417 Executing VM operation: HandshakeAllThreads done
Event: 2.471 Executing VM operation: G1CollectForAllocation
Event: 2.488 Executing VM operation: G1CollectForAllocation done
Event: 2.889 Executing VM operation: G1CollectForAllocation
Event: 2.896 Executing VM operation: G1CollectForAllocation done
Event: 2.913 Executing VM operation: G1TryInitiateConcMark
Event: 2.915 Executing VM operation: G1TryInitiateConcMark done
Event: 2.946 Executing VM operation: G1PauseRemark
Event: 2.952 Executing VM operation: G1PauseRemark done
Event: 2.972 Executing VM operation: G1PauseCleanup
Event: 2.973 Executing VM operation: G1PauseCleanup done
Event: 3.263 Executing VM operation: G1CollectForAllocation
Event: 3.268 Executing VM operation: G1CollectForAllocation done
Event: 3.278 Executing VM operation: G1CollectForAllocation
Event: 3.285 Executing VM operation: G1CollectForAllocation done

Events (12 events):
Event: 0.024 Thread 0x0000015097d97fa0 Thread added: 0x0000015097d97fa0
Event: 0.036 Thread 0x00000150b329bee0 Thread added: 0x00000150b329bee0
Event: 0.036 Thread 0x00000150b329c9b0 Thread added: 0x00000150b329c9b0
Event: 0.037 Thread 0x00000150b32a12f0 Thread added: 0x00000150b32a12f0
Event: 0.037 Thread 0x00000150b32a1c20 Thread added: 0x00000150b32a1c20
Event: 0.037 Thread 0x00000150b32a2950 Thread added: 0x00000150b32a2950
Event: 0.037 Thread 0x00000150b32a3280 Thread added: 0x00000150b32a3280
Event: 0.037 Thread 0x00000150b32a3ee0 Thread added: 0x00000150b32a3ee0
Event: 0.041 Thread 0x00000150b3312fa0 Thread added: 0x00000150b3312fa0
Event: 0.042 Thread 0x00000150b3314530 Thread added: 0x00000150b3314530
Event: 0.063 Thread 0x00000150b7579030 Thread added: 0x00000150b7579030
Event: 0.066 Thread 0x00000150b757fe00 Thread added: 0x00000150b757fe00


Dynamic libraries:
0x00007ff633fb0000 - 0x00007ff633fc0000 	C:\Program Files\Java\jdk-19\bin\java.exe
0x00007ffb73840000 - 0x00007ffb73a49000 	C:\Windows\SYSTEM32\ntdll.dll
0x00007ffb72c50000 - 0x00007ffb72d0e000 	C:\Windows\System32\KERNEL32.DLL
0x00007ffb712d0000 - 0x00007ffb7164c000 	C:\Windows\System32\KERNELBASE.dll
0x00007ffb71050000 - 0x00007ffb71161000 	C:\Windows\System32\ucrtbase.dll
0x00007ffb6a1e0000 - 0x00007ffb6a1f8000 	C:\Program Files\Java\jdk-19\bin\jli.dll
0x00007ffb73200000 - 0x00007ffb732ae000 	C:\Windows\System32\ADVAPI32.dll
0x00007ffb72710000 - 0x00007ffb727b3000 	C:\Windows\System32\msvcrt.dll
0x00007ffb725f0000 - 0x00007ffb7268e000 	C:\Windows\System32\sechost.dll
0x00007ffb724d0000 - 0x00007ffb725f0000 	C:\Windows\System32\RPCRT4.dll
0x00007ffb72a90000 - 0x00007ffb72c3d000 	C:\Windows\System32\USER32.dll
0x00007ffb70d10000 - 0x00007ffb70d36000 	C:\Windows\System32\win32u.dll
0x00007ffb73450000 - 0x00007ffb73479000 	C:\Windows\System32\GDI32.dll
0x00007ffb70d40000 - 0x00007ffb70e58000 	C:\Windows\System32\gdi32full.dll
0x00007ffb71230000 - 0x00007ffb712cd000 	C:\Windows\System32\msvcp_win.dll
0x00007ffb69ed0000 - 0x00007ffb69eeb000 	C:\Program Files\Java\jdk-19\bin\VCRUNTIME140.dll
0x00007ffb62bb0000 - 0x00007ffb62e55000 	C:\Windows\WinSxS\amd64_microsoft.windows.common-controls_6595b64144ccf1df_6.0.22000.120_none_9d947278b86cc467\COMCTL32.dll
0x00007ffb6c210000 - 0x00007ffb6c21a000 	C:\Windows\SYSTEM32\VERSION.dll
0x00007ffb716d0000 - 0x00007ffb71702000 	C:\Windows\System32\IMM32.DLL
0x00007ffb6b9d0000 - 0x00007ffb6b9dc000 	C:\Program Files\Java\jdk-19\bin\vcruntime140_1.dll
0x00007ffb3a3d0000 - 0x00007ffb3a45e000 	C:\Program Files\Java\jdk-19\bin\msvcp140.dll
0x00007ffb377c0000 - 0x00007ffb38480000 	C:\Program Files\Java\jdk-19\bin\server\jvm.dll
0x00007ffb6a300000 - 0x00007ffb6a309000 	C:\Windows\SYSTEM32\WSOCK32.dll
0x00007ffb726a0000 - 0x00007ffb7270f000 	C:\Windows\System32\WS2_32.dll
0x00007ffb54870000 - 0x00007ffb548a3000 	C:\Windows\SYSTEM32\WINMM.dll
0x00007ffb6fd90000 - 0x00007ffb6fda8000 	C:\Windows\SYSTEM32\kernel.appcore.dll
0x00007ffb6a320000 - 0x00007ffb6a32a000 	C:\Program Files\Java\jdk-19\bin\jimage.dll
0x00007ffb6e910000 - 0x00007ffb6eb31000 	C:\Windows\SYSTEM32\DBGHELP.DLL
0x00007ffb6adc0000 - 0x00007ffb6adf1000 	C:\Windows\SYSTEM32\dbgcore.DLL
0x00007ffb70e60000 - 0x00007ffb70edf000 	C:\Windows\System32\bcryptPrimitives.dll
0x00007ffb69310000 - 0x00007ffb69336000 	C:\Program Files\Java\jdk-19\bin\java.dll
0x00007ffb38df0000 - 0x00007ffb38ec7000 	C:\Program Files\Java\jdk-19\bin\jsvml.dll
0x00007ffb71870000 - 0x00007ffb72035000 	C:\Windows\System32\SHELL32.dll
0x00007ffb6ecb0000 - 0x00007ffb6f515000 	C:\Windows\SYSTEM32\windows.storage.dll
0x00007ffb73480000 - 0x00007ffb737f8000 	C:\Windows\System32\combase.dll
0x00007ffb6eb40000 - 0x00007ffb6eca6000 	C:\Windows\SYSTEM32\wintypes.dll
0x00007ffb72260000 - 0x00007ffb7234a000 	C:\Windows\System32\SHCORE.dll
0x00007ffb72200000 - 0x00007ffb7225d000 	C:\Windows\System32\shlwapi.dll
0x00007ffb70c40000 - 0x00007ffb70c61000 	C:\Windows\SYSTEM32\profapi.dll
0x00007ffb692f0000 - 0x00007ffb69303000 	C:\Program Files\Java\jdk-19\bin\net.dll
0x00007ffb6bcc0000 - 0x00007ffb6bdd4000 	C:\Windows\SYSTEM32\WINHTTP.dll
0x00007ffb70230000 - 0x00007ffb70297000 	C:\Windows\system32\mswsock.dll
0x00007ffb601a0000 - 0x00007ffb601b6000 	C:\Program Files\Java\jdk-19\bin\nio.dll
0x00007ffb5da70000 - 0x00007ffb5da88000 	C:\Program Files\Java\jdk-19\bin\zip.dll
0x00007ffb6a280000 - 0x00007ffb6a290000 	C:\Program Files\Java\jdk-19\bin\verify.dll

dbghelp: loaded successfully - version: 4.0.5 - missing functions: none
symbol engine: initialized successfully - sym options: 0x614 - pdb path: .;C:\Program Files\Java\jdk-19\bin;C:\Windows\SYSTEM32;C:\Windows\WinSxS\amd64_microsoft.windows.common-controls_6595b64144ccf1df_6.0.22000.120_none_9d947278b86cc467;C:\Program Files\Java\jdk-19\bin\server

VM Arguments:
java_command: org.jetbrains.kotlin.cli.jvm.K2JVMCompiler @C:\Users\Mokinys15\Desktop\mokiniu darbai 10\4B Redas Domkus\MUZIEJUS\Muziejaus projektas\Muziejus\node_modules\react-native-gradle-plugin\build\20230302_7649403208812504550.compiler.options
java_class_path (initial): C:\Users\Mokinys15\.gradle\caches\modules-2\files-2.1\org.jetbrains.kotlin\kotlin-compiler-embeddable\1.6.10\88f2073f4020cdb83132cfe940ceb9a60aba54ea\kotlin-compiler-embeddable-1.6.10.jar;C:\Users\Mokinys15\.gradle\caches\modules-2\files-2.1\org.jetbrains.kotlin\kotlin-reflect\1.6.10\1cbe9c92c12a94eea200d23c2bbaedaf3daf5132\kotlin-reflect-1.6.10.jar;C:\Users\Mokinys15\.gradle\caches\modules-2\files-2.1\org.jetbrains.kotlin\kotlin-stdlib\1.6.10\b8af3fe6f1ca88526914929add63cf5e7c5049af\kotlin-stdlib-1.6.10.jar;C:\Users\Mokinys15\.gradle\caches\modules-2\files-2.1\org.jetbrains.kotlin\kotlin-script-runtime\1.6.10\d0a7ff2e2500ef497ed0214ae40ad3c8387a6164\kotlin-script-runtime-1.6.10.jar;C:\Users\Mokinys15\.gradle\caches\modules-2\files-2.1\org.jetbrains.kotlin\kotlin-daemon-embeddable\1.6.10\a56d79bcbea411fa6058e4ecffc2de73e742bd2a\kotlin-daemon-embeddable-1.6.10.jar;C:\Users\Mokinys15\.gradle\caches\modules-2\files-2.1\org.jetbrains.intellij.deps\trove4j\1.0.20181211\216c2e14b070f334479d800987affe4054cd563f\trove4j-1.0.20181211.jar;C:\Users\Mokinys15\.gradle\caches\modules-2\files-2.1\net.java.dev.jna\jna\5.6.0\330f2244e9030119ab3030fc3fededc86713d9cc\jna-5.6.0.jar;C:\Users\Mokinys15\.gradle\caches\modules-2\files-2.1\org.jetbrains\annotations\13.0\919f0dfe192fb4e063e7dacadee7f8bb9a2672a9\annotations-13.0.jar;C:\Users\Mokinys15\.gradle\caches\modules-2\files-2.1\org.jetbrains.kotlin\kotlin-stdlib-common\1.6.10\c118700e3a33c8a0d9adc920e9dec0831171925\kotlin-stdlib-common-1.6.10.jar
Launcher Type: SUN_STANDARD

[Global flags]
     intx CICompilerCount                          = 2                                         {product} {ergonomic}
     uint ConcGCThreads                            = 1                                         {product} {ergonomic}
     uint G1ConcRefinementThreads                  = 2                                         {product} {ergonomic}
   size_t G1HeapRegionSize                         = 1048576                                   {product} {ergonomic}
    uintx GCDrainStackTargetSize                   = 64                                        {product} {ergonomic}
   size_t InitialHeapSize                          = 67108864                                  {product} {ergonomic}
   size_t MarkStackSize                            = 4194304                                   {product} {ergonomic}
   size_t MaxHeapSize                              = 1052770304                                {product} {ergonomic}
   size_t MaxNewSize                               = 631242752                                 {product} {ergonomic}
   size_t MinHeapDeltaBytes                        = 1048576                                   {product} {ergonomic}
   size_t MinHeapSize                              = 8388608                                   {product} {ergonomic}
    uintx NonNMethodCodeHeapSize                   = 5826188                                {pd product} {ergonomic}
    uintx NonProfiledCodeHeapSize                  = 122916026                              {pd product} {ergonomic}
    uintx ProfiledCodeHeapSize                     = 122916026                              {pd product} {ergonomic}
    uintx ReservedCodeCacheSize                    = 251658240                              {pd product} {ergonomic}
     bool SegmentedCodeCache                       = true                                      {product} {ergonomic}
   size_t SoftMaxHeapSize                          = 1052770304                             {manageable} {ergonomic}
     bool UseCompressedClassPointers               = true                           {product lp64_product} {ergonomic}
     bool UseCompressedOops                        = true                           {product lp64_product} {ergonomic}
     bool UseG1GC                                  = true                                      {product} {ergonomic}
     bool UseLargePagesIndividualAllocation        = false                                  {pd product} {ergonomic}

Logging:
Log output configuration:
 #0: stdout all=warning uptime,level,tags foldmultilines=false
 #1: stderr all=off uptime,level,tags foldmultilines=false

Environment Variables:
JAVA_HOME=C:\Program Files\Java\jdk-19
CLASSPATH=C:\Users\Mokinys15\Desktop\mokiniu darbai 10\4B Redas Domkus\MUZIEJUS\Muziejaus projektas\Muziejus\android\\gradle\wrapper\gradle-wrapper.jar
PATH=C:\Users\Mokinys15\Desktop\mokiniu darbai 10\4B Redas Domkus\MUZIEJUS\Muziejaus projektas\Muziejus\android\node_modules\.bin;C:\Users\Mokinys15\Desktop\mokiniu darbai 10\4B Redas Domkus\MUZIEJUS\Muziejaus projektas\Muziejus\node_modules\.bin;C:\Users\Mokinys15\Desktop\mokiniu darbai 10\4B Redas Domkus\MUZIEJUS\Muziejaus projektas\node_modules\.bin;C:\Users\Mokinys15\Desktop\mokiniu darbai 10\4B Redas Domkus\MUZIEJUS\node_modules\.bin;C:\Users\Mokinys15\Desktop\mokiniu darbai 10\4B Redas Domkus\node_modules\.bin;C:\Users\Mokinys15\Desktop\mokiniu darbai 10\node_modules\.bin;C:\Users\Mokinys15\Desktop\node_modules\.bin;C:\Users\Mokinys15\node_modules\.bin;C:\Users\node_modules\.bin;C:\node_modules\.bin;C:\Program Files\nodejs;C:\Users\Mokinys15\Desktop\mokiniu darbai 10\4B Redas Domkus\MUZIEJUS\Muziejaus projektas\Muziejus\node_modules\.bin;C:\Users\Mokinys15\Desktop\mokiniu darbai 10\4B Redas Domkus\MUZIEJUS\Muziejaus projektas\Muziejus\node_modules\.bin;C:\Users\Mokinys15\Desktop\mokiniu darbai 10\4B Redas Domkus\MUZIEJUS\Muziejaus projektas\node_modules\.bin;C:\Users\Mokinys15\Desktop\mokiniu darbai 10\4B Redas Domkus\MUZIEJUS\node_modules\.bin;C:\Users\Mokinys15\Desktop\mokiniu darbai 10\4B Redas Domkus\node_modules\.bin;C:\Users\Mokinys15\Desktop\mokiniu darbai 10\node_modules\.bin;C:\Users\Mokinys15\Desktop\node_modules\.bin;C:\Users\Mokinys15\node_modules\.bin;C:\Users\node_modules\.bin;C:\node_modules\.bin;C:\Users\Mokinys15\AppData\Roaming\npm\node_modules\npm\node_modules\@npmcli\run-script\lib\node-gyp-bin;C:\Program Files\Common Files\Oracle\Java\javapath;C:\Program Files\Python38\Scripts\;C:\Program Files\Python38\;C:\Windows\system32;C:\Windows;C:\Windows\System32\Wbem;C:\Windows\System32\WindowsPowerShell\v1.0\;C:\Windows\System32\OpenSSH\;C:\Program Files\nodejs\;C:\Users\Mokinys15\Desktop\mokiniu darbai 10\4B Redas Domkus\MUZIEJUS\platform-tools;C:\Users\Mokinys15\AppData\Local\Microsoft\WindowsApps;C:\Users\Mokinys15\AppData\Roaming\npm;C:\Users\Mokinys15\AppData\Local\Programs\Microsoft VS Code\bin
USERNAME=Mokinys15
LANG=en_US.UTF-8
OS=Windows_NT
PROCESSOR_IDENTIFIER=Intel64 Family 6 Model 94 Stepping 3, GenuineIntel
TMP=C:\Users\MOKINY~1\AppData\Local\Temp
TEMP=C:\Users\MOKINY~1\AppData\Local\Temp



---------------  S Y S T E M  ---------------

OS:
 Windows 11 , 64 bit Build 22000 (10.0.22000.1516)
OS uptime: 10 days 3:47 hours

CPU: total 2 (initial active 2) (2 cores per cpu, 1 threads per core) family 6 model 94 stepping 3 microcode 0xd6, cx8, cmov, fxsr, mmx, 3dnowpref, sse, sse2, sse3, ssse3, sse4.1, sse4.2, popcnt, lzcnt, tsc, tscinvbit, aes, erms, clmul, clflush, clflushopt, rdtscp

Memory: 4k page, system-wide physical 4010M (365M free)
TotalPageFile size 16298M (AvailPageFile size 1M)
current process WorkingSet (physical memory assigned to process): 219M, peak: 219M
current process commit charge ("private bytes"): 310M, peak: 310M

vm_info: Java HotSpot(TM) 64-Bit Server VM (19.0.2+7-44) for windows-amd64 JRE (19.0.2+7-44), built on 2022-11-30T18:02:09Z by "mach5one" with MS VC++ 17.1 (VS2022)

END.
